[2025-05-31T00:04:22.211+0000] {processor.py:157} INFO - Started process (PID=29005) to work on /opt/airflow/dags/cancellations_etl_dag.py
[2025-05-31T00:04:22.214+0000] {processor.py:829} INFO - Processing file /opt/airflow/dags/cancellations_etl_dag.py for tasks to queue
[2025-05-31T00:04:22.216+0000] {logging_mixin.py:151} INFO - [2025-05-31T00:04:22.215+0000] {dagbag.py:539} INFO - Filling up the DagBag from /opt/airflow/dags/cancellations_etl_dag.py
[2025-05-31T00:04:22.546+0000] {logging_mixin.py:151} INFO - Cancellations ETL DAG has been defined.
[2025-05-31T00:04:22.552+0000] {processor.py:839} INFO - DAG(s) dict_keys(['cancellations_etl_dag']) retrieved from /opt/airflow/dags/cancellations_etl_dag.py
[2025-05-31T00:04:22.621+0000] {logging_mixin.py:151} INFO - [2025-05-31T00:04:22.620+0000] {dag.py:2915} INFO - Sync 1 DAGs
[2025-05-31T00:04:22.674+0000] {logging_mixin.py:151} INFO - [2025-05-31T00:04:22.673+0000] {dag.py:3696} INFO - Setting next_dagrun for cancellations_etl_dag to 2025-05-31T00:00:00+00:00, run_after=2025-06-01T00:00:00+00:00
[2025-05-31T00:04:22.708+0000] {processor.py:179} INFO - Processing /opt/airflow/dags/cancellations_etl_dag.py took 0.500 seconds
[2025-05-31T00:45:03.060+0000] {processor.py:157} INFO - Started process (PID=29035) to work on /opt/airflow/dags/cancellations_etl_dag.py
[2025-05-31T00:45:03.061+0000] {processor.py:829} INFO - Processing file /opt/airflow/dags/cancellations_etl_dag.py for tasks to queue
[2025-05-31T00:45:03.062+0000] {logging_mixin.py:151} INFO - [2025-05-31T00:45:03.062+0000] {dagbag.py:539} INFO - Filling up the DagBag from /opt/airflow/dags/cancellations_etl_dag.py
[2025-05-31T00:45:03.248+0000] {logging_mixin.py:151} INFO - Cancellations ETL DAG has been defined.
[2025-05-31T00:45:03.251+0000] {processor.py:839} INFO - DAG(s) dict_keys(['cancellations_etl_dag']) retrieved from /opt/airflow/dags/cancellations_etl_dag.py
[2025-05-31T00:45:03.270+0000] {logging_mixin.py:151} INFO - [2025-05-31T00:45:03.270+0000] {dag.py:2915} INFO - Sync 1 DAGs
[2025-05-31T00:45:03.283+0000] {logging_mixin.py:151} INFO - [2025-05-31T00:45:03.283+0000] {dag.py:3696} INFO - Setting next_dagrun for cancellations_etl_dag to 2025-05-31T00:00:00+00:00, run_after=2025-06-01T00:00:00+00:00
[2025-05-31T00:45:03.292+0000] {processor.py:179} INFO - Processing /opt/airflow/dags/cancellations_etl_dag.py took 0.238 seconds
[2025-05-31T01:18:46.624+0000] {processor.py:157} INFO - Started process (PID=29055) to work on /opt/airflow/dags/cancellations_etl_dag.py
[2025-05-31T01:18:46.625+0000] {processor.py:829} INFO - Processing file /opt/airflow/dags/cancellations_etl_dag.py for tasks to queue
[2025-05-31T01:18:46.625+0000] {logging_mixin.py:151} INFO - [2025-05-31T01:18:46.625+0000] {dagbag.py:539} INFO - Filling up the DagBag from /opt/airflow/dags/cancellations_etl_dag.py
[2025-05-31T01:18:46.823+0000] {logging_mixin.py:151} INFO - Cancellations ETL DAG has been defined.
[2025-05-31T01:18:46.827+0000] {processor.py:839} INFO - DAG(s) dict_keys(['cancellations_etl_dag']) retrieved from /opt/airflow/dags/cancellations_etl_dag.py
[2025-05-31T01:18:46.858+0000] {logging_mixin.py:151} INFO - [2025-05-31T01:18:46.857+0000] {dag.py:2915} INFO - Sync 1 DAGs
[2025-05-31T01:18:46.882+0000] {logging_mixin.py:151} INFO - [2025-05-31T01:18:46.881+0000] {dag.py:3696} INFO - Setting next_dagrun for cancellations_etl_dag to 2025-05-31T00:00:00+00:00, run_after=2025-06-01T00:00:00+00:00
[2025-05-31T01:18:46.901+0000] {processor.py:179} INFO - Processing /opt/airflow/dags/cancellations_etl_dag.py took 0.281 seconds
[2025-05-31T01:46:13.969+0000] {processor.py:157} INFO - Started process (PID=29073) to work on /opt/airflow/dags/cancellations_etl_dag.py
[2025-05-31T01:46:13.970+0000] {processor.py:829} INFO - Processing file /opt/airflow/dags/cancellations_etl_dag.py for tasks to queue
[2025-05-31T01:46:13.971+0000] {logging_mixin.py:151} INFO - [2025-05-31T01:46:13.971+0000] {dagbag.py:539} INFO - Filling up the DagBag from /opt/airflow/dags/cancellations_etl_dag.py
[2025-05-31T01:46:14.172+0000] {logging_mixin.py:151} INFO - Cancellations ETL DAG has been defined.
[2025-05-31T01:46:14.175+0000] {processor.py:839} INFO - DAG(s) dict_keys(['cancellations_etl_dag']) retrieved from /opt/airflow/dags/cancellations_etl_dag.py
[2025-05-31T01:46:14.209+0000] {logging_mixin.py:151} INFO - [2025-05-31T01:46:14.209+0000] {dag.py:2915} INFO - Sync 1 DAGs
[2025-05-31T01:46:14.235+0000] {logging_mixin.py:151} INFO - [2025-05-31T01:46:14.234+0000] {dag.py:3696} INFO - Setting next_dagrun for cancellations_etl_dag to 2025-05-31T00:00:00+00:00, run_after=2025-06-01T00:00:00+00:00
[2025-05-31T01:46:14.251+0000] {processor.py:179} INFO - Processing /opt/airflow/dags/cancellations_etl_dag.py took 0.284 seconds
[2025-05-31T02:25:51.956+0000] {processor.py:157} INFO - Started process (PID=29089) to work on /opt/airflow/dags/cancellations_etl_dag.py
[2025-05-31T02:25:51.957+0000] {processor.py:829} INFO - Processing file /opt/airflow/dags/cancellations_etl_dag.py for tasks to queue
[2025-05-31T02:25:51.958+0000] {logging_mixin.py:151} INFO - [2025-05-31T02:25:51.958+0000] {dagbag.py:539} INFO - Filling up the DagBag from /opt/airflow/dags/cancellations_etl_dag.py
[2025-05-31T02:25:52.155+0000] {logging_mixin.py:151} INFO - Cancellations ETL DAG has been defined.
[2025-05-31T02:25:52.157+0000] {processor.py:839} INFO - DAG(s) dict_keys(['cancellations_etl_dag']) retrieved from /opt/airflow/dags/cancellations_etl_dag.py
[2025-05-31T02:25:52.171+0000] {logging_mixin.py:151} INFO - [2025-05-31T02:25:52.171+0000] {dag.py:2915} INFO - Sync 1 DAGs
[2025-05-31T02:25:52.184+0000] {logging_mixin.py:151} INFO - [2025-05-31T02:25:52.184+0000] {dag.py:3696} INFO - Setting next_dagrun for cancellations_etl_dag to 2025-05-31T00:00:00+00:00, run_after=2025-06-01T00:00:00+00:00
[2025-05-31T02:25:52.193+0000] {processor.py:179} INFO - Processing /opt/airflow/dags/cancellations_etl_dag.py took 0.245 seconds
[2025-05-31T02:59:24.474+0000] {processor.py:157} INFO - Started process (PID=29109) to work on /opt/airflow/dags/cancellations_etl_dag.py
[2025-05-31T02:59:24.474+0000] {processor.py:829} INFO - Processing file /opt/airflow/dags/cancellations_etl_dag.py for tasks to queue
[2025-05-31T02:59:24.475+0000] {logging_mixin.py:151} INFO - [2025-05-31T02:59:24.475+0000] {dagbag.py:539} INFO - Filling up the DagBag from /opt/airflow/dags/cancellations_etl_dag.py
[2025-05-31T02:59:24.654+0000] {logging_mixin.py:151} INFO - Cancellations ETL DAG has been defined.
[2025-05-31T02:59:24.657+0000] {processor.py:839} INFO - DAG(s) dict_keys(['cancellations_etl_dag']) retrieved from /opt/airflow/dags/cancellations_etl_dag.py
[2025-05-31T02:59:24.677+0000] {logging_mixin.py:151} INFO - [2025-05-31T02:59:24.676+0000] {dag.py:2915} INFO - Sync 1 DAGs
[2025-05-31T02:59:24.692+0000] {logging_mixin.py:151} INFO - [2025-05-31T02:59:24.692+0000] {dag.py:3696} INFO - Setting next_dagrun for cancellations_etl_dag to 2025-05-31T00:00:00+00:00, run_after=2025-06-01T00:00:00+00:00
[2025-05-31T02:59:24.705+0000] {processor.py:179} INFO - Processing /opt/airflow/dags/cancellations_etl_dag.py took 0.234 seconds
[2025-05-31T04:07:43.821+0000] {processor.py:157} INFO - Started process (PID=29127) to work on /opt/airflow/dags/cancellations_etl_dag.py
[2025-05-31T04:07:43.822+0000] {processor.py:829} INFO - Processing file /opt/airflow/dags/cancellations_etl_dag.py for tasks to queue
[2025-05-31T04:07:43.823+0000] {logging_mixin.py:151} INFO - [2025-05-31T04:07:43.823+0000] {dagbag.py:539} INFO - Filling up the DagBag from /opt/airflow/dags/cancellations_etl_dag.py
[2025-05-31T04:07:43.997+0000] {logging_mixin.py:151} INFO - Cancellations ETL DAG has been defined.
[2025-05-31T04:07:44.000+0000] {processor.py:839} INFO - DAG(s) dict_keys(['cancellations_etl_dag']) retrieved from /opt/airflow/dags/cancellations_etl_dag.py
[2025-05-31T04:07:44.015+0000] {logging_mixin.py:151} INFO - [2025-05-31T04:07:44.015+0000] {dag.py:2915} INFO - Sync 1 DAGs
[2025-05-31T04:07:44.027+0000] {logging_mixin.py:151} INFO - [2025-05-31T04:07:44.027+0000] {dag.py:3696} INFO - Setting next_dagrun for cancellations_etl_dag to 2025-05-31T00:00:00+00:00, run_after=2025-06-01T00:00:00+00:00
[2025-05-31T04:07:44.036+0000] {processor.py:179} INFO - Processing /opt/airflow/dags/cancellations_etl_dag.py took 0.219 seconds
[2025-05-31T04:08:14.701+0000] {processor.py:157} INFO - Started process (PID=29145) to work on /opt/airflow/dags/cancellations_etl_dag.py
[2025-05-31T04:08:14.702+0000] {processor.py:829} INFO - Processing file /opt/airflow/dags/cancellations_etl_dag.py for tasks to queue
[2025-05-31T04:08:14.703+0000] {logging_mixin.py:151} INFO - [2025-05-31T04:08:14.702+0000] {dagbag.py:539} INFO - Filling up the DagBag from /opt/airflow/dags/cancellations_etl_dag.py
[2025-05-31T04:08:14.922+0000] {logging_mixin.py:151} INFO - Cancellations ETL DAG has been defined.
[2025-05-31T04:08:14.925+0000] {processor.py:839} INFO - DAG(s) dict_keys(['cancellations_etl_dag']) retrieved from /opt/airflow/dags/cancellations_etl_dag.py
[2025-05-31T04:08:14.959+0000] {logging_mixin.py:151} INFO - [2025-05-31T04:08:14.958+0000] {dag.py:2915} INFO - Sync 1 DAGs
[2025-05-31T04:08:14.976+0000] {logging_mixin.py:151} INFO - [2025-05-31T04:08:14.976+0000] {dag.py:3696} INFO - Setting next_dagrun for cancellations_etl_dag to 2025-05-31T00:00:00+00:00, run_after=2025-06-01T00:00:00+00:00
[2025-05-31T04:08:14.994+0000] {processor.py:179} INFO - Processing /opt/airflow/dags/cancellations_etl_dag.py took 0.296 seconds
[2025-05-31T05:15:30.666+0000] {processor.py:157} INFO - Started process (PID=29163) to work on /opt/airflow/dags/cancellations_etl_dag.py
[2025-05-31T05:15:30.667+0000] {processor.py:829} INFO - Processing file /opt/airflow/dags/cancellations_etl_dag.py for tasks to queue
[2025-05-31T05:15:30.669+0000] {logging_mixin.py:151} INFO - [2025-05-31T05:15:30.668+0000] {dagbag.py:539} INFO - Filling up the DagBag from /opt/airflow/dags/cancellations_etl_dag.py
[2025-05-31T05:15:30.888+0000] {logging_mixin.py:151} INFO - Cancellations ETL DAG has been defined.
[2025-05-31T05:15:30.893+0000] {processor.py:839} INFO - DAG(s) dict_keys(['cancellations_etl_dag']) retrieved from /opt/airflow/dags/cancellations_etl_dag.py
[2025-05-31T05:15:30.917+0000] {logging_mixin.py:151} INFO - [2025-05-31T05:15:30.916+0000] {dag.py:2915} INFO - Sync 1 DAGs
[2025-05-31T05:15:30.936+0000] {logging_mixin.py:151} INFO - [2025-05-31T05:15:30.935+0000] {dag.py:3696} INFO - Setting next_dagrun for cancellations_etl_dag to 2025-05-31T00:00:00+00:00, run_after=2025-06-01T00:00:00+00:00
[2025-05-31T05:15:30.951+0000] {processor.py:179} INFO - Processing /opt/airflow/dags/cancellations_etl_dag.py took 0.289 seconds
[2025-05-31T05:40:48.724+0000] {processor.py:157} INFO - Started process (PID=29181) to work on /opt/airflow/dags/cancellations_etl_dag.py
[2025-05-31T05:40:48.725+0000] {processor.py:829} INFO - Processing file /opt/airflow/dags/cancellations_etl_dag.py for tasks to queue
[2025-05-31T05:40:48.726+0000] {logging_mixin.py:151} INFO - [2025-05-31T05:40:48.726+0000] {dagbag.py:539} INFO - Filling up the DagBag from /opt/airflow/dags/cancellations_etl_dag.py
[2025-05-31T05:40:48.927+0000] {logging_mixin.py:151} INFO - Cancellations ETL DAG has been defined.
[2025-05-31T05:40:48.929+0000] {processor.py:839} INFO - DAG(s) dict_keys(['cancellations_etl_dag']) retrieved from /opt/airflow/dags/cancellations_etl_dag.py
[2025-05-31T05:40:48.954+0000] {logging_mixin.py:151} INFO - [2025-05-31T05:40:48.953+0000] {dag.py:2915} INFO - Sync 1 DAGs
[2025-05-31T05:40:48.967+0000] {logging_mixin.py:151} INFO - [2025-05-31T05:40:48.967+0000] {dag.py:3696} INFO - Setting next_dagrun for cancellations_etl_dag to 2025-05-31T00:00:00+00:00, run_after=2025-06-01T00:00:00+00:00
[2025-05-31T05:40:48.975+0000] {processor.py:179} INFO - Processing /opt/airflow/dags/cancellations_etl_dag.py took 0.255 seconds
[2025-05-31T06:31:14.913+0000] {processor.py:157} INFO - Started process (PID=29201) to work on /opt/airflow/dags/cancellations_etl_dag.py
[2025-05-31T06:31:14.914+0000] {processor.py:829} INFO - Processing file /opt/airflow/dags/cancellations_etl_dag.py for tasks to queue
[2025-05-31T06:31:14.915+0000] {logging_mixin.py:151} INFO - [2025-05-31T06:31:14.915+0000] {dagbag.py:539} INFO - Filling up the DagBag from /opt/airflow/dags/cancellations_etl_dag.py
[2025-05-31T06:31:15.167+0000] {logging_mixin.py:151} INFO - Cancellations ETL DAG has been defined.
[2025-05-31T06:31:15.171+0000] {processor.py:839} INFO - DAG(s) dict_keys(['cancellations_etl_dag']) retrieved from /opt/airflow/dags/cancellations_etl_dag.py
[2025-05-31T06:31:15.199+0000] {logging_mixin.py:151} INFO - [2025-05-31T06:31:15.197+0000] {dag.py:2915} INFO - Sync 1 DAGs
[2025-05-31T06:31:15.223+0000] {logging_mixin.py:151} INFO - [2025-05-31T06:31:15.223+0000] {dag.py:3696} INFO - Setting next_dagrun for cancellations_etl_dag to 2025-05-31T00:00:00+00:00, run_after=2025-06-01T00:00:00+00:00
[2025-05-31T06:31:15.242+0000] {processor.py:179} INFO - Processing /opt/airflow/dags/cancellations_etl_dag.py took 0.332 seconds
[2025-05-31T06:31:52.891+0000] {processor.py:157} INFO - Started process (PID=29219) to work on /opt/airflow/dags/cancellations_etl_dag.py
[2025-05-31T06:31:52.892+0000] {processor.py:829} INFO - Processing file /opt/airflow/dags/cancellations_etl_dag.py for tasks to queue
[2025-05-31T06:31:52.893+0000] {logging_mixin.py:151} INFO - [2025-05-31T06:31:52.893+0000] {dagbag.py:539} INFO - Filling up the DagBag from /opt/airflow/dags/cancellations_etl_dag.py
[2025-05-31T06:31:53.095+0000] {logging_mixin.py:151} INFO - Cancellations ETL DAG has been defined.
[2025-05-31T06:31:53.097+0000] {processor.py:839} INFO - DAG(s) dict_keys(['cancellations_etl_dag']) retrieved from /opt/airflow/dags/cancellations_etl_dag.py
[2025-05-31T06:31:53.119+0000] {logging_mixin.py:151} INFO - [2025-05-31T06:31:53.119+0000] {dag.py:2915} INFO - Sync 1 DAGs
[2025-05-31T06:31:53.134+0000] {logging_mixin.py:151} INFO - [2025-05-31T06:31:53.134+0000] {dag.py:3696} INFO - Setting next_dagrun for cancellations_etl_dag to 2025-05-31T00:00:00+00:00, run_after=2025-06-01T00:00:00+00:00
[2025-05-31T06:31:53.144+0000] {processor.py:179} INFO - Processing /opt/airflow/dags/cancellations_etl_dag.py took 0.256 seconds
[2025-05-31T07:24:24.530+0000] {processor.py:157} INFO - Started process (PID=29237) to work on /opt/airflow/dags/cancellations_etl_dag.py
[2025-05-31T07:24:24.530+0000] {processor.py:829} INFO - Processing file /opt/airflow/dags/cancellations_etl_dag.py for tasks to queue
[2025-05-31T07:24:24.531+0000] {logging_mixin.py:151} INFO - [2025-05-31T07:24:24.531+0000] {dagbag.py:539} INFO - Filling up the DagBag from /opt/airflow/dags/cancellations_etl_dag.py
[2025-05-31T07:24:24.762+0000] {logging_mixin.py:151} INFO - Cancellations ETL DAG has been defined.
[2025-05-31T07:24:24.764+0000] {processor.py:839} INFO - DAG(s) dict_keys(['cancellations_etl_dag']) retrieved from /opt/airflow/dags/cancellations_etl_dag.py
[2025-05-31T07:24:24.784+0000] {logging_mixin.py:151} INFO - [2025-05-31T07:24:24.784+0000] {dag.py:2915} INFO - Sync 1 DAGs
[2025-05-31T07:24:24.801+0000] {logging_mixin.py:151} INFO - [2025-05-31T07:24:24.801+0000] {dag.py:3696} INFO - Setting next_dagrun for cancellations_etl_dag to 2025-05-31T00:00:00+00:00, run_after=2025-06-01T00:00:00+00:00
[2025-05-31T07:24:24.816+0000] {processor.py:179} INFO - Processing /opt/airflow/dags/cancellations_etl_dag.py took 0.291 seconds
[2025-05-31T07:40:32.530+0000] {processor.py:157} INFO - Started process (PID=29255) to work on /opt/airflow/dags/cancellations_etl_dag.py
[2025-05-31T07:40:32.531+0000] {processor.py:829} INFO - Processing file /opt/airflow/dags/cancellations_etl_dag.py for tasks to queue
[2025-05-31T07:40:32.531+0000] {logging_mixin.py:151} INFO - [2025-05-31T07:40:32.531+0000] {dagbag.py:539} INFO - Filling up the DagBag from /opt/airflow/dags/cancellations_etl_dag.py
[2025-05-31T07:40:32.677+0000] {logging_mixin.py:151} INFO - Cancellations ETL DAG has been defined.
[2025-05-31T07:40:32.679+0000] {processor.py:839} INFO - DAG(s) dict_keys(['cancellations_etl_dag']) retrieved from /opt/airflow/dags/cancellations_etl_dag.py
[2025-05-31T07:40:32.697+0000] {logging_mixin.py:151} INFO - [2025-05-31T07:40:32.697+0000] {dag.py:2915} INFO - Sync 1 DAGs
[2025-05-31T07:40:32.710+0000] {logging_mixin.py:151} INFO - [2025-05-31T07:40:32.710+0000] {dag.py:3696} INFO - Setting next_dagrun for cancellations_etl_dag to 2025-05-31T00:00:00+00:00, run_after=2025-06-01T00:00:00+00:00
[2025-05-31T07:40:32.720+0000] {processor.py:179} INFO - Processing /opt/airflow/dags/cancellations_etl_dag.py took 0.192 seconds
[2025-05-31T08:00:17.557+0000] {processor.py:157} INFO - Started process (PID=29275) to work on /opt/airflow/dags/cancellations_etl_dag.py
[2025-05-31T08:00:17.557+0000] {processor.py:829} INFO - Processing file /opt/airflow/dags/cancellations_etl_dag.py for tasks to queue
[2025-05-31T08:00:17.558+0000] {logging_mixin.py:151} INFO - [2025-05-31T08:00:17.558+0000] {dagbag.py:539} INFO - Filling up the DagBag from /opt/airflow/dags/cancellations_etl_dag.py
[2025-05-31T08:00:17.705+0000] {logging_mixin.py:151} INFO - Cancellations ETL DAG has been defined.
[2025-05-31T08:00:17.707+0000] {processor.py:839} INFO - DAG(s) dict_keys(['cancellations_etl_dag']) retrieved from /opt/airflow/dags/cancellations_etl_dag.py
[2025-05-31T08:00:17.723+0000] {logging_mixin.py:151} INFO - [2025-05-31T08:00:17.723+0000] {dag.py:2915} INFO - Sync 1 DAGs
[2025-05-31T08:00:17.735+0000] {logging_mixin.py:151} INFO - [2025-05-31T08:00:17.735+0000] {dag.py:3696} INFO - Setting next_dagrun for cancellations_etl_dag to 2025-05-31T00:00:00+00:00, run_after=2025-06-01T00:00:00+00:00
[2025-05-31T08:00:17.743+0000] {processor.py:179} INFO - Processing /opt/airflow/dags/cancellations_etl_dag.py took 0.189 seconds
[2025-05-31T08:35:11.810+0000] {processor.py:157} INFO - Started process (PID=29293) to work on /opt/airflow/dags/cancellations_etl_dag.py
[2025-05-31T08:35:11.811+0000] {processor.py:829} INFO - Processing file /opt/airflow/dags/cancellations_etl_dag.py for tasks to queue
[2025-05-31T08:35:11.812+0000] {logging_mixin.py:151} INFO - [2025-05-31T08:35:11.812+0000] {dagbag.py:539} INFO - Filling up the DagBag from /opt/airflow/dags/cancellations_etl_dag.py
[2025-05-31T08:35:12.001+0000] {logging_mixin.py:151} INFO - Cancellations ETL DAG has been defined.
[2025-05-31T08:35:12.005+0000] {processor.py:839} INFO - DAG(s) dict_keys(['cancellations_etl_dag']) retrieved from /opt/airflow/dags/cancellations_etl_dag.py
[2025-05-31T08:35:12.040+0000] {logging_mixin.py:151} INFO - [2025-05-31T08:35:12.039+0000] {dag.py:2915} INFO - Sync 1 DAGs
[2025-05-31T08:35:12.060+0000] {logging_mixin.py:151} INFO - [2025-05-31T08:35:12.060+0000] {dag.py:3696} INFO - Setting next_dagrun for cancellations_etl_dag to 2025-05-31T00:00:00+00:00, run_after=2025-06-01T00:00:00+00:00
[2025-05-31T08:35:12.070+0000] {processor.py:179} INFO - Processing /opt/airflow/dags/cancellations_etl_dag.py took 0.263 seconds
[2025-05-31T08:42:04.527+0000] {processor.py:157} INFO - Started process (PID=29311) to work on /opt/airflow/dags/cancellations_etl_dag.py
[2025-05-31T08:42:04.528+0000] {processor.py:829} INFO - Processing file /opt/airflow/dags/cancellations_etl_dag.py for tasks to queue
[2025-05-31T08:42:04.529+0000] {logging_mixin.py:151} INFO - [2025-05-31T08:42:04.529+0000] {dagbag.py:539} INFO - Filling up the DagBag from /opt/airflow/dags/cancellations_etl_dag.py
[2025-05-31T08:42:04.728+0000] {logging_mixin.py:151} INFO - Cancellations ETL DAG has been defined.
[2025-05-31T08:42:04.730+0000] {processor.py:839} INFO - DAG(s) dict_keys(['cancellations_etl_dag']) retrieved from /opt/airflow/dags/cancellations_etl_dag.py
[2025-05-31T08:42:04.755+0000] {logging_mixin.py:151} INFO - [2025-05-31T08:42:04.755+0000] {dag.py:2915} INFO - Sync 1 DAGs
[2025-05-31T08:42:04.774+0000] {logging_mixin.py:151} INFO - [2025-05-31T08:42:04.773+0000] {dag.py:3696} INFO - Setting next_dagrun for cancellations_etl_dag to 2025-05-31T00:00:00+00:00, run_after=2025-06-01T00:00:00+00:00
[2025-05-31T08:42:04.787+0000] {processor.py:179} INFO - Processing /opt/airflow/dags/cancellations_etl_dag.py took 0.266 seconds
[2025-05-31T09:31:22.467+0000] {processor.py:157} INFO - Started process (PID=29330) to work on /opt/airflow/dags/cancellations_etl_dag.py
[2025-05-31T09:31:22.469+0000] {processor.py:829} INFO - Processing file /opt/airflow/dags/cancellations_etl_dag.py for tasks to queue
[2025-05-31T09:31:22.470+0000] {logging_mixin.py:151} INFO - [2025-05-31T09:31:22.469+0000] {dagbag.py:539} INFO - Filling up the DagBag from /opt/airflow/dags/cancellations_etl_dag.py
[2025-05-31T09:31:22.851+0000] {logging_mixin.py:151} INFO - Cancellations ETL DAG has been defined.
[2025-05-31T09:31:22.854+0000] {processor.py:839} INFO - DAG(s) dict_keys(['cancellations_etl_dag']) retrieved from /opt/airflow/dags/cancellations_etl_dag.py
[2025-05-31T09:31:22.880+0000] {logging_mixin.py:151} INFO - [2025-05-31T09:31:22.879+0000] {dag.py:2915} INFO - Sync 1 DAGs
[2025-05-31T09:31:22.898+0000] {logging_mixin.py:151} INFO - [2025-05-31T09:31:22.897+0000] {dag.py:3696} INFO - Setting next_dagrun for cancellations_etl_dag to 2025-05-31T00:00:00+00:00, run_after=2025-06-01T00:00:00+00:00
[2025-05-31T09:31:22.913+0000] {processor.py:179} INFO - Processing /opt/airflow/dags/cancellations_etl_dag.py took 0.452 seconds
[2025-05-31T09:43:00.236+0000] {processor.py:157} INFO - Started process (PID=29349) to work on /opt/airflow/dags/cancellations_etl_dag.py
[2025-05-31T09:43:00.237+0000] {processor.py:829} INFO - Processing file /opt/airflow/dags/cancellations_etl_dag.py for tasks to queue
[2025-05-31T09:43:00.238+0000] {logging_mixin.py:151} INFO - [2025-05-31T09:43:00.237+0000] {dagbag.py:539} INFO - Filling up the DagBag from /opt/airflow/dags/cancellations_etl_dag.py
[2025-05-31T09:43:00.426+0000] {logging_mixin.py:151} INFO - Cancellations ETL DAG has been defined.
[2025-05-31T09:43:00.429+0000] {processor.py:839} INFO - DAG(s) dict_keys(['cancellations_etl_dag']) retrieved from /opt/airflow/dags/cancellations_etl_dag.py
[2025-05-31T09:43:00.454+0000] {logging_mixin.py:151} INFO - [2025-05-31T09:43:00.453+0000] {dag.py:2915} INFO - Sync 1 DAGs
[2025-05-31T09:43:00.470+0000] {logging_mixin.py:151} INFO - [2025-05-31T09:43:00.470+0000] {dag.py:3696} INFO - Setting next_dagrun for cancellations_etl_dag to 2025-05-31T00:00:00+00:00, run_after=2025-06-01T00:00:00+00:00
[2025-05-31T09:43:00.486+0000] {processor.py:179} INFO - Processing /opt/airflow/dags/cancellations_etl_dag.py took 0.252 seconds
[2025-05-31T10:18:01.462+0000] {processor.py:157} INFO - Started process (PID=29367) to work on /opt/airflow/dags/cancellations_etl_dag.py
[2025-05-31T10:18:01.463+0000] {processor.py:829} INFO - Processing file /opt/airflow/dags/cancellations_etl_dag.py for tasks to queue
[2025-05-31T10:18:01.463+0000] {logging_mixin.py:151} INFO - [2025-05-31T10:18:01.463+0000] {dagbag.py:539} INFO - Filling up the DagBag from /opt/airflow/dags/cancellations_etl_dag.py
[2025-05-31T10:18:01.718+0000] {logging_mixin.py:151} INFO - Cancellations ETL DAG has been defined.
[2025-05-31T10:18:01.723+0000] {processor.py:839} INFO - DAG(s) dict_keys(['cancellations_etl_dag']) retrieved from /opt/airflow/dags/cancellations_etl_dag.py
[2025-05-31T10:18:01.767+0000] {logging_mixin.py:151} INFO - [2025-05-31T10:18:01.766+0000] {dag.py:2915} INFO - Sync 1 DAGs
[2025-05-31T10:18:01.793+0000] {logging_mixin.py:151} INFO - [2025-05-31T10:18:01.793+0000] {dag.py:3696} INFO - Setting next_dagrun for cancellations_etl_dag to 2025-05-31T00:00:00+00:00, run_after=2025-06-01T00:00:00+00:00
[2025-05-31T10:18:01.813+0000] {processor.py:179} INFO - Processing /opt/airflow/dags/cancellations_etl_dag.py took 0.353 seconds
[2025-05-31T10:43:59.676+0000] {processor.py:157} INFO - Started process (PID=29387) to work on /opt/airflow/dags/cancellations_etl_dag.py
[2025-05-31T10:43:59.677+0000] {processor.py:829} INFO - Processing file /opt/airflow/dags/cancellations_etl_dag.py for tasks to queue
[2025-05-31T10:43:59.678+0000] {logging_mixin.py:151} INFO - [2025-05-31T10:43:59.677+0000] {dagbag.py:539} INFO - Filling up the DagBag from /opt/airflow/dags/cancellations_etl_dag.py
[2025-05-31T10:43:59.869+0000] {logging_mixin.py:151} INFO - Cancellations ETL DAG has been defined.
[2025-05-31T10:43:59.872+0000] {processor.py:839} INFO - DAG(s) dict_keys(['cancellations_etl_dag']) retrieved from /opt/airflow/dags/cancellations_etl_dag.py
[2025-05-31T10:43:59.893+0000] {logging_mixin.py:151} INFO - [2025-05-31T10:43:59.893+0000] {dag.py:2915} INFO - Sync 1 DAGs
[2025-05-31T10:43:59.910+0000] {logging_mixin.py:151} INFO - [2025-05-31T10:43:59.910+0000] {dag.py:3696} INFO - Setting next_dagrun for cancellations_etl_dag to 2025-05-31T00:00:00+00:00, run_after=2025-06-01T00:00:00+00:00
[2025-05-31T10:43:59.926+0000] {processor.py:179} INFO - Processing /opt/airflow/dags/cancellations_etl_dag.py took 0.252 seconds
[2025-05-31T11:17:16.944+0000] {processor.py:157} INFO - Started process (PID=29405) to work on /opt/airflow/dags/cancellations_etl_dag.py
[2025-05-31T11:17:16.945+0000] {processor.py:829} INFO - Processing file /opt/airflow/dags/cancellations_etl_dag.py for tasks to queue
[2025-05-31T11:17:16.946+0000] {logging_mixin.py:151} INFO - [2025-05-31T11:17:16.946+0000] {dagbag.py:539} INFO - Filling up the DagBag from /opt/airflow/dags/cancellations_etl_dag.py
[2025-05-31T11:17:17.162+0000] {logging_mixin.py:151} INFO - Cancellations ETL DAG has been defined.
[2025-05-31T11:17:17.164+0000] {processor.py:839} INFO - DAG(s) dict_keys(['cancellations_etl_dag']) retrieved from /opt/airflow/dags/cancellations_etl_dag.py
[2025-05-31T11:17:17.185+0000] {logging_mixin.py:151} INFO - [2025-05-31T11:17:17.184+0000] {dag.py:2915} INFO - Sync 1 DAGs
[2025-05-31T11:17:17.200+0000] {logging_mixin.py:151} INFO - [2025-05-31T11:17:17.200+0000] {dag.py:3696} INFO - Setting next_dagrun for cancellations_etl_dag to 2025-05-31T00:00:00+00:00, run_after=2025-06-01T00:00:00+00:00
[2025-05-31T11:17:17.214+0000] {processor.py:179} INFO - Processing /opt/airflow/dags/cancellations_etl_dag.py took 0.283 seconds
[2025-05-31T11:44:54.654+0000] {processor.py:157} INFO - Started process (PID=29423) to work on /opt/airflow/dags/cancellations_etl_dag.py
[2025-05-31T11:44:54.655+0000] {processor.py:829} INFO - Processing file /opt/airflow/dags/cancellations_etl_dag.py for tasks to queue
[2025-05-31T11:44:54.656+0000] {logging_mixin.py:151} INFO - [2025-05-31T11:44:54.656+0000] {dagbag.py:539} INFO - Filling up the DagBag from /opt/airflow/dags/cancellations_etl_dag.py
[2025-05-31T11:44:54.849+0000] {logging_mixin.py:151} INFO - Cancellations ETL DAG has been defined.
[2025-05-31T11:44:54.852+0000] {processor.py:839} INFO - DAG(s) dict_keys(['cancellations_etl_dag']) retrieved from /opt/airflow/dags/cancellations_etl_dag.py
[2025-05-31T11:44:54.882+0000] {logging_mixin.py:151} INFO - [2025-05-31T11:44:54.881+0000] {dag.py:2915} INFO - Sync 1 DAGs
[2025-05-31T11:44:54.898+0000] {logging_mixin.py:151} INFO - [2025-05-31T11:44:54.898+0000] {dag.py:3696} INFO - Setting next_dagrun for cancellations_etl_dag to 2025-05-31T00:00:00+00:00, run_after=2025-06-01T00:00:00+00:00
[2025-05-31T11:44:54.910+0000] {processor.py:179} INFO - Processing /opt/airflow/dags/cancellations_etl_dag.py took 0.259 seconds
[2025-05-31T12:15:58.048+0000] {processor.py:157} INFO - Started process (PID=29443) to work on /opt/airflow/dags/cancellations_etl_dag.py
[2025-05-31T12:15:58.049+0000] {processor.py:829} INFO - Processing file /opt/airflow/dags/cancellations_etl_dag.py for tasks to queue
[2025-05-31T12:15:58.049+0000] {logging_mixin.py:151} INFO - [2025-05-31T12:15:58.049+0000] {dagbag.py:539} INFO - Filling up the DagBag from /opt/airflow/dags/cancellations_etl_dag.py
[2025-05-31T12:15:58.249+0000] {logging_mixin.py:151} INFO - Cancellations ETL DAG has been defined.
[2025-05-31T12:15:58.252+0000] {processor.py:839} INFO - DAG(s) dict_keys(['cancellations_etl_dag']) retrieved from /opt/airflow/dags/cancellations_etl_dag.py
[2025-05-31T12:15:58.274+0000] {logging_mixin.py:151} INFO - [2025-05-31T12:15:58.273+0000] {dag.py:2915} INFO - Sync 1 DAGs
[2025-05-31T12:15:58.293+0000] {logging_mixin.py:151} INFO - [2025-05-31T12:15:58.293+0000] {dag.py:3696} INFO - Setting next_dagrun for cancellations_etl_dag to 2025-05-31T00:00:00+00:00, run_after=2025-06-01T00:00:00+00:00
[2025-05-31T12:15:58.325+0000] {processor.py:179} INFO - Processing /opt/airflow/dags/cancellations_etl_dag.py took 0.282 seconds
[2025-05-31T12:45:49.876+0000] {processor.py:157} INFO - Started process (PID=29461) to work on /opt/airflow/dags/cancellations_etl_dag.py
[2025-05-31T12:45:49.878+0000] {processor.py:829} INFO - Processing file /opt/airflow/dags/cancellations_etl_dag.py for tasks to queue
[2025-05-31T12:45:49.879+0000] {logging_mixin.py:151} INFO - [2025-05-31T12:45:49.879+0000] {dagbag.py:539} INFO - Filling up the DagBag from /opt/airflow/dags/cancellations_etl_dag.py
[2025-05-31T12:45:50.062+0000] {logging_mixin.py:151} INFO - Cancellations ETL DAG has been defined.
[2025-05-31T12:45:50.065+0000] {processor.py:839} INFO - DAG(s) dict_keys(['cancellations_etl_dag']) retrieved from /opt/airflow/dags/cancellations_etl_dag.py
[2025-05-31T12:45:50.083+0000] {logging_mixin.py:151} INFO - [2025-05-31T12:45:50.083+0000] {dag.py:2915} INFO - Sync 1 DAGs
[2025-05-31T12:45:50.097+0000] {logging_mixin.py:151} INFO - [2025-05-31T12:45:50.097+0000] {dag.py:3696} INFO - Setting next_dagrun for cancellations_etl_dag to 2025-05-31T00:00:00+00:00, run_after=2025-06-01T00:00:00+00:00
[2025-05-31T12:45:50.107+0000] {processor.py:179} INFO - Processing /opt/airflow/dags/cancellations_etl_dag.py took 0.239 seconds
[2025-05-31T13:04:10.504+0000] {processor.py:157} INFO - Started process (PID=29479) to work on /opt/airflow/dags/cancellations_etl_dag.py
[2025-05-31T13:04:10.505+0000] {processor.py:829} INFO - Processing file /opt/airflow/dags/cancellations_etl_dag.py for tasks to queue
[2025-05-31T13:04:10.506+0000] {logging_mixin.py:151} INFO - [2025-05-31T13:04:10.506+0000] {dagbag.py:539} INFO - Filling up the DagBag from /opt/airflow/dags/cancellations_etl_dag.py
[2025-05-31T13:04:10.800+0000] {logging_mixin.py:151} INFO - Cancellations ETL DAG has been defined.
[2025-05-31T13:04:10.808+0000] {processor.py:839} INFO - DAG(s) dict_keys(['cancellations_etl_dag']) retrieved from /opt/airflow/dags/cancellations_etl_dag.py
[2025-05-31T13:04:10.872+0000] {logging_mixin.py:151} INFO - [2025-05-31T13:04:10.871+0000] {dag.py:2915} INFO - Sync 1 DAGs
[2025-05-31T13:04:10.911+0000] {logging_mixin.py:151} INFO - [2025-05-31T13:04:10.910+0000] {dag.py:3696} INFO - Setting next_dagrun for cancellations_etl_dag to 2025-05-31T00:00:00+00:00, run_after=2025-06-01T00:00:00+00:00
[2025-05-31T13:04:10.937+0000] {processor.py:179} INFO - Processing /opt/airflow/dags/cancellations_etl_dag.py took 0.435 seconds
[2025-05-31T13:36:11.464+0000] {processor.py:157} INFO - Started process (PID=29499) to work on /opt/airflow/dags/cancellations_etl_dag.py
[2025-05-31T13:36:11.465+0000] {processor.py:829} INFO - Processing file /opt/airflow/dags/cancellations_etl_dag.py for tasks to queue
[2025-05-31T13:36:11.466+0000] {logging_mixin.py:151} INFO - [2025-05-31T13:36:11.466+0000] {dagbag.py:539} INFO - Filling up the DagBag from /opt/airflow/dags/cancellations_etl_dag.py
[2025-05-31T13:36:11.674+0000] {logging_mixin.py:151} INFO - Cancellations ETL DAG has been defined.
[2025-05-31T13:36:11.676+0000] {processor.py:839} INFO - DAG(s) dict_keys(['cancellations_etl_dag']) retrieved from /opt/airflow/dags/cancellations_etl_dag.py
[2025-05-31T13:36:11.700+0000] {logging_mixin.py:151} INFO - [2025-05-31T13:36:11.700+0000] {dag.py:2915} INFO - Sync 1 DAGs
[2025-05-31T13:36:11.718+0000] {logging_mixin.py:151} INFO - [2025-05-31T13:36:11.718+0000] {dag.py:3696} INFO - Setting next_dagrun for cancellations_etl_dag to 2025-05-31T00:00:00+00:00, run_after=2025-06-01T00:00:00+00:00
[2025-05-31T13:36:11.732+0000] {processor.py:179} INFO - Processing /opt/airflow/dags/cancellations_etl_dag.py took 0.271 seconds
[2025-05-31T13:47:14.171+0000] {processor.py:157} INFO - Started process (PID=29517) to work on /opt/airflow/dags/cancellations_etl_dag.py
[2025-05-31T13:47:14.173+0000] {processor.py:829} INFO - Processing file /opt/airflow/dags/cancellations_etl_dag.py for tasks to queue
[2025-05-31T13:47:14.174+0000] {logging_mixin.py:151} INFO - [2025-05-31T13:47:14.174+0000] {dagbag.py:539} INFO - Filling up the DagBag from /opt/airflow/dags/cancellations_etl_dag.py
[2025-05-31T13:47:14.415+0000] {logging_mixin.py:151} INFO - Cancellations ETL DAG has been defined.
[2025-05-31T13:47:14.419+0000] {processor.py:839} INFO - DAG(s) dict_keys(['cancellations_etl_dag']) retrieved from /opt/airflow/dags/cancellations_etl_dag.py
[2025-05-31T13:47:14.439+0000] {logging_mixin.py:151} INFO - [2025-05-31T13:47:14.439+0000] {dag.py:2915} INFO - Sync 1 DAGs
[2025-05-31T13:47:14.454+0000] {logging_mixin.py:151} INFO - [2025-05-31T13:47:14.454+0000] {dag.py:3696} INFO - Setting next_dagrun for cancellations_etl_dag to 2025-05-31T00:00:00+00:00, run_after=2025-06-01T00:00:00+00:00
[2025-05-31T13:47:14.467+0000] {processor.py:179} INFO - Processing /opt/airflow/dags/cancellations_etl_dag.py took 0.301 seconds
[2025-05-31T14:19:58.414+0000] {processor.py:157} INFO - Started process (PID=29535) to work on /opt/airflow/dags/cancellations_etl_dag.py
[2025-05-31T14:19:58.417+0000] {processor.py:829} INFO - Processing file /opt/airflow/dags/cancellations_etl_dag.py for tasks to queue
[2025-05-31T14:19:58.418+0000] {logging_mixin.py:151} INFO - [2025-05-31T14:19:58.418+0000] {dagbag.py:539} INFO - Filling up the DagBag from /opt/airflow/dags/cancellations_etl_dag.py
[2025-05-31T14:19:58.599+0000] {logging_mixin.py:151} INFO - Cancellations ETL DAG has been defined.
[2025-05-31T14:19:58.601+0000] {processor.py:839} INFO - DAG(s) dict_keys(['cancellations_etl_dag']) retrieved from /opt/airflow/dags/cancellations_etl_dag.py
[2025-05-31T14:19:58.623+0000] {logging_mixin.py:151} INFO - [2025-05-31T14:19:58.623+0000] {dag.py:2915} INFO - Sync 1 DAGs
[2025-05-31T14:19:58.640+0000] {logging_mixin.py:151} INFO - [2025-05-31T14:19:58.640+0000] {dag.py:3696} INFO - Setting next_dagrun for cancellations_etl_dag to 2025-05-31T00:00:00+00:00, run_after=2025-06-01T00:00:00+00:00
[2025-05-31T14:19:58.655+0000] {processor.py:179} INFO - Processing /opt/airflow/dags/cancellations_etl_dag.py took 0.244 seconds
[2025-05-31T14:33:36.368+0000] {processor.py:157} INFO - Started process (PID=29553) to work on /opt/airflow/dags/cancellations_etl_dag.py
[2025-05-31T14:33:36.369+0000] {processor.py:829} INFO - Processing file /opt/airflow/dags/cancellations_etl_dag.py for tasks to queue
[2025-05-31T14:33:36.369+0000] {logging_mixin.py:151} INFO - [2025-05-31T14:33:36.369+0000] {dagbag.py:539} INFO - Filling up the DagBag from /opt/airflow/dags/cancellations_etl_dag.py
[2025-05-31T14:33:36.549+0000] {logging_mixin.py:151} INFO - Cancellations ETL DAG has been defined.
[2025-05-31T14:33:36.554+0000] {processor.py:839} INFO - DAG(s) dict_keys(['cancellations_etl_dag']) retrieved from /opt/airflow/dags/cancellations_etl_dag.py
[2025-05-31T14:33:36.594+0000] {logging_mixin.py:151} INFO - [2025-05-31T14:33:36.594+0000] {dag.py:2915} INFO - Sync 1 DAGs
[2025-05-31T14:33:36.622+0000] {logging_mixin.py:151} INFO - [2025-05-31T14:33:36.622+0000] {dag.py:3696} INFO - Setting next_dagrun for cancellations_etl_dag to 2025-05-31T00:00:00+00:00, run_after=2025-06-01T00:00:00+00:00
[2025-05-31T14:33:36.641+0000] {processor.py:179} INFO - Processing /opt/airflow/dags/cancellations_etl_dag.py took 0.275 seconds
[2025-05-31T14:34:07.056+0000] {processor.py:157} INFO - Started process (PID=29571) to work on /opt/airflow/dags/cancellations_etl_dag.py
[2025-05-31T14:34:07.056+0000] {processor.py:829} INFO - Processing file /opt/airflow/dags/cancellations_etl_dag.py for tasks to queue
[2025-05-31T14:34:07.057+0000] {logging_mixin.py:151} INFO - [2025-05-31T14:34:07.057+0000] {dagbag.py:539} INFO - Filling up the DagBag from /opt/airflow/dags/cancellations_etl_dag.py
[2025-05-31T14:34:07.202+0000] {logging_mixin.py:151} INFO - Cancellations ETL DAG has been defined.
[2025-05-31T14:34:07.204+0000] {processor.py:839} INFO - DAG(s) dict_keys(['cancellations_etl_dag']) retrieved from /opt/airflow/dags/cancellations_etl_dag.py
[2025-05-31T14:34:07.219+0000] {logging_mixin.py:151} INFO - [2025-05-31T14:34:07.219+0000] {dag.py:2915} INFO - Sync 1 DAGs
[2025-05-31T14:34:07.231+0000] {logging_mixin.py:151} INFO - [2025-05-31T14:34:07.231+0000] {dag.py:3696} INFO - Setting next_dagrun for cancellations_etl_dag to 2025-05-31T00:00:00+00:00, run_after=2025-06-01T00:00:00+00:00
[2025-05-31T14:34:07.241+0000] {processor.py:179} INFO - Processing /opt/airflow/dags/cancellations_etl_dag.py took 0.187 seconds
[2025-05-31T14:34:37.775+0000] {processor.py:157} INFO - Started process (PID=29587) to work on /opt/airflow/dags/cancellations_etl_dag.py
[2025-05-31T14:34:37.776+0000] {processor.py:829} INFO - Processing file /opt/airflow/dags/cancellations_etl_dag.py for tasks to queue
[2025-05-31T14:34:37.777+0000] {logging_mixin.py:151} INFO - [2025-05-31T14:34:37.777+0000] {dagbag.py:539} INFO - Filling up the DagBag from /opt/airflow/dags/cancellations_etl_dag.py
[2025-05-31T14:34:37.922+0000] {logging_mixin.py:151} INFO - Cancellations ETL DAG has been defined.
[2025-05-31T14:34:37.924+0000] {processor.py:839} INFO - DAG(s) dict_keys(['cancellations_etl_dag']) retrieved from /opt/airflow/dags/cancellations_etl_dag.py
[2025-05-31T14:34:37.939+0000] {logging_mixin.py:151} INFO - [2025-05-31T14:34:37.938+0000] {dag.py:2915} INFO - Sync 1 DAGs
[2025-05-31T14:34:37.951+0000] {logging_mixin.py:151} INFO - [2025-05-31T14:34:37.951+0000] {dag.py:3696} INFO - Setting next_dagrun for cancellations_etl_dag to 2025-05-31T00:00:00+00:00, run_after=2025-06-01T00:00:00+00:00
[2025-05-31T14:34:37.959+0000] {processor.py:179} INFO - Processing /opt/airflow/dags/cancellations_etl_dag.py took 0.186 seconds
[2025-05-31T14:51:39.176+0000] {processor.py:157} INFO - Started process (PID=29607) to work on /opt/airflow/dags/cancellations_etl_dag.py
[2025-05-31T14:51:39.177+0000] {processor.py:829} INFO - Processing file /opt/airflow/dags/cancellations_etl_dag.py for tasks to queue
[2025-05-31T14:51:39.177+0000] {logging_mixin.py:151} INFO - [2025-05-31T14:51:39.177+0000] {dagbag.py:539} INFO - Filling up the DagBag from /opt/airflow/dags/cancellations_etl_dag.py
[2025-05-31T14:51:39.368+0000] {logging_mixin.py:151} INFO - Cancellations ETL DAG has been defined.
[2025-05-31T14:51:39.371+0000] {processor.py:839} INFO - DAG(s) dict_keys(['cancellations_etl_dag']) retrieved from /opt/airflow/dags/cancellations_etl_dag.py
[2025-05-31T14:51:39.396+0000] {logging_mixin.py:151} INFO - [2025-05-31T14:51:39.395+0000] {dag.py:2915} INFO - Sync 1 DAGs
[2025-05-31T14:51:39.413+0000] {logging_mixin.py:151} INFO - [2025-05-31T14:51:39.412+0000] {dag.py:3696} INFO - Setting next_dagrun for cancellations_etl_dag to 2025-05-31T00:00:00+00:00, run_after=2025-06-01T00:00:00+00:00
[2025-05-31T14:51:39.425+0000] {processor.py:179} INFO - Processing /opt/airflow/dags/cancellations_etl_dag.py took 0.252 seconds
[2025-05-31T14:57:13.948+0000] {processor.py:157} INFO - Started process (PID=29625) to work on /opt/airflow/dags/cancellations_etl_dag.py
[2025-05-31T14:57:13.949+0000] {processor.py:829} INFO - Processing file /opt/airflow/dags/cancellations_etl_dag.py for tasks to queue
[2025-05-31T14:57:13.950+0000] {logging_mixin.py:151} INFO - [2025-05-31T14:57:13.949+0000] {dagbag.py:539} INFO - Filling up the DagBag from /opt/airflow/dags/cancellations_etl_dag.py
[2025-05-31T14:57:14.135+0000] {logging_mixin.py:151} INFO - Cancellations ETL DAG has been defined.
[2025-05-31T14:57:14.137+0000] {processor.py:839} INFO - DAG(s) dict_keys(['cancellations_etl_dag']) retrieved from /opt/airflow/dags/cancellations_etl_dag.py
[2025-05-31T14:57:14.153+0000] {logging_mixin.py:151} INFO - [2025-05-31T14:57:14.152+0000] {dag.py:2915} INFO - Sync 1 DAGs
[2025-05-31T14:57:14.165+0000] {logging_mixin.py:151} INFO - [2025-05-31T14:57:14.165+0000] {dag.py:3696} INFO - Setting next_dagrun for cancellations_etl_dag to 2025-05-31T00:00:00+00:00, run_after=2025-06-01T00:00:00+00:00
[2025-05-31T14:57:14.173+0000] {processor.py:179} INFO - Processing /opt/airflow/dags/cancellations_etl_dag.py took 0.230 seconds
[2025-05-31T14:57:44.540+0000] {processor.py:157} INFO - Started process (PID=29643) to work on /opt/airflow/dags/cancellations_etl_dag.py
[2025-05-31T14:57:44.540+0000] {processor.py:829} INFO - Processing file /opt/airflow/dags/cancellations_etl_dag.py for tasks to queue
[2025-05-31T14:57:44.541+0000] {logging_mixin.py:151} INFO - [2025-05-31T14:57:44.541+0000] {dagbag.py:539} INFO - Filling up the DagBag from /opt/airflow/dags/cancellations_etl_dag.py
[2025-05-31T14:57:44.701+0000] {logging_mixin.py:151} INFO - Cancellations ETL DAG has been defined.
[2025-05-31T14:57:44.703+0000] {processor.py:839} INFO - DAG(s) dict_keys(['cancellations_etl_dag']) retrieved from /opt/airflow/dags/cancellations_etl_dag.py
[2025-05-31T14:57:44.719+0000] {logging_mixin.py:151} INFO - [2025-05-31T14:57:44.719+0000] {dag.py:2915} INFO - Sync 1 DAGs
[2025-05-31T14:57:44.732+0000] {logging_mixin.py:151} INFO - [2025-05-31T14:57:44.732+0000] {dag.py:3696} INFO - Setting next_dagrun for cancellations_etl_dag to 2025-05-31T00:00:00+00:00, run_after=2025-06-01T00:00:00+00:00
[2025-05-31T14:57:44.741+0000] {processor.py:179} INFO - Processing /opt/airflow/dags/cancellations_etl_dag.py took 0.204 seconds
[2025-05-31T14:58:15.239+0000] {processor.py:157} INFO - Started process (PID=29661) to work on /opt/airflow/dags/cancellations_etl_dag.py
[2025-05-31T14:58:15.240+0000] {processor.py:829} INFO - Processing file /opt/airflow/dags/cancellations_etl_dag.py for tasks to queue
[2025-05-31T14:58:15.240+0000] {logging_mixin.py:151} INFO - [2025-05-31T14:58:15.240+0000] {dagbag.py:539} INFO - Filling up the DagBag from /opt/airflow/dags/cancellations_etl_dag.py
[2025-05-31T14:58:15.387+0000] {logging_mixin.py:151} INFO - Cancellations ETL DAG has been defined.
[2025-05-31T14:58:15.389+0000] {processor.py:839} INFO - DAG(s) dict_keys(['cancellations_etl_dag']) retrieved from /opt/airflow/dags/cancellations_etl_dag.py
[2025-05-31T14:58:15.404+0000] {logging_mixin.py:151} INFO - [2025-05-31T14:58:15.404+0000] {dag.py:2915} INFO - Sync 1 DAGs
[2025-05-31T14:58:15.416+0000] {logging_mixin.py:151} INFO - [2025-05-31T14:58:15.416+0000] {dag.py:3696} INFO - Setting next_dagrun for cancellations_etl_dag to 2025-05-31T00:00:00+00:00, run_after=2025-06-01T00:00:00+00:00
[2025-05-31T14:58:15.425+0000] {processor.py:179} INFO - Processing /opt/airflow/dags/cancellations_etl_dag.py took 0.188 seconds
[2025-05-31T15:16:30.982+0000] {processor.py:157} INFO - Started process (PID=29681) to work on /opt/airflow/dags/cancellations_etl_dag.py
[2025-05-31T15:16:30.983+0000] {processor.py:829} INFO - Processing file /opt/airflow/dags/cancellations_etl_dag.py for tasks to queue
[2025-05-31T15:16:30.984+0000] {logging_mixin.py:151} INFO - [2025-05-31T15:16:30.983+0000] {dagbag.py:539} INFO - Filling up the DagBag from /opt/airflow/dags/cancellations_etl_dag.py
[2025-05-31T15:16:31.132+0000] {logging_mixin.py:151} INFO - Cancellations ETL DAG has been defined.
[2025-05-31T15:16:31.134+0000] {processor.py:839} INFO - DAG(s) dict_keys(['cancellations_etl_dag']) retrieved from /opt/airflow/dags/cancellations_etl_dag.py
[2025-05-31T15:16:31.150+0000] {logging_mixin.py:151} INFO - [2025-05-31T15:16:31.149+0000] {dag.py:2915} INFO - Sync 1 DAGs
[2025-05-31T15:16:31.162+0000] {logging_mixin.py:151} INFO - [2025-05-31T15:16:31.161+0000] {dag.py:3696} INFO - Setting next_dagrun for cancellations_etl_dag to 2025-05-31T00:00:00+00:00, run_after=2025-06-01T00:00:00+00:00
[2025-05-31T15:16:31.170+0000] {processor.py:179} INFO - Processing /opt/airflow/dags/cancellations_etl_dag.py took 0.190 seconds
[2025-05-31T15:50:45.406+0000] {processor.py:157} INFO - Started process (PID=29699) to work on /opt/airflow/dags/cancellations_etl_dag.py
[2025-05-31T15:50:45.408+0000] {processor.py:829} INFO - Processing file /opt/airflow/dags/cancellations_etl_dag.py for tasks to queue
[2025-05-31T15:50:45.412+0000] {logging_mixin.py:151} INFO - [2025-05-31T15:50:45.411+0000] {dagbag.py:539} INFO - Filling up the DagBag from /opt/airflow/dags/cancellations_etl_dag.py
[2025-05-31T15:50:45.729+0000] {logging_mixin.py:151} INFO - Cancellations ETL DAG has been defined.
[2025-05-31T15:50:45.734+0000] {processor.py:839} INFO - DAG(s) dict_keys(['cancellations_etl_dag']) retrieved from /opt/airflow/dags/cancellations_etl_dag.py
[2025-05-31T15:50:45.767+0000] {logging_mixin.py:151} INFO - [2025-05-31T15:50:45.766+0000] {dag.py:2915} INFO - Sync 1 DAGs
[2025-05-31T15:50:45.790+0000] {logging_mixin.py:151} INFO - [2025-05-31T15:50:45.790+0000] {dag.py:3696} INFO - Setting next_dagrun for cancellations_etl_dag to 2025-05-31T00:00:00+00:00, run_after=2025-06-01T00:00:00+00:00
[2025-05-31T15:50:45.806+0000] {processor.py:179} INFO - Processing /opt/airflow/dags/cancellations_etl_dag.py took 0.404 seconds
[2025-05-31T16:13:09.553+0000] {processor.py:157} INFO - Started process (PID=29717) to work on /opt/airflow/dags/cancellations_etl_dag.py
[2025-05-31T16:13:09.555+0000] {processor.py:829} INFO - Processing file /opt/airflow/dags/cancellations_etl_dag.py for tasks to queue
[2025-05-31T16:13:09.556+0000] {logging_mixin.py:151} INFO - [2025-05-31T16:13:09.555+0000] {dagbag.py:539} INFO - Filling up the DagBag from /opt/airflow/dags/cancellations_etl_dag.py
[2025-05-31T16:13:09.770+0000] {logging_mixin.py:151} INFO - Cancellations ETL DAG has been defined.
[2025-05-31T16:13:09.773+0000] {processor.py:839} INFO - DAG(s) dict_keys(['cancellations_etl_dag']) retrieved from /opt/airflow/dags/cancellations_etl_dag.py
[2025-05-31T16:13:09.799+0000] {logging_mixin.py:151} INFO - [2025-05-31T16:13:09.799+0000] {dag.py:2915} INFO - Sync 1 DAGs
[2025-05-31T16:13:09.821+0000] {logging_mixin.py:151} INFO - [2025-05-31T16:13:09.821+0000] {dag.py:3696} INFO - Setting next_dagrun for cancellations_etl_dag to 2025-05-31T00:00:00+00:00, run_after=2025-06-01T00:00:00+00:00
[2025-05-31T16:13:09.837+0000] {processor.py:179} INFO - Processing /opt/airflow/dags/cancellations_etl_dag.py took 0.288 seconds
[2025-05-31T16:28:58.530+0000] {processor.py:157} INFO - Started process (PID=29737) to work on /opt/airflow/dags/cancellations_etl_dag.py
[2025-05-31T16:28:58.532+0000] {processor.py:829} INFO - Processing file /opt/airflow/dags/cancellations_etl_dag.py for tasks to queue
[2025-05-31T16:28:58.534+0000] {logging_mixin.py:151} INFO - [2025-05-31T16:28:58.533+0000] {dagbag.py:539} INFO - Filling up the DagBag from /opt/airflow/dags/cancellations_etl_dag.py
[2025-05-31T16:28:58.722+0000] {logging_mixin.py:151} INFO - Cancellations ETL DAG has been defined.
[2025-05-31T16:28:58.725+0000] {processor.py:839} INFO - DAG(s) dict_keys(['cancellations_etl_dag']) retrieved from /opt/airflow/dags/cancellations_etl_dag.py
[2025-05-31T16:28:58.743+0000] {logging_mixin.py:151} INFO - [2025-05-31T16:28:58.743+0000] {dag.py:2915} INFO - Sync 1 DAGs
[2025-05-31T16:28:58.761+0000] {logging_mixin.py:151} INFO - [2025-05-31T16:28:58.761+0000] {dag.py:3696} INFO - Setting next_dagrun for cancellations_etl_dag to 2025-05-31T00:00:00+00:00, run_after=2025-06-01T00:00:00+00:00
[2025-05-31T16:28:58.774+0000] {processor.py:179} INFO - Processing /opt/airflow/dags/cancellations_etl_dag.py took 0.247 seconds
[2025-05-31T16:44:42.726+0000] {processor.py:157} INFO - Started process (PID=29755) to work on /opt/airflow/dags/cancellations_etl_dag.py
[2025-05-31T16:44:42.727+0000] {processor.py:829} INFO - Processing file /opt/airflow/dags/cancellations_etl_dag.py for tasks to queue
[2025-05-31T16:44:42.728+0000] {logging_mixin.py:151} INFO - [2025-05-31T16:44:42.728+0000] {dagbag.py:539} INFO - Filling up the DagBag from /opt/airflow/dags/cancellations_etl_dag.py
[2025-05-31T16:44:42.956+0000] {logging_mixin.py:151} INFO - Cancellations ETL DAG has been defined.
[2025-05-31T16:44:42.960+0000] {processor.py:839} INFO - DAG(s) dict_keys(['cancellations_etl_dag']) retrieved from /opt/airflow/dags/cancellations_etl_dag.py
[2025-05-31T16:44:42.993+0000] {logging_mixin.py:151} INFO - [2025-05-31T16:44:42.992+0000] {dag.py:2915} INFO - Sync 1 DAGs
[2025-05-31T16:44:43.013+0000] {logging_mixin.py:151} INFO - [2025-05-31T16:44:43.013+0000] {dag.py:3696} INFO - Setting next_dagrun for cancellations_etl_dag to 2025-05-31T00:00:00+00:00, run_after=2025-06-01T00:00:00+00:00
[2025-05-31T16:44:43.025+0000] {processor.py:179} INFO - Processing /opt/airflow/dags/cancellations_etl_dag.py took 0.305 seconds
[2025-05-31T17:33:01.708+0000] {processor.py:157} INFO - Started process (PID=29773) to work on /opt/airflow/dags/cancellations_etl_dag.py
[2025-05-31T17:33:01.709+0000] {processor.py:829} INFO - Processing file /opt/airflow/dags/cancellations_etl_dag.py for tasks to queue
[2025-05-31T17:33:01.710+0000] {logging_mixin.py:151} INFO - [2025-05-31T17:33:01.710+0000] {dagbag.py:539} INFO - Filling up the DagBag from /opt/airflow/dags/cancellations_etl_dag.py
[2025-05-31T17:33:01.867+0000] {logging_mixin.py:151} INFO - Cancellations ETL DAG has been defined.
[2025-05-31T17:33:01.870+0000] {processor.py:839} INFO - DAG(s) dict_keys(['cancellations_etl_dag']) retrieved from /opt/airflow/dags/cancellations_etl_dag.py
[2025-05-31T17:33:01.904+0000] {logging_mixin.py:151} INFO - [2025-05-31T17:33:01.903+0000] {dag.py:2915} INFO - Sync 1 DAGs
[2025-05-31T17:33:01.929+0000] {logging_mixin.py:151} INFO - [2025-05-31T17:33:01.929+0000] {dag.py:3696} INFO - Setting next_dagrun for cancellations_etl_dag to 2025-05-31T00:00:00+00:00, run_after=2025-06-01T00:00:00+00:00
[2025-05-31T17:33:01.944+0000] {processor.py:179} INFO - Processing /opt/airflow/dags/cancellations_etl_dag.py took 0.241 seconds
[2025-05-31T17:49:34.122+0000] {processor.py:157} INFO - Started process (PID=29793) to work on /opt/airflow/dags/cancellations_etl_dag.py
[2025-05-31T17:49:34.124+0000] {processor.py:829} INFO - Processing file /opt/airflow/dags/cancellations_etl_dag.py for tasks to queue
[2025-05-31T17:49:34.125+0000] {logging_mixin.py:151} INFO - [2025-05-31T17:49:34.124+0000] {dagbag.py:539} INFO - Filling up the DagBag from /opt/airflow/dags/cancellations_etl_dag.py
[2025-05-31T17:49:34.341+0000] {logging_mixin.py:151} INFO - Cancellations ETL DAG has been defined.
[2025-05-31T17:49:34.344+0000] {processor.py:839} INFO - DAG(s) dict_keys(['cancellations_etl_dag']) retrieved from /opt/airflow/dags/cancellations_etl_dag.py
[2025-05-31T17:49:34.362+0000] {logging_mixin.py:151} INFO - [2025-05-31T17:49:34.362+0000] {dag.py:2915} INFO - Sync 1 DAGs
[2025-05-31T17:49:34.379+0000] {logging_mixin.py:151} INFO - [2025-05-31T17:49:34.379+0000] {dag.py:3696} INFO - Setting next_dagrun for cancellations_etl_dag to 2025-05-31T00:00:00+00:00, run_after=2025-06-01T00:00:00+00:00
[2025-05-31T17:49:34.387+0000] {processor.py:179} INFO - Processing /opt/airflow/dags/cancellations_etl_dag.py took 0.268 seconds
[2025-05-31T18:35:41.122+0000] {processor.py:157} INFO - Started process (PID=29811) to work on /opt/airflow/dags/cancellations_etl_dag.py
[2025-05-31T18:35:41.122+0000] {processor.py:829} INFO - Processing file /opt/airflow/dags/cancellations_etl_dag.py for tasks to queue
[2025-05-31T18:35:41.123+0000] {logging_mixin.py:151} INFO - [2025-05-31T18:35:41.123+0000] {dagbag.py:539} INFO - Filling up the DagBag from /opt/airflow/dags/cancellations_etl_dag.py
[2025-05-31T18:35:41.310+0000] {logging_mixin.py:151} INFO - Cancellations ETL DAG has been defined.
[2025-05-31T18:35:41.312+0000] {processor.py:839} INFO - DAG(s) dict_keys(['cancellations_etl_dag']) retrieved from /opt/airflow/dags/cancellations_etl_dag.py
[2025-05-31T18:35:41.336+0000] {logging_mixin.py:151} INFO - [2025-05-31T18:35:41.335+0000] {dag.py:2915} INFO - Sync 1 DAGs
[2025-05-31T18:35:41.350+0000] {logging_mixin.py:151} INFO - [2025-05-31T18:35:41.350+0000] {dag.py:3696} INFO - Setting next_dagrun for cancellations_etl_dag to 2025-05-31T00:00:00+00:00, run_after=2025-06-01T00:00:00+00:00
[2025-05-31T18:35:41.359+0000] {processor.py:179} INFO - Processing /opt/airflow/dags/cancellations_etl_dag.py took 0.240 seconds
[2025-05-31T18:52:30.201+0000] {processor.py:157} INFO - Started process (PID=29830) to work on /opt/airflow/dags/cancellations_etl_dag.py
[2025-05-31T18:52:30.204+0000] {processor.py:829} INFO - Processing file /opt/airflow/dags/cancellations_etl_dag.py for tasks to queue
[2025-05-31T18:52:30.206+0000] {logging_mixin.py:151} INFO - [2025-05-31T18:52:30.205+0000] {dagbag.py:539} INFO - Filling up the DagBag from /opt/airflow/dags/cancellations_etl_dag.py
[2025-05-31T18:52:30.465+0000] {logging_mixin.py:151} INFO - Cancellations ETL DAG has been defined.
[2025-05-31T18:52:30.471+0000] {processor.py:839} INFO - DAG(s) dict_keys(['cancellations_etl_dag']) retrieved from /opt/airflow/dags/cancellations_etl_dag.py
[2025-05-31T18:52:30.498+0000] {logging_mixin.py:151} INFO - [2025-05-31T18:52:30.498+0000] {dag.py:2915} INFO - Sync 1 DAGs
[2025-05-31T18:52:30.519+0000] {logging_mixin.py:151} INFO - [2025-05-31T18:52:30.519+0000] {dag.py:3696} INFO - Setting next_dagrun for cancellations_etl_dag to 2025-05-31T00:00:00+00:00, run_after=2025-06-01T00:00:00+00:00
[2025-05-31T18:52:30.534+0000] {processor.py:179} INFO - Processing /opt/airflow/dags/cancellations_etl_dag.py took 0.337 seconds
[2025-05-31T19:49:38.848+0000] {processor.py:157} INFO - Started process (PID=29850) to work on /opt/airflow/dags/cancellations_etl_dag.py
[2025-05-31T19:49:38.849+0000] {processor.py:829} INFO - Processing file /opt/airflow/dags/cancellations_etl_dag.py for tasks to queue
[2025-05-31T19:49:38.850+0000] {logging_mixin.py:151} INFO - [2025-05-31T19:49:38.850+0000] {dagbag.py:539} INFO - Filling up the DagBag from /opt/airflow/dags/cancellations_etl_dag.py
[2025-05-31T19:49:39.056+0000] {logging_mixin.py:151} INFO - Cancellations ETL DAG has been defined.
[2025-05-31T19:49:39.059+0000] {processor.py:839} INFO - DAG(s) dict_keys(['cancellations_etl_dag']) retrieved from /opt/airflow/dags/cancellations_etl_dag.py
[2025-05-31T19:49:39.080+0000] {logging_mixin.py:151} INFO - [2025-05-31T19:49:39.080+0000] {dag.py:2915} INFO - Sync 1 DAGs
[2025-05-31T19:49:39.098+0000] {logging_mixin.py:151} INFO - [2025-05-31T19:49:39.098+0000] {dag.py:3696} INFO - Setting next_dagrun for cancellations_etl_dag to 2025-05-31T00:00:00+00:00, run_after=2025-06-01T00:00:00+00:00
[2025-05-31T19:49:39.115+0000] {processor.py:179} INFO - Processing /opt/airflow/dags/cancellations_etl_dag.py took 0.271 seconds
[2025-05-31T20:02:19.303+0000] {processor.py:157} INFO - Started process (PID=29868) to work on /opt/airflow/dags/cancellations_etl_dag.py
[2025-05-31T20:02:19.305+0000] {processor.py:829} INFO - Processing file /opt/airflow/dags/cancellations_etl_dag.py for tasks to queue
[2025-05-31T20:02:19.307+0000] {logging_mixin.py:151} INFO - [2025-05-31T20:02:19.307+0000] {dagbag.py:539} INFO - Filling up the DagBag from /opt/airflow/dags/cancellations_etl_dag.py
[2025-05-31T20:02:19.557+0000] {logging_mixin.py:151} INFO - Cancellations ETL DAG has been defined.
[2025-05-31T20:02:19.559+0000] {processor.py:839} INFO - DAG(s) dict_keys(['cancellations_etl_dag']) retrieved from /opt/airflow/dags/cancellations_etl_dag.py
[2025-05-31T20:02:19.575+0000] {logging_mixin.py:151} INFO - [2025-05-31T20:02:19.574+0000] {dag.py:2915} INFO - Sync 1 DAGs
[2025-05-31T20:02:19.590+0000] {logging_mixin.py:151} INFO - [2025-05-31T20:02:19.590+0000] {dag.py:3696} INFO - Setting next_dagrun for cancellations_etl_dag to 2025-05-31T00:00:00+00:00, run_after=2025-06-01T00:00:00+00:00
[2025-05-31T20:02:19.599+0000] {processor.py:179} INFO - Processing /opt/airflow/dags/cancellations_etl_dag.py took 0.299 seconds
[2025-05-31T20:51:50.008+0000] {processor.py:157} INFO - Started process (PID=29886) to work on /opt/airflow/dags/cancellations_etl_dag.py
[2025-05-31T20:51:50.009+0000] {processor.py:829} INFO - Processing file /opt/airflow/dags/cancellations_etl_dag.py for tasks to queue
[2025-05-31T20:51:50.010+0000] {logging_mixin.py:151} INFO - [2025-05-31T20:51:50.009+0000] {dagbag.py:539} INFO - Filling up the DagBag from /opt/airflow/dags/cancellations_etl_dag.py
[2025-05-31T20:51:50.299+0000] {logging_mixin.py:151} INFO - Cancellations ETL DAG has been defined.
[2025-05-31T20:51:50.302+0000] {processor.py:839} INFO - DAG(s) dict_keys(['cancellations_etl_dag']) retrieved from /opt/airflow/dags/cancellations_etl_dag.py
[2025-05-31T20:51:50.326+0000] {logging_mixin.py:151} INFO - [2025-05-31T20:51:50.326+0000] {dag.py:2915} INFO - Sync 1 DAGs
[2025-05-31T20:51:50.347+0000] {logging_mixin.py:151} INFO - [2025-05-31T20:51:50.347+0000] {dag.py:3696} INFO - Setting next_dagrun for cancellations_etl_dag to 2025-05-31T00:00:00+00:00, run_after=2025-06-01T00:00:00+00:00
[2025-05-31T20:51:50.362+0000] {processor.py:179} INFO - Processing /opt/airflow/dags/cancellations_etl_dag.py took 0.357 seconds
[2025-05-31T21:20:10.793+0000] {processor.py:157} INFO - Started process (PID=29904) to work on /opt/airflow/dags/cancellations_etl_dag.py
[2025-05-31T21:20:10.794+0000] {processor.py:829} INFO - Processing file /opt/airflow/dags/cancellations_etl_dag.py for tasks to queue
[2025-05-31T21:20:10.795+0000] {logging_mixin.py:151} INFO - [2025-05-31T21:20:10.795+0000] {dagbag.py:539} INFO - Filling up the DagBag from /opt/airflow/dags/cancellations_etl_dag.py
[2025-05-31T21:20:11.006+0000] {logging_mixin.py:151} INFO - Cancellations ETL DAG has been defined.
[2025-05-31T21:20:11.009+0000] {processor.py:839} INFO - DAG(s) dict_keys(['cancellations_etl_dag']) retrieved from /opt/airflow/dags/cancellations_etl_dag.py
[2025-05-31T21:20:11.033+0000] {logging_mixin.py:151} INFO - [2025-05-31T21:20:11.032+0000] {dag.py:2915} INFO - Sync 1 DAGs
[2025-05-31T21:20:11.049+0000] {logging_mixin.py:151} INFO - [2025-05-31T21:20:11.049+0000] {dag.py:3696} INFO - Setting next_dagrun for cancellations_etl_dag to 2025-05-31T00:00:00+00:00, run_after=2025-06-01T00:00:00+00:00
[2025-05-31T21:20:11.061+0000] {processor.py:179} INFO - Processing /opt/airflow/dags/cancellations_etl_dag.py took 0.270 seconds
[2025-05-31T22:04:21.254+0000] {processor.py:157} INFO - Started process (PID=29924) to work on /opt/airflow/dags/cancellations_etl_dag.py
[2025-05-31T22:04:21.255+0000] {processor.py:829} INFO - Processing file /opt/airflow/dags/cancellations_etl_dag.py for tasks to queue
[2025-05-31T22:04:21.255+0000] {logging_mixin.py:151} INFO - [2025-05-31T22:04:21.255+0000] {dagbag.py:539} INFO - Filling up the DagBag from /opt/airflow/dags/cancellations_etl_dag.py
[2025-05-31T22:04:21.403+0000] {logging_mixin.py:151} INFO - Cancellations ETL DAG has been defined.
[2025-05-31T22:04:21.405+0000] {processor.py:839} INFO - DAG(s) dict_keys(['cancellations_etl_dag']) retrieved from /opt/airflow/dags/cancellations_etl_dag.py
[2025-05-31T22:04:21.421+0000] {logging_mixin.py:151} INFO - [2025-05-31T22:04:21.421+0000] {dag.py:2915} INFO - Sync 1 DAGs
[2025-05-31T22:04:21.437+0000] {logging_mixin.py:151} INFO - [2025-05-31T22:04:21.437+0000] {dag.py:3696} INFO - Setting next_dagrun for cancellations_etl_dag to 2025-05-31T00:00:00+00:00, run_after=2025-06-01T00:00:00+00:00
[2025-05-31T22:04:21.448+0000] {processor.py:179} INFO - Processing /opt/airflow/dags/cancellations_etl_dag.py took 0.197 seconds
[2025-05-31T22:21:26.621+0000] {processor.py:157} INFO - Started process (PID=29942) to work on /opt/airflow/dags/cancellations_etl_dag.py
[2025-05-31T22:21:26.647+0000] {processor.py:829} INFO - Processing file /opt/airflow/dags/cancellations_etl_dag.py for tasks to queue
[2025-05-31T22:21:26.654+0000] {logging_mixin.py:151} INFO - [2025-05-31T22:21:26.653+0000] {dagbag.py:539} INFO - Filling up the DagBag from /opt/airflow/dags/cancellations_etl_dag.py
[2025-05-31T22:21:26.889+0000] {logging_mixin.py:151} INFO - Cancellations ETL DAG has been defined.
[2025-05-31T22:21:26.892+0000] {processor.py:839} INFO - DAG(s) dict_keys(['cancellations_etl_dag']) retrieved from /opt/airflow/dags/cancellations_etl_dag.py
[2025-05-31T22:21:26.915+0000] {logging_mixin.py:151} INFO - [2025-05-31T22:21:26.915+0000] {dag.py:2915} INFO - Sync 1 DAGs
[2025-05-31T22:21:26.934+0000] {logging_mixin.py:151} INFO - [2025-05-31T22:21:26.934+0000] {dag.py:3696} INFO - Setting next_dagrun for cancellations_etl_dag to 2025-05-31T00:00:00+00:00, run_after=2025-06-01T00:00:00+00:00
[2025-05-31T22:21:26.947+0000] {processor.py:179} INFO - Processing /opt/airflow/dags/cancellations_etl_dag.py took 0.334 seconds
[2025-05-31T23:05:20.732+0000] {processor.py:157} INFO - Started process (PID=29960) to work on /opt/airflow/dags/cancellations_etl_dag.py
[2025-05-31T23:05:20.733+0000] {processor.py:829} INFO - Processing file /opt/airflow/dags/cancellations_etl_dag.py for tasks to queue
[2025-05-31T23:05:20.734+0000] {logging_mixin.py:151} INFO - [2025-05-31T23:05:20.734+0000] {dagbag.py:539} INFO - Filling up the DagBag from /opt/airflow/dags/cancellations_etl_dag.py
[2025-05-31T23:05:20.909+0000] {logging_mixin.py:151} INFO - Cancellations ETL DAG has been defined.
[2025-05-31T23:05:20.912+0000] {processor.py:839} INFO - DAG(s) dict_keys(['cancellations_etl_dag']) retrieved from /opt/airflow/dags/cancellations_etl_dag.py
[2025-05-31T23:05:20.949+0000] {logging_mixin.py:151} INFO - [2025-05-31T23:05:20.948+0000] {dag.py:2915} INFO - Sync 1 DAGs
[2025-05-31T23:05:20.983+0000] {logging_mixin.py:151} INFO - [2025-05-31T23:05:20.983+0000] {dag.py:3696} INFO - Setting next_dagrun for cancellations_etl_dag to 2025-05-31T00:00:00+00:00, run_after=2025-06-01T00:00:00+00:00
[2025-05-31T23:05:21.002+0000] {processor.py:179} INFO - Processing /opt/airflow/dags/cancellations_etl_dag.py took 0.272 seconds
[2025-05-31T23:22:42.301+0000] {processor.py:157} INFO - Started process (PID=29980) to work on /opt/airflow/dags/cancellations_etl_dag.py
[2025-05-31T23:22:42.302+0000] {processor.py:829} INFO - Processing file /opt/airflow/dags/cancellations_etl_dag.py for tasks to queue
[2025-05-31T23:22:42.302+0000] {logging_mixin.py:151} INFO - [2025-05-31T23:22:42.302+0000] {dagbag.py:539} INFO - Filling up the DagBag from /opt/airflow/dags/cancellations_etl_dag.py
[2025-05-31T23:22:42.444+0000] {logging_mixin.py:151} INFO - Cancellations ETL DAG has been defined.
[2025-05-31T23:22:42.446+0000] {processor.py:839} INFO - DAG(s) dict_keys(['cancellations_etl_dag']) retrieved from /opt/airflow/dags/cancellations_etl_dag.py
[2025-05-31T23:22:42.462+0000] {logging_mixin.py:151} INFO - [2025-05-31T23:22:42.461+0000] {dag.py:2915} INFO - Sync 1 DAGs
[2025-05-31T23:22:42.475+0000] {logging_mixin.py:151} INFO - [2025-05-31T23:22:42.475+0000] {dag.py:3696} INFO - Setting next_dagrun for cancellations_etl_dag to 2025-05-31T00:00:00+00:00, run_after=2025-06-01T00:00:00+00:00
[2025-05-31T23:22:42.484+0000] {processor.py:179} INFO - Processing /opt/airflow/dags/cancellations_etl_dag.py took 0.184 seconds
