[2025-05-31T00:04:21.738+0000] {processor.py:157} INFO - Started process (PID=28993) to work on /opt/airflow/dags/punctuality_etl_dag.py
[2025-05-31T00:04:21.744+0000] {processor.py:829} INFO - Processing file /opt/airflow/dags/punctuality_etl_dag.py for tasks to queue
[2025-05-31T00:04:21.749+0000] {logging_mixin.py:151} INFO - [2025-05-31T00:04:21.748+0000] {dagbag.py:539} INFO - Filling up the DagBag from /opt/airflow/dags/punctuality_etl_dag.py
[2025-05-31T00:04:21.938+0000] {logging_mixin.py:151} INFO - Punctuality ETL DAG has been defined.
[2025-05-31T00:04:21.957+0000] {processor.py:839} INFO - DAG(s) dict_keys(['punctuality_etl_dag']) retrieved from /opt/airflow/dags/punctuality_etl_dag.py
[2025-05-31T00:04:22.087+0000] {logging_mixin.py:151} INFO - [2025-05-31T00:04:22.086+0000] {dag.py:2915} INFO - Sync 1 DAGs
[2025-05-31T00:04:22.135+0000] {logging_mixin.py:151} INFO - [2025-05-31T00:04:22.134+0000] {dag.py:3696} INFO - Setting next_dagrun for punctuality_etl_dag to 2025-05-31T00:00:00+00:00, run_after=2025-06-01T00:00:00+00:00
[2025-05-31T00:04:22.174+0000] {processor.py:179} INFO - Processing /opt/airflow/dags/punctuality_etl_dag.py took 0.439 seconds
[2025-05-31T00:45:02.486+0000] {processor.py:157} INFO - Started process (PID=29025) to work on /opt/airflow/dags/punctuality_etl_dag.py
[2025-05-31T00:45:02.488+0000] {processor.py:829} INFO - Processing file /opt/airflow/dags/punctuality_etl_dag.py for tasks to queue
[2025-05-31T00:45:02.490+0000] {logging_mixin.py:151} INFO - [2025-05-31T00:45:02.490+0000] {dagbag.py:539} INFO - Filling up the DagBag from /opt/airflow/dags/punctuality_etl_dag.py
[2025-05-31T00:45:02.943+0000] {logging_mixin.py:151} INFO - Punctuality ETL DAG has been defined.
[2025-05-31T00:45:02.948+0000] {processor.py:839} INFO - DAG(s) dict_keys(['punctuality_etl_dag']) retrieved from /opt/airflow/dags/punctuality_etl_dag.py
[2025-05-31T00:45:02.979+0000] {logging_mixin.py:151} INFO - [2025-05-31T00:45:02.979+0000] {dag.py:2915} INFO - Sync 1 DAGs
[2025-05-31T00:45:03.001+0000] {logging_mixin.py:151} INFO - [2025-05-31T00:45:03.001+0000] {dag.py:3696} INFO - Setting next_dagrun for punctuality_etl_dag to 2025-05-31T00:00:00+00:00, run_after=2025-06-01T00:00:00+00:00
[2025-05-31T00:45:03.024+0000] {processor.py:179} INFO - Processing /opt/airflow/dags/punctuality_etl_dag.py took 0.552 seconds
[2025-05-31T01:18:46.295+0000] {processor.py:157} INFO - Started process (PID=29046) to work on /opt/airflow/dags/punctuality_etl_dag.py
[2025-05-31T01:18:46.297+0000] {processor.py:829} INFO - Processing file /opt/airflow/dags/punctuality_etl_dag.py for tasks to queue
[2025-05-31T01:18:46.298+0000] {logging_mixin.py:151} INFO - [2025-05-31T01:18:46.297+0000] {dagbag.py:539} INFO - Filling up the DagBag from /opt/airflow/dags/punctuality_etl_dag.py
[2025-05-31T01:18:46.500+0000] {logging_mixin.py:151} INFO - Punctuality ETL DAG has been defined.
[2025-05-31T01:18:46.503+0000] {processor.py:839} INFO - DAG(s) dict_keys(['punctuality_etl_dag']) retrieved from /opt/airflow/dags/punctuality_etl_dag.py
[2025-05-31T01:18:46.544+0000] {logging_mixin.py:151} INFO - [2025-05-31T01:18:46.544+0000] {dag.py:2915} INFO - Sync 1 DAGs
[2025-05-31T01:18:46.574+0000] {logging_mixin.py:151} INFO - [2025-05-31T01:18:46.573+0000] {dag.py:3696} INFO - Setting next_dagrun for punctuality_etl_dag to 2025-05-31T00:00:00+00:00, run_after=2025-06-01T00:00:00+00:00
[2025-05-31T01:18:46.596+0000] {processor.py:179} INFO - Processing /opt/airflow/dags/punctuality_etl_dag.py took 0.305 seconds
[2025-05-31T01:46:13.457+0000] {processor.py:157} INFO - Started process (PID=29064) to work on /opt/airflow/dags/punctuality_etl_dag.py
[2025-05-31T01:46:13.460+0000] {processor.py:829} INFO - Processing file /opt/airflow/dags/punctuality_etl_dag.py for tasks to queue
[2025-05-31T01:46:13.462+0000] {logging_mixin.py:151} INFO - [2025-05-31T01:46:13.461+0000] {dagbag.py:539} INFO - Filling up the DagBag from /opt/airflow/dags/punctuality_etl_dag.py
[2025-05-31T01:46:13.855+0000] {logging_mixin.py:151} INFO - Punctuality ETL DAG has been defined.
[2025-05-31T01:46:13.861+0000] {processor.py:839} INFO - DAG(s) dict_keys(['punctuality_etl_dag']) retrieved from /opt/airflow/dags/punctuality_etl_dag.py
[2025-05-31T01:46:13.895+0000] {logging_mixin.py:151} INFO - [2025-05-31T01:46:13.895+0000] {dag.py:2915} INFO - Sync 1 DAGs
[2025-05-31T01:46:13.920+0000] {logging_mixin.py:151} INFO - [2025-05-31T01:46:13.920+0000] {dag.py:3696} INFO - Setting next_dagrun for punctuality_etl_dag to 2025-05-31T00:00:00+00:00, run_after=2025-06-01T00:00:00+00:00
[2025-05-31T01:46:13.939+0000] {processor.py:179} INFO - Processing /opt/airflow/dags/punctuality_etl_dag.py took 0.489 seconds
[2025-05-31T02:25:51.564+0000] {processor.py:157} INFO - Started process (PID=29082) to work on /opt/airflow/dags/punctuality_etl_dag.py
[2025-05-31T02:25:51.565+0000] {processor.py:829} INFO - Processing file /opt/airflow/dags/punctuality_etl_dag.py for tasks to queue
[2025-05-31T02:25:51.567+0000] {logging_mixin.py:151} INFO - [2025-05-31T02:25:51.566+0000] {dagbag.py:539} INFO - Filling up the DagBag from /opt/airflow/dags/punctuality_etl_dag.py
[2025-05-31T02:25:51.827+0000] {logging_mixin.py:151} INFO - Punctuality ETL DAG has been defined.
[2025-05-31T02:25:51.833+0000] {processor.py:839} INFO - DAG(s) dict_keys(['punctuality_etl_dag']) retrieved from /opt/airflow/dags/punctuality_etl_dag.py
[2025-05-31T02:25:51.867+0000] {logging_mixin.py:151} INFO - [2025-05-31T02:25:51.867+0000] {dag.py:2915} INFO - Sync 1 DAGs
[2025-05-31T02:25:51.905+0000] {logging_mixin.py:151} INFO - [2025-05-31T02:25:51.905+0000] {dag.py:3696} INFO - Setting next_dagrun for punctuality_etl_dag to 2025-05-31T00:00:00+00:00, run_after=2025-06-01T00:00:00+00:00
[2025-05-31T02:25:51.922+0000] {processor.py:179} INFO - Processing /opt/airflow/dags/punctuality_etl_dag.py took 0.363 seconds
[2025-05-31T02:59:23.945+0000] {processor.py:157} INFO - Started process (PID=29100) to work on /opt/airflow/dags/punctuality_etl_dag.py
[2025-05-31T02:59:23.947+0000] {processor.py:829} INFO - Processing file /opt/airflow/dags/punctuality_etl_dag.py for tasks to queue
[2025-05-31T02:59:23.951+0000] {logging_mixin.py:151} INFO - [2025-05-31T02:59:23.949+0000] {dagbag.py:539} INFO - Filling up the DagBag from /opt/airflow/dags/punctuality_etl_dag.py
[2025-05-31T02:59:24.320+0000] {logging_mixin.py:151} INFO - Punctuality ETL DAG has been defined.
[2025-05-31T02:59:24.327+0000] {processor.py:839} INFO - DAG(s) dict_keys(['punctuality_etl_dag']) retrieved from /opt/airflow/dags/punctuality_etl_dag.py
[2025-05-31T02:59:24.377+0000] {logging_mixin.py:151} INFO - [2025-05-31T02:59:24.377+0000] {dag.py:2915} INFO - Sync 1 DAGs
[2025-05-31T02:59:24.420+0000] {logging_mixin.py:151} INFO - [2025-05-31T02:59:24.420+0000] {dag.py:3696} INFO - Setting next_dagrun for punctuality_etl_dag to 2025-05-31T00:00:00+00:00, run_after=2025-06-01T00:00:00+00:00
[2025-05-31T02:59:24.449+0000] {processor.py:179} INFO - Processing /opt/airflow/dags/punctuality_etl_dag.py took 0.513 seconds
[2025-05-31T04:07:43.300+0000] {processor.py:157} INFO - Started process (PID=29117) to work on /opt/airflow/dags/punctuality_etl_dag.py
[2025-05-31T04:07:43.304+0000] {processor.py:829} INFO - Processing file /opt/airflow/dags/punctuality_etl_dag.py for tasks to queue
[2025-05-31T04:07:43.306+0000] {logging_mixin.py:151} INFO - [2025-05-31T04:07:43.306+0000] {dagbag.py:539} INFO - Filling up the DagBag from /opt/airflow/dags/punctuality_etl_dag.py
[2025-05-31T04:07:43.695+0000] {logging_mixin.py:151} INFO - Punctuality ETL DAG has been defined.
[2025-05-31T04:07:43.700+0000] {processor.py:839} INFO - DAG(s) dict_keys(['punctuality_etl_dag']) retrieved from /opt/airflow/dags/punctuality_etl_dag.py
[2025-05-31T04:07:43.736+0000] {logging_mixin.py:151} INFO - [2025-05-31T04:07:43.735+0000] {dag.py:2915} INFO - Sync 1 DAGs
[2025-05-31T04:07:43.777+0000] {logging_mixin.py:151} INFO - [2025-05-31T04:07:43.777+0000] {dag.py:3696} INFO - Setting next_dagrun for punctuality_etl_dag to 2025-05-31T00:00:00+00:00, run_after=2025-06-01T00:00:00+00:00
[2025-05-31T04:07:43.799+0000] {processor.py:179} INFO - Processing /opt/airflow/dags/punctuality_etl_dag.py took 0.504 seconds
[2025-05-31T04:08:14.403+0000] {processor.py:157} INFO - Started process (PID=29136) to work on /opt/airflow/dags/punctuality_etl_dag.py
[2025-05-31T04:08:14.404+0000] {processor.py:829} INFO - Processing file /opt/airflow/dags/punctuality_etl_dag.py for tasks to queue
[2025-05-31T04:08:14.404+0000] {logging_mixin.py:151} INFO - [2025-05-31T04:08:14.404+0000] {dagbag.py:539} INFO - Filling up the DagBag from /opt/airflow/dags/punctuality_etl_dag.py
[2025-05-31T04:08:14.631+0000] {logging_mixin.py:151} INFO - Punctuality ETL DAG has been defined.
[2025-05-31T04:08:14.635+0000] {processor.py:839} INFO - DAG(s) dict_keys(['punctuality_etl_dag']) retrieved from /opt/airflow/dags/punctuality_etl_dag.py
[2025-05-31T04:08:14.652+0000] {logging_mixin.py:151} INFO - [2025-05-31T04:08:14.652+0000] {dag.py:2915} INFO - Sync 1 DAGs
[2025-05-31T04:08:14.668+0000] {logging_mixin.py:151} INFO - [2025-05-31T04:08:14.668+0000] {dag.py:3696} INFO - Setting next_dagrun for punctuality_etl_dag to 2025-05-31T00:00:00+00:00, run_after=2025-06-01T00:00:00+00:00
[2025-05-31T04:08:14.678+0000] {processor.py:179} INFO - Processing /opt/airflow/dags/punctuality_etl_dag.py took 0.279 seconds
[2025-05-31T05:15:30.215+0000] {processor.py:157} INFO - Started process (PID=29154) to work on /opt/airflow/dags/punctuality_etl_dag.py
[2025-05-31T05:15:30.216+0000] {processor.py:829} INFO - Processing file /opt/airflow/dags/punctuality_etl_dag.py for tasks to queue
[2025-05-31T05:15:30.218+0000] {logging_mixin.py:151} INFO - [2025-05-31T05:15:30.217+0000] {dagbag.py:539} INFO - Filling up the DagBag from /opt/airflow/dags/punctuality_etl_dag.py
[2025-05-31T05:15:30.522+0000] {logging_mixin.py:151} INFO - Punctuality ETL DAG has been defined.
[2025-05-31T05:15:30.527+0000] {processor.py:839} INFO - DAG(s) dict_keys(['punctuality_etl_dag']) retrieved from /opt/airflow/dags/punctuality_etl_dag.py
[2025-05-31T05:15:30.567+0000] {logging_mixin.py:151} INFO - [2025-05-31T05:15:30.567+0000] {dag.py:2915} INFO - Sync 1 DAGs
[2025-05-31T05:15:30.609+0000] {logging_mixin.py:151} INFO - [2025-05-31T05:15:30.609+0000] {dag.py:3696} INFO - Setting next_dagrun for punctuality_etl_dag to 2025-05-31T00:00:00+00:00, run_after=2025-06-01T00:00:00+00:00
[2025-05-31T05:15:30.638+0000] {processor.py:179} INFO - Processing /opt/airflow/dags/punctuality_etl_dag.py took 0.431 seconds
[2025-05-31T05:40:48.129+0000] {processor.py:157} INFO - Started process (PID=29171) to work on /opt/airflow/dags/punctuality_etl_dag.py
[2025-05-31T05:40:48.132+0000] {processor.py:829} INFO - Processing file /opt/airflow/dags/punctuality_etl_dag.py for tasks to queue
[2025-05-31T05:40:48.133+0000] {logging_mixin.py:151} INFO - [2025-05-31T05:40:48.133+0000] {dagbag.py:539} INFO - Filling up the DagBag from /opt/airflow/dags/punctuality_etl_dag.py
[2025-05-31T05:40:48.570+0000] {logging_mixin.py:151} INFO - Punctuality ETL DAG has been defined.
[2025-05-31T05:40:48.577+0000] {processor.py:839} INFO - DAG(s) dict_keys(['punctuality_etl_dag']) retrieved from /opt/airflow/dags/punctuality_etl_dag.py
[2025-05-31T05:40:48.628+0000] {logging_mixin.py:151} INFO - [2025-05-31T05:40:48.627+0000] {dag.py:2915} INFO - Sync 1 DAGs
[2025-05-31T05:40:48.674+0000] {logging_mixin.py:151} INFO - [2025-05-31T05:40:48.674+0000] {dag.py:3696} INFO - Setting next_dagrun for punctuality_etl_dag to 2025-05-31T00:00:00+00:00, run_after=2025-06-01T00:00:00+00:00
[2025-05-31T05:40:48.693+0000] {processor.py:179} INFO - Processing /opt/airflow/dags/punctuality_etl_dag.py took 0.578 seconds
[2025-05-31T06:31:14.469+0000] {processor.py:157} INFO - Started process (PID=29191) to work on /opt/airflow/dags/punctuality_etl_dag.py
[2025-05-31T06:31:14.472+0000] {processor.py:829} INFO - Processing file /opt/airflow/dags/punctuality_etl_dag.py for tasks to queue
[2025-05-31T06:31:14.474+0000] {logging_mixin.py:151} INFO - [2025-05-31T06:31:14.474+0000] {dagbag.py:539} INFO - Filling up the DagBag from /opt/airflow/dags/punctuality_etl_dag.py
[2025-05-31T06:31:14.742+0000] {logging_mixin.py:151} INFO - Punctuality ETL DAG has been defined.
[2025-05-31T06:31:14.746+0000] {processor.py:839} INFO - DAG(s) dict_keys(['punctuality_etl_dag']) retrieved from /opt/airflow/dags/punctuality_etl_dag.py
[2025-05-31T06:31:14.781+0000] {logging_mixin.py:151} INFO - [2025-05-31T06:31:14.779+0000] {dag.py:2915} INFO - Sync 1 DAGs
[2025-05-31T06:31:14.836+0000] {logging_mixin.py:151} INFO - [2025-05-31T06:31:14.836+0000] {dag.py:3696} INFO - Setting next_dagrun for punctuality_etl_dag to 2025-05-31T00:00:00+00:00, run_after=2025-06-01T00:00:00+00:00
[2025-05-31T06:31:14.878+0000] {processor.py:179} INFO - Processing /opt/airflow/dags/punctuality_etl_dag.py took 0.416 seconds
[2025-05-31T06:31:52.563+0000] {processor.py:157} INFO - Started process (PID=29208) to work on /opt/airflow/dags/punctuality_etl_dag.py
[2025-05-31T06:31:52.566+0000] {processor.py:829} INFO - Processing file /opt/airflow/dags/punctuality_etl_dag.py for tasks to queue
[2025-05-31T06:31:52.568+0000] {logging_mixin.py:151} INFO - [2025-05-31T06:31:52.568+0000] {dagbag.py:539} INFO - Filling up the DagBag from /opt/airflow/dags/punctuality_etl_dag.py
[2025-05-31T06:31:52.802+0000] {logging_mixin.py:151} INFO - Punctuality ETL DAG has been defined.
[2025-05-31T06:31:52.805+0000] {processor.py:839} INFO - DAG(s) dict_keys(['punctuality_etl_dag']) retrieved from /opt/airflow/dags/punctuality_etl_dag.py
[2025-05-31T06:31:52.832+0000] {logging_mixin.py:151} INFO - [2025-05-31T06:31:52.832+0000] {dag.py:2915} INFO - Sync 1 DAGs
[2025-05-31T06:31:52.855+0000] {logging_mixin.py:151} INFO - [2025-05-31T06:31:52.855+0000] {dag.py:3696} INFO - Setting next_dagrun for punctuality_etl_dag to 2025-05-31T00:00:00+00:00, run_after=2025-06-01T00:00:00+00:00
[2025-05-31T06:31:52.867+0000] {processor.py:179} INFO - Processing /opt/airflow/dags/punctuality_etl_dag.py took 0.320 seconds
[2025-05-31T07:24:24.120+0000] {processor.py:157} INFO - Started process (PID=29228) to work on /opt/airflow/dags/punctuality_etl_dag.py
[2025-05-31T07:24:24.121+0000] {processor.py:829} INFO - Processing file /opt/airflow/dags/punctuality_etl_dag.py for tasks to queue
[2025-05-31T07:24:24.122+0000] {logging_mixin.py:151} INFO - [2025-05-31T07:24:24.122+0000] {dagbag.py:539} INFO - Filling up the DagBag from /opt/airflow/dags/punctuality_etl_dag.py
[2025-05-31T07:24:24.357+0000] {logging_mixin.py:151} INFO - Punctuality ETL DAG has been defined.
[2025-05-31T07:24:24.366+0000] {processor.py:839} INFO - DAG(s) dict_keys(['punctuality_etl_dag']) retrieved from /opt/airflow/dags/punctuality_etl_dag.py
[2025-05-31T07:24:24.431+0000] {logging_mixin.py:151} INFO - [2025-05-31T07:24:24.431+0000] {dag.py:2915} INFO - Sync 1 DAGs
[2025-05-31T07:24:24.469+0000] {logging_mixin.py:151} INFO - [2025-05-31T07:24:24.469+0000] {dag.py:3696} INFO - Setting next_dagrun for punctuality_etl_dag to 2025-05-31T00:00:00+00:00, run_after=2025-06-01T00:00:00+00:00
[2025-05-31T07:24:24.494+0000] {processor.py:179} INFO - Processing /opt/airflow/dags/punctuality_etl_dag.py took 0.377 seconds
[2025-05-31T07:40:32.239+0000] {processor.py:157} INFO - Started process (PID=29246) to work on /opt/airflow/dags/punctuality_etl_dag.py
[2025-05-31T07:40:32.239+0000] {processor.py:829} INFO - Processing file /opt/airflow/dags/punctuality_etl_dag.py for tasks to queue
[2025-05-31T07:40:32.240+0000] {logging_mixin.py:151} INFO - [2025-05-31T07:40:32.240+0000] {dagbag.py:539} INFO - Filling up the DagBag from /opt/airflow/dags/punctuality_etl_dag.py
[2025-05-31T07:40:32.457+0000] {logging_mixin.py:151} INFO - Punctuality ETL DAG has been defined.
[2025-05-31T07:40:32.460+0000] {processor.py:839} INFO - DAG(s) dict_keys(['punctuality_etl_dag']) retrieved from /opt/airflow/dags/punctuality_etl_dag.py
[2025-05-31T07:40:32.483+0000] {logging_mixin.py:151} INFO - [2025-05-31T07:40:32.483+0000] {dag.py:2915} INFO - Sync 1 DAGs
[2025-05-31T07:40:32.500+0000] {logging_mixin.py:151} INFO - [2025-05-31T07:40:32.500+0000] {dag.py:3696} INFO - Setting next_dagrun for punctuality_etl_dag to 2025-05-31T00:00:00+00:00, run_after=2025-06-01T00:00:00+00:00
[2025-05-31T07:40:32.511+0000] {processor.py:179} INFO - Processing /opt/airflow/dags/punctuality_etl_dag.py took 0.276 seconds
[2025-05-31T08:00:17.206+0000] {processor.py:157} INFO - Started process (PID=29264) to work on /opt/airflow/dags/punctuality_etl_dag.py
[2025-05-31T08:00:17.208+0000] {processor.py:829} INFO - Processing file /opt/airflow/dags/punctuality_etl_dag.py for tasks to queue
[2025-05-31T08:00:17.209+0000] {logging_mixin.py:151} INFO - [2025-05-31T08:00:17.208+0000] {dagbag.py:539} INFO - Filling up the DagBag from /opt/airflow/dags/punctuality_etl_dag.py
[2025-05-31T08:00:17.488+0000] {logging_mixin.py:151} INFO - Punctuality ETL DAG has been defined.
[2025-05-31T08:00:17.491+0000] {processor.py:839} INFO - DAG(s) dict_keys(['punctuality_etl_dag']) retrieved from /opt/airflow/dags/punctuality_etl_dag.py
[2025-05-31T08:00:17.511+0000] {logging_mixin.py:151} INFO - [2025-05-31T08:00:17.511+0000] {dag.py:2915} INFO - Sync 1 DAGs
[2025-05-31T08:00:17.528+0000] {logging_mixin.py:151} INFO - [2025-05-31T08:00:17.527+0000] {dag.py:3696} INFO - Setting next_dagrun for punctuality_etl_dag to 2025-05-31T00:00:00+00:00, run_after=2025-06-01T00:00:00+00:00
[2025-05-31T08:00:17.538+0000] {processor.py:179} INFO - Processing /opt/airflow/dags/punctuality_etl_dag.py took 0.340 seconds
[2025-05-31T08:35:11.310+0000] {processor.py:157} INFO - Started process (PID=29283) to work on /opt/airflow/dags/punctuality_etl_dag.py
[2025-05-31T08:35:11.312+0000] {processor.py:829} INFO - Processing file /opt/airflow/dags/punctuality_etl_dag.py for tasks to queue
[2025-05-31T08:35:11.316+0000] {logging_mixin.py:151} INFO - [2025-05-31T08:35:11.316+0000] {dagbag.py:539} INFO - Filling up the DagBag from /opt/airflow/dags/punctuality_etl_dag.py
[2025-05-31T08:35:11.696+0000] {logging_mixin.py:151} INFO - Punctuality ETL DAG has been defined.
[2025-05-31T08:35:11.702+0000] {processor.py:839} INFO - DAG(s) dict_keys(['punctuality_etl_dag']) retrieved from /opt/airflow/dags/punctuality_etl_dag.py
[2025-05-31T08:35:11.741+0000] {logging_mixin.py:151} INFO - [2025-05-31T08:35:11.740+0000] {dag.py:2915} INFO - Sync 1 DAGs
[2025-05-31T08:35:11.767+0000] {logging_mixin.py:151} INFO - [2025-05-31T08:35:11.767+0000] {dag.py:3696} INFO - Setting next_dagrun for punctuality_etl_dag to 2025-05-31T00:00:00+00:00, run_after=2025-06-01T00:00:00+00:00
[2025-05-31T08:35:11.784+0000] {processor.py:179} INFO - Processing /opt/airflow/dags/punctuality_etl_dag.py took 0.485 seconds
[2025-05-31T08:42:04.231+0000] {processor.py:157} INFO - Started process (PID=29302) to work on /opt/airflow/dags/punctuality_etl_dag.py
[2025-05-31T08:42:04.232+0000] {processor.py:829} INFO - Processing file /opt/airflow/dags/punctuality_etl_dag.py for tasks to queue
[2025-05-31T08:42:04.233+0000] {logging_mixin.py:151} INFO - [2025-05-31T08:42:04.232+0000] {dagbag.py:539} INFO - Filling up the DagBag from /opt/airflow/dags/punctuality_etl_dag.py
[2025-05-31T08:42:04.433+0000] {logging_mixin.py:151} INFO - Punctuality ETL DAG has been defined.
[2025-05-31T08:42:04.436+0000] {processor.py:839} INFO - DAG(s) dict_keys(['punctuality_etl_dag']) retrieved from /opt/airflow/dags/punctuality_etl_dag.py
[2025-05-31T08:42:04.460+0000] {logging_mixin.py:151} INFO - [2025-05-31T08:42:04.460+0000] {dag.py:2915} INFO - Sync 1 DAGs
[2025-05-31T08:42:04.479+0000] {logging_mixin.py:151} INFO - [2025-05-31T08:42:04.479+0000] {dag.py:3696} INFO - Setting next_dagrun for punctuality_etl_dag to 2025-05-31T00:00:00+00:00, run_after=2025-06-01T00:00:00+00:00
[2025-05-31T08:42:04.492+0000] {processor.py:179} INFO - Processing /opt/airflow/dags/punctuality_etl_dag.py took 0.264 seconds
[2025-05-31T09:31:21.978+0000] {processor.py:157} INFO - Started process (PID=29321) to work on /opt/airflow/dags/punctuality_etl_dag.py
[2025-05-31T09:31:21.980+0000] {processor.py:829} INFO - Processing file /opt/airflow/dags/punctuality_etl_dag.py for tasks to queue
[2025-05-31T09:31:21.981+0000] {logging_mixin.py:151} INFO - [2025-05-31T09:31:21.980+0000] {dagbag.py:539} INFO - Filling up the DagBag from /opt/airflow/dags/punctuality_etl_dag.py
[2025-05-31T09:31:22.315+0000] {logging_mixin.py:151} INFO - Punctuality ETL DAG has been defined.
[2025-05-31T09:31:22.320+0000] {processor.py:839} INFO - DAG(s) dict_keys(['punctuality_etl_dag']) retrieved from /opt/airflow/dags/punctuality_etl_dag.py
[2025-05-31T09:31:22.353+0000] {logging_mixin.py:151} INFO - [2025-05-31T09:31:22.352+0000] {dag.py:2915} INFO - Sync 1 DAGs
[2025-05-31T09:31:22.373+0000] {logging_mixin.py:151} INFO - [2025-05-31T09:31:22.373+0000] {dag.py:3696} INFO - Setting next_dagrun for punctuality_etl_dag to 2025-05-31T00:00:00+00:00, run_after=2025-06-01T00:00:00+00:00
[2025-05-31T09:31:22.401+0000] {processor.py:179} INFO - Processing /opt/airflow/dags/punctuality_etl_dag.py took 0.429 seconds
[2025-05-31T09:42:59.861+0000] {processor.py:157} INFO - Started process (PID=29340) to work on /opt/airflow/dags/punctuality_etl_dag.py
[2025-05-31T09:42:59.862+0000] {processor.py:829} INFO - Processing file /opt/airflow/dags/punctuality_etl_dag.py for tasks to queue
[2025-05-31T09:42:59.863+0000] {logging_mixin.py:151} INFO - [2025-05-31T09:42:59.863+0000] {dagbag.py:539} INFO - Filling up the DagBag from /opt/airflow/dags/punctuality_etl_dag.py
[2025-05-31T09:43:00.114+0000] {logging_mixin.py:151} INFO - Punctuality ETL DAG has been defined.
[2025-05-31T09:43:00.120+0000] {processor.py:839} INFO - DAG(s) dict_keys(['punctuality_etl_dag']) retrieved from /opt/airflow/dags/punctuality_etl_dag.py
[2025-05-31T09:43:00.162+0000] {logging_mixin.py:151} INFO - [2025-05-31T09:43:00.162+0000] {dag.py:2915} INFO - Sync 1 DAGs
[2025-05-31T09:43:00.190+0000] {logging_mixin.py:151} INFO - [2025-05-31T09:43:00.189+0000] {dag.py:3696} INFO - Setting next_dagrun for punctuality_etl_dag to 2025-05-31T00:00:00+00:00, run_after=2025-06-01T00:00:00+00:00
[2025-05-31T09:43:00.210+0000] {processor.py:179} INFO - Processing /opt/airflow/dags/punctuality_etl_dag.py took 0.354 seconds
[2025-05-31T10:18:01.143+0000] {processor.py:157} INFO - Started process (PID=29358) to work on /opt/airflow/dags/punctuality_etl_dag.py
[2025-05-31T10:18:01.144+0000] {processor.py:829} INFO - Processing file /opt/airflow/dags/punctuality_etl_dag.py for tasks to queue
[2025-05-31T10:18:01.145+0000] {logging_mixin.py:151} INFO - [2025-05-31T10:18:01.144+0000] {dagbag.py:539} INFO - Filling up the DagBag from /opt/airflow/dags/punctuality_etl_dag.py
[2025-05-31T10:18:01.373+0000] {logging_mixin.py:151} INFO - Punctuality ETL DAG has been defined.
[2025-05-31T10:18:01.376+0000] {processor.py:839} INFO - DAG(s) dict_keys(['punctuality_etl_dag']) retrieved from /opt/airflow/dags/punctuality_etl_dag.py
[2025-05-31T10:18:01.405+0000] {logging_mixin.py:151} INFO - [2025-05-31T10:18:01.404+0000] {dag.py:2915} INFO - Sync 1 DAGs
[2025-05-31T10:18:01.425+0000] {logging_mixin.py:151} INFO - [2025-05-31T10:18:01.425+0000] {dag.py:3696} INFO - Setting next_dagrun for punctuality_etl_dag to 2025-05-31T00:00:00+00:00, run_after=2025-06-01T00:00:00+00:00
[2025-05-31T10:18:01.437+0000] {processor.py:179} INFO - Processing /opt/airflow/dags/punctuality_etl_dag.py took 0.299 seconds
[2025-05-31T10:43:59.259+0000] {processor.py:157} INFO - Started process (PID=29378) to work on /opt/airflow/dags/punctuality_etl_dag.py
[2025-05-31T10:43:59.260+0000] {processor.py:829} INFO - Processing file /opt/airflow/dags/punctuality_etl_dag.py for tasks to queue
[2025-05-31T10:43:59.261+0000] {logging_mixin.py:151} INFO - [2025-05-31T10:43:59.261+0000] {dagbag.py:539} INFO - Filling up the DagBag from /opt/airflow/dags/punctuality_etl_dag.py
[2025-05-31T10:43:59.565+0000] {logging_mixin.py:151} INFO - Punctuality ETL DAG has been defined.
[2025-05-31T10:43:59.570+0000] {processor.py:839} INFO - DAG(s) dict_keys(['punctuality_etl_dag']) retrieved from /opt/airflow/dags/punctuality_etl_dag.py
[2025-05-31T10:43:59.609+0000] {logging_mixin.py:151} INFO - [2025-05-31T10:43:59.608+0000] {dag.py:2915} INFO - Sync 1 DAGs
[2025-05-31T10:43:59.633+0000] {logging_mixin.py:151} INFO - [2025-05-31T10:43:59.633+0000] {dag.py:3696} INFO - Setting next_dagrun for punctuality_etl_dag to 2025-05-31T00:00:00+00:00, run_after=2025-06-01T00:00:00+00:00
[2025-05-31T10:43:59.651+0000] {processor.py:179} INFO - Processing /opt/airflow/dags/punctuality_etl_dag.py took 0.398 seconds
[2025-05-31T11:17:16.409+0000] {processor.py:157} INFO - Started process (PID=29396) to work on /opt/airflow/dags/punctuality_etl_dag.py
[2025-05-31T11:17:16.411+0000] {processor.py:829} INFO - Processing file /opt/airflow/dags/punctuality_etl_dag.py for tasks to queue
[2025-05-31T11:17:16.412+0000] {logging_mixin.py:151} INFO - [2025-05-31T11:17:16.411+0000] {dagbag.py:539} INFO - Filling up the DagBag from /opt/airflow/dags/punctuality_etl_dag.py
[2025-05-31T11:17:16.768+0000] {logging_mixin.py:151} INFO - Punctuality ETL DAG has been defined.
[2025-05-31T11:17:16.775+0000] {processor.py:839} INFO - DAG(s) dict_keys(['punctuality_etl_dag']) retrieved from /opt/airflow/dags/punctuality_etl_dag.py
[2025-05-31T11:17:16.834+0000] {logging_mixin.py:151} INFO - [2025-05-31T11:17:16.833+0000] {dag.py:2915} INFO - Sync 1 DAGs
[2025-05-31T11:17:16.880+0000] {logging_mixin.py:151} INFO - [2025-05-31T11:17:16.880+0000] {dag.py:3696} INFO - Setting next_dagrun for punctuality_etl_dag to 2025-05-31T00:00:00+00:00, run_after=2025-06-01T00:00:00+00:00
[2025-05-31T11:17:16.906+0000] {processor.py:179} INFO - Processing /opt/airflow/dags/punctuality_etl_dag.py took 0.504 seconds
[2025-05-31T11:44:54.095+0000] {processor.py:157} INFO - Started process (PID=29413) to work on /opt/airflow/dags/punctuality_etl_dag.py
[2025-05-31T11:44:54.100+0000] {processor.py:829} INFO - Processing file /opt/airflow/dags/punctuality_etl_dag.py for tasks to queue
[2025-05-31T11:44:54.102+0000] {logging_mixin.py:151} INFO - [2025-05-31T11:44:54.101+0000] {dagbag.py:539} INFO - Filling up the DagBag from /opt/airflow/dags/punctuality_etl_dag.py
[2025-05-31T11:44:54.547+0000] {logging_mixin.py:151} INFO - Punctuality ETL DAG has been defined.
[2025-05-31T11:44:54.551+0000] {processor.py:839} INFO - DAG(s) dict_keys(['punctuality_etl_dag']) retrieved from /opt/airflow/dags/punctuality_etl_dag.py
[2025-05-31T11:44:54.586+0000] {logging_mixin.py:151} INFO - [2025-05-31T11:44:54.585+0000] {dag.py:2915} INFO - Sync 1 DAGs
[2025-05-31T11:44:54.608+0000] {logging_mixin.py:151} INFO - [2025-05-31T11:44:54.608+0000] {dag.py:3696} INFO - Setting next_dagrun for punctuality_etl_dag to 2025-05-31T00:00:00+00:00, run_after=2025-06-01T00:00:00+00:00
[2025-05-31T11:44:54.625+0000] {processor.py:179} INFO - Processing /opt/airflow/dags/punctuality_etl_dag.py took 0.546 seconds
[2025-05-31T12:15:57.457+0000] {processor.py:157} INFO - Started process (PID=29434) to work on /opt/airflow/dags/punctuality_etl_dag.py
[2025-05-31T12:15:57.459+0000] {processor.py:829} INFO - Processing file /opt/airflow/dags/punctuality_etl_dag.py for tasks to queue
[2025-05-31T12:15:57.461+0000] {logging_mixin.py:151} INFO - [2025-05-31T12:15:57.460+0000] {dagbag.py:539} INFO - Filling up the DagBag from /opt/airflow/dags/punctuality_etl_dag.py
[2025-05-31T12:15:57.853+0000] {logging_mixin.py:151} INFO - Punctuality ETL DAG has been defined.
[2025-05-31T12:15:57.866+0000] {processor.py:839} INFO - DAG(s) dict_keys(['punctuality_etl_dag']) retrieved from /opt/airflow/dags/punctuality_etl_dag.py
[2025-05-31T12:15:57.928+0000] {logging_mixin.py:151} INFO - [2025-05-31T12:15:57.928+0000] {dag.py:2915} INFO - Sync 1 DAGs
[2025-05-31T12:15:57.987+0000] {logging_mixin.py:151} INFO - [2025-05-31T12:15:57.987+0000] {dag.py:3696} INFO - Setting next_dagrun for punctuality_etl_dag to 2025-05-31T00:00:00+00:00, run_after=2025-06-01T00:00:00+00:00
[2025-05-31T12:15:58.013+0000] {processor.py:179} INFO - Processing /opt/airflow/dags/punctuality_etl_dag.py took 0.561 seconds
[2025-05-31T12:45:49.372+0000] {processor.py:157} INFO - Started process (PID=29451) to work on /opt/airflow/dags/punctuality_etl_dag.py
[2025-05-31T12:45:49.374+0000] {processor.py:829} INFO - Processing file /opt/airflow/dags/punctuality_etl_dag.py for tasks to queue
[2025-05-31T12:45:49.375+0000] {logging_mixin.py:151} INFO - [2025-05-31T12:45:49.375+0000] {dagbag.py:539} INFO - Filling up the DagBag from /opt/airflow/dags/punctuality_etl_dag.py
[2025-05-31T12:45:49.703+0000] {logging_mixin.py:151} INFO - Punctuality ETL DAG has been defined.
[2025-05-31T12:45:49.710+0000] {processor.py:839} INFO - DAG(s) dict_keys(['punctuality_etl_dag']) retrieved from /opt/airflow/dags/punctuality_etl_dag.py
[2025-05-31T12:45:49.777+0000] {logging_mixin.py:151} INFO - [2025-05-31T12:45:49.777+0000] {dag.py:2915} INFO - Sync 1 DAGs
[2025-05-31T12:45:49.808+0000] {logging_mixin.py:151} INFO - [2025-05-31T12:45:49.808+0000] {dag.py:3696} INFO - Setting next_dagrun for punctuality_etl_dag to 2025-05-31T00:00:00+00:00, run_after=2025-06-01T00:00:00+00:00
[2025-05-31T12:45:49.824+0000] {processor.py:179} INFO - Processing /opt/airflow/dags/punctuality_etl_dag.py took 0.459 seconds
[2025-05-31T13:04:10.149+0000] {processor.py:157} INFO - Started process (PID=29470) to work on /opt/airflow/dags/punctuality_etl_dag.py
[2025-05-31T13:04:10.151+0000] {processor.py:829} INFO - Processing file /opt/airflow/dags/punctuality_etl_dag.py for tasks to queue
[2025-05-31T13:04:10.152+0000] {logging_mixin.py:151} INFO - [2025-05-31T13:04:10.152+0000] {dagbag.py:539} INFO - Filling up the DagBag from /opt/airflow/dags/punctuality_etl_dag.py
[2025-05-31T13:04:10.401+0000] {logging_mixin.py:151} INFO - Punctuality ETL DAG has been defined.
[2025-05-31T13:04:10.405+0000] {processor.py:839} INFO - DAG(s) dict_keys(['punctuality_etl_dag']) retrieved from /opt/airflow/dags/punctuality_etl_dag.py
[2025-05-31T13:04:10.437+0000] {logging_mixin.py:151} INFO - [2025-05-31T13:04:10.436+0000] {dag.py:2915} INFO - Sync 1 DAGs
[2025-05-31T13:04:10.466+0000] {logging_mixin.py:151} INFO - [2025-05-31T13:04:10.466+0000] {dag.py:3696} INFO - Setting next_dagrun for punctuality_etl_dag to 2025-05-31T00:00:00+00:00, run_after=2025-06-01T00:00:00+00:00
[2025-05-31T13:04:10.479+0000] {processor.py:179} INFO - Processing /opt/airflow/dags/punctuality_etl_dag.py took 0.335 seconds
[2025-05-31T13:36:10.898+0000] {processor.py:157} INFO - Started process (PID=29489) to work on /opt/airflow/dags/punctuality_etl_dag.py
[2025-05-31T13:36:10.902+0000] {processor.py:829} INFO - Processing file /opt/airflow/dags/punctuality_etl_dag.py for tasks to queue
[2025-05-31T13:36:10.906+0000] {logging_mixin.py:151} INFO - [2025-05-31T13:36:10.906+0000] {dagbag.py:539} INFO - Filling up the DagBag from /opt/airflow/dags/punctuality_etl_dag.py
[2025-05-31T13:36:11.275+0000] {logging_mixin.py:151} INFO - Punctuality ETL DAG has been defined.
[2025-05-31T13:36:11.285+0000] {processor.py:839} INFO - DAG(s) dict_keys(['punctuality_etl_dag']) retrieved from /opt/airflow/dags/punctuality_etl_dag.py
[2025-05-31T13:36:11.347+0000] {logging_mixin.py:151} INFO - [2025-05-31T13:36:11.347+0000] {dag.py:2915} INFO - Sync 1 DAGs
[2025-05-31T13:36:11.389+0000] {logging_mixin.py:151} INFO - [2025-05-31T13:36:11.389+0000] {dag.py:3696} INFO - Setting next_dagrun for punctuality_etl_dag to 2025-05-31T00:00:00+00:00, run_after=2025-06-01T00:00:00+00:00
[2025-05-31T13:36:11.417+0000] {processor.py:179} INFO - Processing /opt/airflow/dags/punctuality_etl_dag.py took 0.528 seconds
[2025-05-31T13:47:13.705+0000] {processor.py:157} INFO - Started process (PID=29508) to work on /opt/airflow/dags/punctuality_etl_dag.py
[2025-05-31T13:47:13.706+0000] {processor.py:829} INFO - Processing file /opt/airflow/dags/punctuality_etl_dag.py for tasks to queue
[2025-05-31T13:47:13.708+0000] {logging_mixin.py:151} INFO - [2025-05-31T13:47:13.707+0000] {dagbag.py:539} INFO - Filling up the DagBag from /opt/airflow/dags/punctuality_etl_dag.py
[2025-05-31T13:47:14.067+0000] {logging_mixin.py:151} INFO - Punctuality ETL DAG has been defined.
[2025-05-31T13:47:14.073+0000] {processor.py:839} INFO - DAG(s) dict_keys(['punctuality_etl_dag']) retrieved from /opt/airflow/dags/punctuality_etl_dag.py
[2025-05-31T13:47:14.105+0000] {logging_mixin.py:151} INFO - [2025-05-31T13:47:14.105+0000] {dag.py:2915} INFO - Sync 1 DAGs
[2025-05-31T13:47:14.128+0000] {logging_mixin.py:151} INFO - [2025-05-31T13:47:14.128+0000] {dag.py:3696} INFO - Setting next_dagrun for punctuality_etl_dag to 2025-05-31T00:00:00+00:00, run_after=2025-06-01T00:00:00+00:00
[2025-05-31T13:47:14.143+0000] {processor.py:179} INFO - Processing /opt/airflow/dags/punctuality_etl_dag.py took 0.443 seconds
[2025-05-31T14:19:57.812+0000] {processor.py:157} INFO - Started process (PID=29525) to work on /opt/airflow/dags/punctuality_etl_dag.py
[2025-05-31T14:19:57.817+0000] {processor.py:829} INFO - Processing file /opt/airflow/dags/punctuality_etl_dag.py for tasks to queue
[2025-05-31T14:19:57.818+0000] {logging_mixin.py:151} INFO - [2025-05-31T14:19:57.817+0000] {dagbag.py:539} INFO - Filling up the DagBag from /opt/airflow/dags/punctuality_etl_dag.py
[2025-05-31T14:19:58.278+0000] {logging_mixin.py:151} INFO - Punctuality ETL DAG has been defined.
[2025-05-31T14:19:58.286+0000] {processor.py:839} INFO - DAG(s) dict_keys(['punctuality_etl_dag']) retrieved from /opt/airflow/dags/punctuality_etl_dag.py
[2025-05-31T14:19:58.338+0000] {logging_mixin.py:151} INFO - [2025-05-31T14:19:58.338+0000] {dag.py:2915} INFO - Sync 1 DAGs
[2025-05-31T14:19:58.366+0000] {logging_mixin.py:151} INFO - [2025-05-31T14:19:58.365+0000] {dag.py:3696} INFO - Setting next_dagrun for punctuality_etl_dag to 2025-05-31T00:00:00+00:00, run_after=2025-06-01T00:00:00+00:00
[2025-05-31T14:19:58.390+0000] {processor.py:179} INFO - Processing /opt/airflow/dags/punctuality_etl_dag.py took 0.588 seconds
[2025-05-31T14:33:35.894+0000] {processor.py:157} INFO - Started process (PID=29543) to work on /opt/airflow/dags/punctuality_etl_dag.py
[2025-05-31T14:33:35.896+0000] {processor.py:829} INFO - Processing file /opt/airflow/dags/punctuality_etl_dag.py for tasks to queue
[2025-05-31T14:33:35.897+0000] {logging_mixin.py:151} INFO - [2025-05-31T14:33:35.897+0000] {dagbag.py:539} INFO - Filling up the DagBag from /opt/airflow/dags/punctuality_etl_dag.py
[2025-05-31T14:33:36.256+0000] {logging_mixin.py:151} INFO - Punctuality ETL DAG has been defined.
[2025-05-31T14:33:36.262+0000] {processor.py:839} INFO - DAG(s) dict_keys(['punctuality_etl_dag']) retrieved from /opt/airflow/dags/punctuality_etl_dag.py
[2025-05-31T14:33:36.309+0000] {logging_mixin.py:151} INFO - [2025-05-31T14:33:36.308+0000] {dag.py:2915} INFO - Sync 1 DAGs
[2025-05-31T14:33:36.333+0000] {logging_mixin.py:151} INFO - [2025-05-31T14:33:36.332+0000] {dag.py:3696} INFO - Setting next_dagrun for punctuality_etl_dag to 2025-05-31T00:00:00+00:00, run_after=2025-06-01T00:00:00+00:00
[2025-05-31T14:33:36.347+0000] {processor.py:179} INFO - Processing /opt/airflow/dags/punctuality_etl_dag.py took 0.463 seconds
[2025-05-31T14:34:06.835+0000] {processor.py:157} INFO - Started process (PID=29562) to work on /opt/airflow/dags/punctuality_etl_dag.py
[2025-05-31T14:34:06.836+0000] {processor.py:829} INFO - Processing file /opt/airflow/dags/punctuality_etl_dag.py for tasks to queue
[2025-05-31T14:34:06.837+0000] {logging_mixin.py:151} INFO - [2025-05-31T14:34:06.837+0000] {dagbag.py:539} INFO - Filling up the DagBag from /opt/airflow/dags/punctuality_etl_dag.py
[2025-05-31T14:34:06.994+0000] {logging_mixin.py:151} INFO - Punctuality ETL DAG has been defined.
[2025-05-31T14:34:06.996+0000] {processor.py:839} INFO - DAG(s) dict_keys(['punctuality_etl_dag']) retrieved from /opt/airflow/dags/punctuality_etl_dag.py
[2025-05-31T14:34:07.013+0000] {logging_mixin.py:151} INFO - [2025-05-31T14:34:07.012+0000] {dag.py:2915} INFO - Sync 1 DAGs
[2025-05-31T14:34:07.028+0000] {logging_mixin.py:151} INFO - [2025-05-31T14:34:07.027+0000] {dag.py:3696} INFO - Setting next_dagrun for punctuality_etl_dag to 2025-05-31T00:00:00+00:00, run_after=2025-06-01T00:00:00+00:00
[2025-05-31T14:34:07.037+0000] {processor.py:179} INFO - Processing /opt/airflow/dags/punctuality_etl_dag.py took 0.206 seconds
[2025-05-31T14:34:37.554+0000] {processor.py:157} INFO - Started process (PID=29580) to work on /opt/airflow/dags/punctuality_etl_dag.py
[2025-05-31T14:34:37.555+0000] {processor.py:829} INFO - Processing file /opt/airflow/dags/punctuality_etl_dag.py for tasks to queue
[2025-05-31T14:34:37.556+0000] {logging_mixin.py:151} INFO - [2025-05-31T14:34:37.556+0000] {dagbag.py:539} INFO - Filling up the DagBag from /opt/airflow/dags/punctuality_etl_dag.py
[2025-05-31T14:34:37.716+0000] {logging_mixin.py:151} INFO - Punctuality ETL DAG has been defined.
[2025-05-31T14:34:37.718+0000] {processor.py:839} INFO - DAG(s) dict_keys(['punctuality_etl_dag']) retrieved from /opt/airflow/dags/punctuality_etl_dag.py
[2025-05-31T14:34:37.736+0000] {logging_mixin.py:151} INFO - [2025-05-31T14:34:37.735+0000] {dag.py:2915} INFO - Sync 1 DAGs
[2025-05-31T14:34:37.749+0000] {logging_mixin.py:151} INFO - [2025-05-31T14:34:37.749+0000] {dag.py:3696} INFO - Setting next_dagrun for punctuality_etl_dag to 2025-05-31T00:00:00+00:00, run_after=2025-06-01T00:00:00+00:00
[2025-05-31T14:34:37.759+0000] {processor.py:179} INFO - Processing /opt/airflow/dags/punctuality_etl_dag.py took 0.209 seconds
[2025-05-31T14:51:38.570+0000] {processor.py:157} INFO - Started process (PID=29598) to work on /opt/airflow/dags/punctuality_etl_dag.py
[2025-05-31T14:51:38.573+0000] {processor.py:829} INFO - Processing file /opt/airflow/dags/punctuality_etl_dag.py for tasks to queue
[2025-05-31T14:51:38.578+0000] {logging_mixin.py:151} INFO - [2025-05-31T14:51:38.577+0000] {dagbag.py:539} INFO - Filling up the DagBag from /opt/airflow/dags/punctuality_etl_dag.py
[2025-05-31T14:51:39.054+0000] {logging_mixin.py:151} INFO - Punctuality ETL DAG has been defined.
[2025-05-31T14:51:39.064+0000] {processor.py:839} INFO - DAG(s) dict_keys(['punctuality_etl_dag']) retrieved from /opt/airflow/dags/punctuality_etl_dag.py
[2025-05-31T14:51:39.106+0000] {logging_mixin.py:151} INFO - [2025-05-31T14:51:39.106+0000] {dag.py:2915} INFO - Sync 1 DAGs
[2025-05-31T14:51:39.131+0000] {logging_mixin.py:151} INFO - [2025-05-31T14:51:39.131+0000] {dag.py:3696} INFO - Setting next_dagrun for punctuality_etl_dag to 2025-05-31T00:00:00+00:00, run_after=2025-06-01T00:00:00+00:00
[2025-05-31T14:51:39.152+0000] {processor.py:179} INFO - Processing /opt/airflow/dags/punctuality_etl_dag.py took 0.590 seconds
[2025-05-31T14:57:13.545+0000] {processor.py:157} INFO - Started process (PID=29616) to work on /opt/airflow/dags/punctuality_etl_dag.py
[2025-05-31T14:57:13.546+0000] {processor.py:829} INFO - Processing file /opt/airflow/dags/punctuality_etl_dag.py for tasks to queue
[2025-05-31T14:57:13.547+0000] {logging_mixin.py:151} INFO - [2025-05-31T14:57:13.547+0000] {dagbag.py:539} INFO - Filling up the DagBag from /opt/airflow/dags/punctuality_etl_dag.py
[2025-05-31T14:57:13.834+0000] {logging_mixin.py:151} INFO - Punctuality ETL DAG has been defined.
[2025-05-31T14:57:13.838+0000] {processor.py:839} INFO - DAG(s) dict_keys(['punctuality_etl_dag']) retrieved from /opt/airflow/dags/punctuality_etl_dag.py
[2025-05-31T14:57:13.867+0000] {logging_mixin.py:151} INFO - [2025-05-31T14:57:13.866+0000] {dag.py:2915} INFO - Sync 1 DAGs
[2025-05-31T14:57:13.893+0000] {logging_mixin.py:151} INFO - [2025-05-31T14:57:13.892+0000] {dag.py:3696} INFO - Setting next_dagrun for punctuality_etl_dag to 2025-05-31T00:00:00+00:00, run_after=2025-06-01T00:00:00+00:00
[2025-05-31T14:57:13.910+0000] {processor.py:179} INFO - Processing /opt/airflow/dags/punctuality_etl_dag.py took 0.371 seconds
[2025-05-31T14:57:44.283+0000] {processor.py:157} INFO - Started process (PID=29634) to work on /opt/airflow/dags/punctuality_etl_dag.py
[2025-05-31T14:57:44.284+0000] {processor.py:829} INFO - Processing file /opt/airflow/dags/punctuality_etl_dag.py for tasks to queue
[2025-05-31T14:57:44.285+0000] {logging_mixin.py:151} INFO - [2025-05-31T14:57:44.285+0000] {dagbag.py:539} INFO - Filling up the DagBag from /opt/airflow/dags/punctuality_etl_dag.py
[2025-05-31T14:57:44.473+0000] {logging_mixin.py:151} INFO - Punctuality ETL DAG has been defined.
[2025-05-31T14:57:44.476+0000] {processor.py:839} INFO - DAG(s) dict_keys(['punctuality_etl_dag']) retrieved from /opt/airflow/dags/punctuality_etl_dag.py
[2025-05-31T14:57:44.494+0000] {logging_mixin.py:151} INFO - [2025-05-31T14:57:44.494+0000] {dag.py:2915} INFO - Sync 1 DAGs
[2025-05-31T14:57:44.509+0000] {logging_mixin.py:151} INFO - [2025-05-31T14:57:44.509+0000] {dag.py:3696} INFO - Setting next_dagrun for punctuality_etl_dag to 2025-05-31T00:00:00+00:00, run_after=2025-06-01T00:00:00+00:00
[2025-05-31T14:57:44.521+0000] {processor.py:179} INFO - Processing /opt/airflow/dags/punctuality_etl_dag.py took 0.242 seconds
[2025-05-31T14:58:14.961+0000] {processor.py:157} INFO - Started process (PID=29652) to work on /opt/airflow/dags/punctuality_etl_dag.py
[2025-05-31T14:58:14.961+0000] {processor.py:829} INFO - Processing file /opt/airflow/dags/punctuality_etl_dag.py for tasks to queue
[2025-05-31T14:58:14.962+0000] {logging_mixin.py:151} INFO - [2025-05-31T14:58:14.962+0000] {dagbag.py:539} INFO - Filling up the DagBag from /opt/airflow/dags/punctuality_etl_dag.py
[2025-05-31T14:58:15.155+0000] {logging_mixin.py:151} INFO - Punctuality ETL DAG has been defined.
[2025-05-31T14:58:15.159+0000] {processor.py:839} INFO - DAG(s) dict_keys(['punctuality_etl_dag']) retrieved from /opt/airflow/dags/punctuality_etl_dag.py
[2025-05-31T14:58:15.195+0000] {logging_mixin.py:151} INFO - [2025-05-31T14:58:15.194+0000] {dag.py:2915} INFO - Sync 1 DAGs
[2025-05-31T14:58:15.212+0000] {logging_mixin.py:151} INFO - [2025-05-31T14:58:15.212+0000] {dag.py:3696} INFO - Setting next_dagrun for punctuality_etl_dag to 2025-05-31T00:00:00+00:00, run_after=2025-06-01T00:00:00+00:00
[2025-05-31T14:58:15.222+0000] {processor.py:179} INFO - Processing /opt/airflow/dags/punctuality_etl_dag.py took 0.265 seconds
[2025-05-31T15:16:30.531+0000] {processor.py:157} INFO - Started process (PID=29671) to work on /opt/airflow/dags/punctuality_etl_dag.py
[2025-05-31T15:16:30.532+0000] {processor.py:829} INFO - Processing file /opt/airflow/dags/punctuality_etl_dag.py for tasks to queue
[2025-05-31T15:16:30.533+0000] {logging_mixin.py:151} INFO - [2025-05-31T15:16:30.533+0000] {dagbag.py:539} INFO - Filling up the DagBag from /opt/airflow/dags/punctuality_etl_dag.py
[2025-05-31T15:16:30.896+0000] {logging_mixin.py:151} INFO - Punctuality ETL DAG has been defined.
[2025-05-31T15:16:30.900+0000] {processor.py:839} INFO - DAG(s) dict_keys(['punctuality_etl_dag']) retrieved from /opt/airflow/dags/punctuality_etl_dag.py
[2025-05-31T15:16:30.936+0000] {logging_mixin.py:151} INFO - [2025-05-31T15:16:30.935+0000] {dag.py:2915} INFO - Sync 1 DAGs
[2025-05-31T15:16:30.953+0000] {logging_mixin.py:151} INFO - [2025-05-31T15:16:30.952+0000] {dag.py:3696} INFO - Setting next_dagrun for punctuality_etl_dag to 2025-05-31T00:00:00+00:00, run_after=2025-06-01T00:00:00+00:00
[2025-05-31T15:16:30.963+0000] {processor.py:179} INFO - Processing /opt/airflow/dags/punctuality_etl_dag.py took 0.439 seconds
[2025-05-31T15:50:44.909+0000] {processor.py:157} INFO - Started process (PID=29690) to work on /opt/airflow/dags/punctuality_etl_dag.py
[2025-05-31T15:50:44.911+0000] {processor.py:829} INFO - Processing file /opt/airflow/dags/punctuality_etl_dag.py for tasks to queue
[2025-05-31T15:50:44.913+0000] {logging_mixin.py:151} INFO - [2025-05-31T15:50:44.912+0000] {dagbag.py:539} INFO - Filling up the DagBag from /opt/airflow/dags/punctuality_etl_dag.py
[2025-05-31T15:50:45.158+0000] {logging_mixin.py:151} INFO - Punctuality ETL DAG has been defined.
[2025-05-31T15:50:45.163+0000] {processor.py:839} INFO - DAG(s) dict_keys(['punctuality_etl_dag']) retrieved from /opt/airflow/dags/punctuality_etl_dag.py
[2025-05-31T15:50:45.203+0000] {logging_mixin.py:151} INFO - [2025-05-31T15:50:45.202+0000] {dag.py:2915} INFO - Sync 1 DAGs
[2025-05-31T15:50:45.239+0000] {logging_mixin.py:151} INFO - [2025-05-31T15:50:45.239+0000] {dag.py:3696} INFO - Setting next_dagrun for punctuality_etl_dag to 2025-05-31T00:00:00+00:00, run_after=2025-06-01T00:00:00+00:00
[2025-05-31T15:50:45.340+0000] {processor.py:179} INFO - Processing /opt/airflow/dags/punctuality_etl_dag.py took 0.440 seconds
[2025-05-31T16:13:08.988+0000] {processor.py:157} INFO - Started process (PID=29708) to work on /opt/airflow/dags/punctuality_etl_dag.py
[2025-05-31T16:13:08.990+0000] {processor.py:829} INFO - Processing file /opt/airflow/dags/punctuality_etl_dag.py for tasks to queue
[2025-05-31T16:13:08.992+0000] {logging_mixin.py:151} INFO - [2025-05-31T16:13:08.991+0000] {dagbag.py:539} INFO - Filling up the DagBag from /opt/airflow/dags/punctuality_etl_dag.py
[2025-05-31T16:13:09.440+0000] {logging_mixin.py:151} INFO - Punctuality ETL DAG has been defined.
[2025-05-31T16:13:09.446+0000] {processor.py:839} INFO - DAG(s) dict_keys(['punctuality_etl_dag']) retrieved from /opt/airflow/dags/punctuality_etl_dag.py
[2025-05-31T16:13:09.484+0000] {logging_mixin.py:151} INFO - [2025-05-31T16:13:09.484+0000] {dag.py:2915} INFO - Sync 1 DAGs
[2025-05-31T16:13:09.506+0000] {logging_mixin.py:151} INFO - [2025-05-31T16:13:09.505+0000] {dag.py:3696} INFO - Setting next_dagrun for punctuality_etl_dag to 2025-05-31T00:00:00+00:00, run_after=2025-06-01T00:00:00+00:00
[2025-05-31T16:13:09.526+0000] {processor.py:179} INFO - Processing /opt/airflow/dags/punctuality_etl_dag.py took 0.556 seconds
[2025-05-31T16:28:58.036+0000] {processor.py:157} INFO - Started process (PID=29727) to work on /opt/airflow/dags/punctuality_etl_dag.py
[2025-05-31T16:28:58.037+0000] {processor.py:829} INFO - Processing file /opt/airflow/dags/punctuality_etl_dag.py for tasks to queue
[2025-05-31T16:28:58.038+0000] {logging_mixin.py:151} INFO - [2025-05-31T16:28:58.038+0000] {dagbag.py:539} INFO - Filling up the DagBag from /opt/airflow/dags/punctuality_etl_dag.py
[2025-05-31T16:28:58.419+0000] {logging_mixin.py:151} INFO - Punctuality ETL DAG has been defined.
[2025-05-31T16:28:58.424+0000] {processor.py:839} INFO - DAG(s) dict_keys(['punctuality_etl_dag']) retrieved from /opt/airflow/dags/punctuality_etl_dag.py
[2025-05-31T16:28:58.458+0000] {logging_mixin.py:151} INFO - [2025-05-31T16:28:58.458+0000] {dag.py:2915} INFO - Sync 1 DAGs
[2025-05-31T16:28:58.486+0000] {logging_mixin.py:151} INFO - [2025-05-31T16:28:58.486+0000] {dag.py:3696} INFO - Setting next_dagrun for punctuality_etl_dag to 2025-05-31T00:00:00+00:00, run_after=2025-06-01T00:00:00+00:00
[2025-05-31T16:28:58.505+0000] {processor.py:179} INFO - Processing /opt/airflow/dags/punctuality_etl_dag.py took 0.476 seconds
[2025-05-31T16:44:42.282+0000] {processor.py:157} INFO - Started process (PID=29745) to work on /opt/airflow/dags/punctuality_etl_dag.py
[2025-05-31T16:44:42.283+0000] {processor.py:829} INFO - Processing file /opt/airflow/dags/punctuality_etl_dag.py for tasks to queue
[2025-05-31T16:44:42.285+0000] {logging_mixin.py:151} INFO - [2025-05-31T16:44:42.284+0000] {dagbag.py:539} INFO - Filling up the DagBag from /opt/airflow/dags/punctuality_etl_dag.py
[2025-05-31T16:44:42.619+0000] {logging_mixin.py:151} INFO - Punctuality ETL DAG has been defined.
[2025-05-31T16:44:42.625+0000] {processor.py:839} INFO - DAG(s) dict_keys(['punctuality_etl_dag']) retrieved from /opt/airflow/dags/punctuality_etl_dag.py
[2025-05-31T16:44:42.657+0000] {logging_mixin.py:151} INFO - [2025-05-31T16:44:42.656+0000] {dag.py:2915} INFO - Sync 1 DAGs
[2025-05-31T16:44:42.681+0000] {logging_mixin.py:151} INFO - [2025-05-31T16:44:42.680+0000] {dag.py:3696} INFO - Setting next_dagrun for punctuality_etl_dag to 2025-05-31T00:00:00+00:00, run_after=2025-06-01T00:00:00+00:00
[2025-05-31T16:44:42.697+0000] {processor.py:179} INFO - Processing /opt/airflow/dags/punctuality_etl_dag.py took 0.421 seconds
[2025-05-31T17:33:01.311+0000] {processor.py:157} INFO - Started process (PID=29764) to work on /opt/airflow/dags/punctuality_etl_dag.py
[2025-05-31T17:33:01.312+0000] {processor.py:829} INFO - Processing file /opt/airflow/dags/punctuality_etl_dag.py for tasks to queue
[2025-05-31T17:33:01.313+0000] {logging_mixin.py:151} INFO - [2025-05-31T17:33:01.313+0000] {dagbag.py:539} INFO - Filling up the DagBag from /opt/airflow/dags/punctuality_etl_dag.py
[2025-05-31T17:33:01.614+0000] {logging_mixin.py:151} INFO - Punctuality ETL DAG has been defined.
[2025-05-31T17:33:01.618+0000] {processor.py:839} INFO - DAG(s) dict_keys(['punctuality_etl_dag']) retrieved from /opt/airflow/dags/punctuality_etl_dag.py
[2025-05-31T17:33:01.648+0000] {logging_mixin.py:151} INFO - [2025-05-31T17:33:01.648+0000] {dag.py:2915} INFO - Sync 1 DAGs
[2025-05-31T17:33:01.673+0000] {logging_mixin.py:151} INFO - [2025-05-31T17:33:01.673+0000] {dag.py:3696} INFO - Setting next_dagrun for punctuality_etl_dag to 2025-05-31T00:00:00+00:00, run_after=2025-06-01T00:00:00+00:00
[2025-05-31T17:33:01.687+0000] {processor.py:179} INFO - Processing /opt/airflow/dags/punctuality_etl_dag.py took 0.382 seconds
[2025-05-31T17:49:33.182+0000] {processor.py:157} INFO - Started process (PID=29783) to work on /opt/airflow/dags/punctuality_etl_dag.py
[2025-05-31T17:49:33.184+0000] {processor.py:829} INFO - Processing file /opt/airflow/dags/punctuality_etl_dag.py for tasks to queue
[2025-05-31T17:49:33.186+0000] {logging_mixin.py:151} INFO - [2025-05-31T17:49:33.186+0000] {dagbag.py:539} INFO - Filling up the DagBag from /opt/airflow/dags/punctuality_etl_dag.py
[2025-05-31T17:49:33.981+0000] {logging_mixin.py:151} INFO - Punctuality ETL DAG has been defined.
[2025-05-31T17:49:33.988+0000] {processor.py:839} INFO - DAG(s) dict_keys(['punctuality_etl_dag']) retrieved from /opt/airflow/dags/punctuality_etl_dag.py
[2025-05-31T17:49:34.046+0000] {logging_mixin.py:151} INFO - [2025-05-31T17:49:34.046+0000] {dag.py:2915} INFO - Sync 1 DAGs
[2025-05-31T17:49:34.075+0000] {logging_mixin.py:151} INFO - [2025-05-31T17:49:34.075+0000] {dag.py:3696} INFO - Setting next_dagrun for punctuality_etl_dag to 2025-05-31T00:00:00+00:00, run_after=2025-06-01T00:00:00+00:00
[2025-05-31T17:49:34.091+0000] {processor.py:179} INFO - Processing /opt/airflow/dags/punctuality_etl_dag.py took 0.920 seconds
[2025-05-31T18:35:40.771+0000] {processor.py:157} INFO - Started process (PID=29801) to work on /opt/airflow/dags/punctuality_etl_dag.py
[2025-05-31T18:35:40.773+0000] {processor.py:829} INFO - Processing file /opt/airflow/dags/punctuality_etl_dag.py for tasks to queue
[2025-05-31T18:35:40.774+0000] {logging_mixin.py:151} INFO - [2025-05-31T18:35:40.773+0000] {dagbag.py:539} INFO - Filling up the DagBag from /opt/airflow/dags/punctuality_etl_dag.py
[2025-05-31T18:35:41.042+0000] {logging_mixin.py:151} INFO - Punctuality ETL DAG has been defined.
[2025-05-31T18:35:41.046+0000] {processor.py:839} INFO - DAG(s) dict_keys(['punctuality_etl_dag']) retrieved from /opt/airflow/dags/punctuality_etl_dag.py
[2025-05-31T18:35:41.069+0000] {logging_mixin.py:151} INFO - [2025-05-31T18:35:41.068+0000] {dag.py:2915} INFO - Sync 1 DAGs
[2025-05-31T18:35:41.087+0000] {logging_mixin.py:151} INFO - [2025-05-31T18:35:41.087+0000] {dag.py:3696} INFO - Setting next_dagrun for punctuality_etl_dag to 2025-05-31T00:00:00+00:00, run_after=2025-06-01T00:00:00+00:00
[2025-05-31T18:35:41.099+0000] {processor.py:179} INFO - Processing /opt/airflow/dags/punctuality_etl_dag.py took 0.332 seconds
[2025-05-31T18:52:29.872+0000] {processor.py:157} INFO - Started process (PID=29821) to work on /opt/airflow/dags/punctuality_etl_dag.py
[2025-05-31T18:52:29.873+0000] {processor.py:829} INFO - Processing file /opt/airflow/dags/punctuality_etl_dag.py for tasks to queue
[2025-05-31T18:52:29.875+0000] {logging_mixin.py:151} INFO - [2025-05-31T18:52:29.874+0000] {dagbag.py:539} INFO - Filling up the DagBag from /opt/airflow/dags/punctuality_etl_dag.py
[2025-05-31T18:52:30.070+0000] {logging_mixin.py:151} INFO - Punctuality ETL DAG has been defined.
[2025-05-31T18:52:30.073+0000] {processor.py:839} INFO - DAG(s) dict_keys(['punctuality_etl_dag']) retrieved from /opt/airflow/dags/punctuality_etl_dag.py
[2025-05-31T18:52:30.096+0000] {logging_mixin.py:151} INFO - [2025-05-31T18:52:30.095+0000] {dag.py:2915} INFO - Sync 1 DAGs
[2025-05-31T18:52:30.126+0000] {logging_mixin.py:151} INFO - [2025-05-31T18:52:30.126+0000] {dag.py:3696} INFO - Setting next_dagrun for punctuality_etl_dag to 2025-05-31T00:00:00+00:00, run_after=2025-06-01T00:00:00+00:00
[2025-05-31T18:52:30.157+0000] {processor.py:179} INFO - Processing /opt/airflow/dags/punctuality_etl_dag.py took 0.289 seconds
[2025-05-31T19:49:38.407+0000] {processor.py:157} INFO - Started process (PID=29841) to work on /opt/airflow/dags/punctuality_etl_dag.py
[2025-05-31T19:49:38.414+0000] {processor.py:829} INFO - Processing file /opt/airflow/dags/punctuality_etl_dag.py for tasks to queue
[2025-05-31T19:49:38.417+0000] {logging_mixin.py:151} INFO - [2025-05-31T19:49:38.416+0000] {dagbag.py:539} INFO - Filling up the DagBag from /opt/airflow/dags/punctuality_etl_dag.py
[2025-05-31T19:49:38.743+0000] {logging_mixin.py:151} INFO - Punctuality ETL DAG has been defined.
[2025-05-31T19:49:38.749+0000] {processor.py:839} INFO - DAG(s) dict_keys(['punctuality_etl_dag']) retrieved from /opt/airflow/dags/punctuality_etl_dag.py
[2025-05-31T19:49:38.778+0000] {logging_mixin.py:151} INFO - [2025-05-31T19:49:38.777+0000] {dag.py:2915} INFO - Sync 1 DAGs
[2025-05-31T19:49:38.800+0000] {logging_mixin.py:151} INFO - [2025-05-31T19:49:38.800+0000] {dag.py:3696} INFO - Setting next_dagrun for punctuality_etl_dag to 2025-05-31T00:00:00+00:00, run_after=2025-06-01T00:00:00+00:00
[2025-05-31T19:49:38.815+0000] {processor.py:179} INFO - Processing /opt/airflow/dags/punctuality_etl_dag.py took 0.416 seconds
[2025-05-31T20:02:18.769+0000] {processor.py:157} INFO - Started process (PID=29859) to work on /opt/airflow/dags/punctuality_etl_dag.py
[2025-05-31T20:02:18.770+0000] {processor.py:829} INFO - Processing file /opt/airflow/dags/punctuality_etl_dag.py for tasks to queue
[2025-05-31T20:02:18.771+0000] {logging_mixin.py:151} INFO - [2025-05-31T20:02:18.770+0000] {dagbag.py:539} INFO - Filling up the DagBag from /opt/airflow/dags/punctuality_etl_dag.py
[2025-05-31T20:02:19.187+0000] {logging_mixin.py:151} INFO - Punctuality ETL DAG has been defined.
[2025-05-31T20:02:19.190+0000] {processor.py:839} INFO - DAG(s) dict_keys(['punctuality_etl_dag']) retrieved from /opt/airflow/dags/punctuality_etl_dag.py
[2025-05-31T20:02:19.233+0000] {logging_mixin.py:151} INFO - [2025-05-31T20:02:19.232+0000] {dag.py:2915} INFO - Sync 1 DAGs
[2025-05-31T20:02:19.262+0000] {logging_mixin.py:151} INFO - [2025-05-31T20:02:19.261+0000] {dag.py:3696} INFO - Setting next_dagrun for punctuality_etl_dag to 2025-05-31T00:00:00+00:00, run_after=2025-06-01T00:00:00+00:00
[2025-05-31T20:02:19.276+0000] {processor.py:179} INFO - Processing /opt/airflow/dags/punctuality_etl_dag.py took 0.511 seconds
[2025-05-31T20:51:49.705+0000] {processor.py:157} INFO - Started process (PID=29877) to work on /opt/airflow/dags/punctuality_etl_dag.py
[2025-05-31T20:51:49.706+0000] {processor.py:829} INFO - Processing file /opt/airflow/dags/punctuality_etl_dag.py for tasks to queue
[2025-05-31T20:51:49.707+0000] {logging_mixin.py:151} INFO - [2025-05-31T20:51:49.707+0000] {dagbag.py:539} INFO - Filling up the DagBag from /opt/airflow/dags/punctuality_etl_dag.py
[2025-05-31T20:51:49.931+0000] {logging_mixin.py:151} INFO - Punctuality ETL DAG has been defined.
[2025-05-31T20:51:49.933+0000] {processor.py:839} INFO - DAG(s) dict_keys(['punctuality_etl_dag']) retrieved from /opt/airflow/dags/punctuality_etl_dag.py
[2025-05-31T20:51:49.957+0000] {logging_mixin.py:151} INFO - [2025-05-31T20:51:49.957+0000] {dag.py:2915} INFO - Sync 1 DAGs
[2025-05-31T20:51:49.977+0000] {logging_mixin.py:151} INFO - [2025-05-31T20:51:49.977+0000] {dag.py:3696} INFO - Setting next_dagrun for punctuality_etl_dag to 2025-05-31T00:00:00+00:00, run_after=2025-06-01T00:00:00+00:00
[2025-05-31T20:51:49.988+0000] {processor.py:179} INFO - Processing /opt/airflow/dags/punctuality_etl_dag.py took 0.289 seconds
[2025-05-31T21:20:10.422+0000] {processor.py:157} INFO - Started process (PID=29896) to work on /opt/airflow/dags/punctuality_etl_dag.py
[2025-05-31T21:20:10.422+0000] {processor.py:829} INFO - Processing file /opt/airflow/dags/punctuality_etl_dag.py for tasks to queue
[2025-05-31T21:20:10.423+0000] {logging_mixin.py:151} INFO - [2025-05-31T21:20:10.423+0000] {dagbag.py:539} INFO - Filling up the DagBag from /opt/airflow/dags/punctuality_etl_dag.py
[2025-05-31T21:20:10.723+0000] {logging_mixin.py:151} INFO - Punctuality ETL DAG has been defined.
[2025-05-31T21:20:10.726+0000] {processor.py:839} INFO - DAG(s) dict_keys(['punctuality_etl_dag']) retrieved from /opt/airflow/dags/punctuality_etl_dag.py
[2025-05-31T21:20:10.749+0000] {logging_mixin.py:151} INFO - [2025-05-31T21:20:10.749+0000] {dag.py:2915} INFO - Sync 1 DAGs
[2025-05-31T21:20:10.766+0000] {logging_mixin.py:151} INFO - [2025-05-31T21:20:10.766+0000] {dag.py:3696} INFO - Setting next_dagrun for punctuality_etl_dag to 2025-05-31T00:00:00+00:00, run_after=2025-06-01T00:00:00+00:00
[2025-05-31T21:20:10.786+0000] {processor.py:179} INFO - Processing /opt/airflow/dags/punctuality_etl_dag.py took 0.368 seconds
[2025-05-31T22:04:20.909+0000] {processor.py:157} INFO - Started process (PID=29915) to work on /opt/airflow/dags/punctuality_etl_dag.py
[2025-05-31T22:04:20.911+0000] {processor.py:829} INFO - Processing file /opt/airflow/dags/punctuality_etl_dag.py for tasks to queue
[2025-05-31T22:04:20.912+0000] {logging_mixin.py:151} INFO - [2025-05-31T22:04:20.912+0000] {dagbag.py:539} INFO - Filling up the DagBag from /opt/airflow/dags/punctuality_etl_dag.py
[2025-05-31T22:04:21.165+0000] {logging_mixin.py:151} INFO - Punctuality ETL DAG has been defined.
[2025-05-31T22:04:21.171+0000] {processor.py:839} INFO - DAG(s) dict_keys(['punctuality_etl_dag']) retrieved from /opt/airflow/dags/punctuality_etl_dag.py
[2025-05-31T22:04:21.197+0000] {logging_mixin.py:151} INFO - [2025-05-31T22:04:21.197+0000] {dag.py:2915} INFO - Sync 1 DAGs
[2025-05-31T22:04:21.217+0000] {logging_mixin.py:151} INFO - [2025-05-31T22:04:21.217+0000] {dag.py:3696} INFO - Setting next_dagrun for punctuality_etl_dag to 2025-05-31T00:00:00+00:00, run_after=2025-06-01T00:00:00+00:00
[2025-05-31T22:04:21.230+0000] {processor.py:179} INFO - Processing /opt/airflow/dags/punctuality_etl_dag.py took 0.328 seconds
[2025-05-31T22:21:26.071+0000] {processor.py:157} INFO - Started process (PID=29933) to work on /opt/airflow/dags/punctuality_etl_dag.py
[2025-05-31T22:21:26.071+0000] {processor.py:829} INFO - Processing file /opt/airflow/dags/punctuality_etl_dag.py for tasks to queue
[2025-05-31T22:21:26.072+0000] {logging_mixin.py:151} INFO - [2025-05-31T22:21:26.072+0000] {dagbag.py:539} INFO - Filling up the DagBag from /opt/airflow/dags/punctuality_etl_dag.py
[2025-05-31T22:21:26.494+0000] {logging_mixin.py:151} INFO - Punctuality ETL DAG has been defined.
[2025-05-31T22:21:26.500+0000] {processor.py:839} INFO - DAG(s) dict_keys(['punctuality_etl_dag']) retrieved from /opt/airflow/dags/punctuality_etl_dag.py
[2025-05-31T22:21:26.529+0000] {logging_mixin.py:151} INFO - [2025-05-31T22:21:26.528+0000] {dag.py:2915} INFO - Sync 1 DAGs
[2025-05-31T22:21:26.550+0000] {logging_mixin.py:151} INFO - [2025-05-31T22:21:26.550+0000] {dag.py:3696} INFO - Setting next_dagrun for punctuality_etl_dag to 2025-05-31T00:00:00+00:00, run_after=2025-06-01T00:00:00+00:00
[2025-05-31T22:21:26.566+0000] {processor.py:179} INFO - Processing /opt/airflow/dags/punctuality_etl_dag.py took 0.498 seconds
[2025-05-31T23:05:20.386+0000] {processor.py:157} INFO - Started process (PID=29951) to work on /opt/airflow/dags/punctuality_etl_dag.py
[2025-05-31T23:05:20.387+0000] {processor.py:829} INFO - Processing file /opt/airflow/dags/punctuality_etl_dag.py for tasks to queue
[2025-05-31T23:05:20.388+0000] {logging_mixin.py:151} INFO - [2025-05-31T23:05:20.388+0000] {dagbag.py:539} INFO - Filling up the DagBag from /opt/airflow/dags/punctuality_etl_dag.py
[2025-05-31T23:05:20.650+0000] {logging_mixin.py:151} INFO - Punctuality ETL DAG has been defined.
[2025-05-31T23:05:20.657+0000] {processor.py:839} INFO - DAG(s) dict_keys(['punctuality_etl_dag']) retrieved from /opt/airflow/dags/punctuality_etl_dag.py
[2025-05-31T23:05:20.685+0000] {logging_mixin.py:151} INFO - [2025-05-31T23:05:20.685+0000] {dag.py:2915} INFO - Sync 1 DAGs
[2025-05-31T23:05:20.703+0000] {logging_mixin.py:151} INFO - [2025-05-31T23:05:20.703+0000] {dag.py:3696} INFO - Setting next_dagrun for punctuality_etl_dag to 2025-05-31T00:00:00+00:00, run_after=2025-06-01T00:00:00+00:00
[2025-05-31T23:05:20.715+0000] {processor.py:179} INFO - Processing /opt/airflow/dags/punctuality_etl_dag.py took 0.340 seconds
[2025-05-31T23:22:42.039+0000] {processor.py:157} INFO - Started process (PID=29969) to work on /opt/airflow/dags/punctuality_etl_dag.py
[2025-05-31T23:22:42.040+0000] {processor.py:829} INFO - Processing file /opt/airflow/dags/punctuality_etl_dag.py for tasks to queue
[2025-05-31T23:22:42.041+0000] {logging_mixin.py:151} INFO - [2025-05-31T23:22:42.041+0000] {dagbag.py:539} INFO - Filling up the DagBag from /opt/airflow/dags/punctuality_etl_dag.py
[2025-05-31T23:22:42.243+0000] {logging_mixin.py:151} INFO - Punctuality ETL DAG has been defined.
[2025-05-31T23:22:42.246+0000] {processor.py:839} INFO - DAG(s) dict_keys(['punctuality_etl_dag']) retrieved from /opt/airflow/dags/punctuality_etl_dag.py
[2025-05-31T23:22:42.261+0000] {logging_mixin.py:151} INFO - [2025-05-31T23:22:42.260+0000] {dag.py:2915} INFO - Sync 1 DAGs
[2025-05-31T23:22:42.274+0000] {logging_mixin.py:151} INFO - [2025-05-31T23:22:42.274+0000] {dag.py:3696} INFO - Setting next_dagrun for punctuality_etl_dag to 2025-05-31T00:00:00+00:00, run_after=2025-06-01T00:00:00+00:00
[2025-05-31T23:22:42.284+0000] {processor.py:179} INFO - Processing /opt/airflow/dags/punctuality_etl_dag.py took 0.250 seconds
