[2025-05-31T00:04:21.734+0000] {processor.py:157} INFO - Started process (PID=28990) to work on /opt/airflow/dags/train_delays_dag.py
[2025-05-31T00:04:21.734+0000] {processor.py:829} INFO - Processing file /opt/airflow/dags/train_delays_dag.py for tasks to queue
[2025-05-31T00:04:21.735+0000] {logging_mixin.py:151} INFO - [2025-05-31T00:04:21.735+0000] {dagbag.py:539} INFO - Filling up the DagBag from /opt/airflow/dags/train_delays_dag.py
[2025-05-31T00:04:21.972+0000] {logging_mixin.py:151} INFO - Train Delays ETL DAG has been defined.
[2025-05-31T00:04:22.004+0000] {processor.py:839} INFO - DAG(s) dict_keys(['train_delays_dag']) retrieved from /opt/airflow/dags/train_delays_dag.py
[2025-05-31T00:04:22.099+0000] {logging_mixin.py:151} INFO - [2025-05-31T00:04:22.099+0000] {dag.py:2915} INFO - Sync 1 DAGs
[2025-05-31T00:04:22.141+0000] {logging_mixin.py:151} INFO - [2025-05-31T00:04:22.141+0000] {dag.py:3696} INFO - Setting next_dagrun for train_delays_dag to 2025-05-25T00:00:00+00:00, run_after=2025-06-01T00:00:00+00:00
[2025-05-31T00:04:22.174+0000] {processor.py:179} INFO - Processing /opt/airflow/dags/train_delays_dag.py took 0.443 seconds
[2025-05-31T00:45:02.483+0000] {processor.py:157} INFO - Started process (PID=29023) to work on /opt/airflow/dags/train_delays_dag.py
[2025-05-31T00:45:02.488+0000] {processor.py:829} INFO - Processing file /opt/airflow/dags/train_delays_dag.py for tasks to queue
[2025-05-31T00:45:02.493+0000] {logging_mixin.py:151} INFO - [2025-05-31T00:45:02.490+0000] {dagbag.py:539} INFO - Filling up the DagBag from /opt/airflow/dags/train_delays_dag.py
[2025-05-31T00:45:02.941+0000] {logging_mixin.py:151} INFO - Train Delays ETL DAG has been defined.
[2025-05-31T00:45:02.945+0000] {processor.py:839} INFO - DAG(s) dict_keys(['train_delays_dag']) retrieved from /opt/airflow/dags/train_delays_dag.py
[2025-05-31T00:45:02.979+0000] {logging_mixin.py:151} INFO - [2025-05-31T00:45:02.979+0000] {dag.py:2915} INFO - Sync 1 DAGs
[2025-05-31T00:45:03.002+0000] {logging_mixin.py:151} INFO - [2025-05-31T00:45:03.002+0000] {dag.py:3696} INFO - Setting next_dagrun for train_delays_dag to 2025-05-25T00:00:00+00:00, run_after=2025-06-01T00:00:00+00:00
[2025-05-31T00:45:03.024+0000] {processor.py:179} INFO - Processing /opt/airflow/dags/train_delays_dag.py took 0.560 seconds
[2025-05-31T01:18:46.293+0000] {processor.py:157} INFO - Started process (PID=29043) to work on /opt/airflow/dags/train_delays_dag.py
[2025-05-31T01:18:46.294+0000] {processor.py:829} INFO - Processing file /opt/airflow/dags/train_delays_dag.py for tasks to queue
[2025-05-31T01:18:46.295+0000] {logging_mixin.py:151} INFO - [2025-05-31T01:18:46.295+0000] {dagbag.py:539} INFO - Filling up the DagBag from /opt/airflow/dags/train_delays_dag.py
[2025-05-31T01:18:46.496+0000] {logging_mixin.py:151} INFO - Train Delays ETL DAG has been defined.
[2025-05-31T01:18:46.499+0000] {processor.py:839} INFO - DAG(s) dict_keys(['train_delays_dag']) retrieved from /opt/airflow/dags/train_delays_dag.py
[2025-05-31T01:18:46.537+0000] {logging_mixin.py:151} INFO - [2025-05-31T01:18:46.537+0000] {dag.py:2915} INFO - Sync 1 DAGs
[2025-05-31T01:18:46.574+0000] {logging_mixin.py:151} INFO - [2025-05-31T01:18:46.574+0000] {dag.py:3696} INFO - Setting next_dagrun for train_delays_dag to 2025-05-25T00:00:00+00:00, run_after=2025-06-01T00:00:00+00:00
[2025-05-31T01:18:46.596+0000] {processor.py:179} INFO - Processing /opt/airflow/dags/train_delays_dag.py took 0.308 seconds
[2025-05-31T01:46:13.441+0000] {processor.py:157} INFO - Started process (PID=29061) to work on /opt/airflow/dags/train_delays_dag.py
[2025-05-31T01:46:13.444+0000] {processor.py:829} INFO - Processing file /opt/airflow/dags/train_delays_dag.py for tasks to queue
[2025-05-31T01:46:13.446+0000] {logging_mixin.py:151} INFO - [2025-05-31T01:46:13.445+0000] {dagbag.py:539} INFO - Filling up the DagBag from /opt/airflow/dags/train_delays_dag.py
[2025-05-31T01:46:13.855+0000] {logging_mixin.py:151} INFO - Train Delays ETL DAG has been defined.
[2025-05-31T01:46:13.863+0000] {processor.py:839} INFO - DAG(s) dict_keys(['train_delays_dag']) retrieved from /opt/airflow/dags/train_delays_dag.py
[2025-05-31T01:46:13.895+0000] {logging_mixin.py:151} INFO - [2025-05-31T01:46:13.895+0000] {dag.py:2915} INFO - Sync 1 DAGs
[2025-05-31T01:46:13.920+0000] {logging_mixin.py:151} INFO - [2025-05-31T01:46:13.920+0000] {dag.py:3696} INFO - Setting next_dagrun for train_delays_dag to 2025-05-25T00:00:00+00:00, run_after=2025-06-01T00:00:00+00:00
[2025-05-31T01:46:13.939+0000] {processor.py:179} INFO - Processing /opt/airflow/dags/train_delays_dag.py took 0.507 seconds
[2025-05-31T02:25:51.559+0000] {processor.py:157} INFO - Started process (PID=29079) to work on /opt/airflow/dags/train_delays_dag.py
[2025-05-31T02:25:51.561+0000] {processor.py:829} INFO - Processing file /opt/airflow/dags/train_delays_dag.py for tasks to queue
[2025-05-31T02:25:51.562+0000] {logging_mixin.py:151} INFO - [2025-05-31T02:25:51.561+0000] {dagbag.py:539} INFO - Filling up the DagBag from /opt/airflow/dags/train_delays_dag.py
[2025-05-31T02:25:51.866+0000] {logging_mixin.py:151} INFO - Train Delays ETL DAG has been defined.
[2025-05-31T02:25:51.870+0000] {processor.py:839} INFO - DAG(s) dict_keys(['train_delays_dag']) retrieved from /opt/airflow/dags/train_delays_dag.py
[2025-05-31T02:25:51.902+0000] {logging_mixin.py:151} INFO - [2025-05-31T02:25:51.902+0000] {dag.py:2915} INFO - Sync 1 DAGs
[2025-05-31T02:25:51.922+0000] {logging_mixin.py:151} INFO - [2025-05-31T02:25:51.922+0000] {dag.py:3696} INFO - Setting next_dagrun for train_delays_dag to 2025-05-25T00:00:00+00:00, run_after=2025-06-01T00:00:00+00:00
[2025-05-31T02:25:51.938+0000] {processor.py:179} INFO - Processing /opt/airflow/dags/train_delays_dag.py took 0.383 seconds
[2025-05-31T02:59:23.941+0000] {processor.py:157} INFO - Started process (PID=29097) to work on /opt/airflow/dags/train_delays_dag.py
[2025-05-31T02:59:23.944+0000] {processor.py:829} INFO - Processing file /opt/airflow/dags/train_delays_dag.py for tasks to queue
[2025-05-31T02:59:23.945+0000] {logging_mixin.py:151} INFO - [2025-05-31T02:59:23.945+0000] {dagbag.py:539} INFO - Filling up the DagBag from /opt/airflow/dags/train_delays_dag.py
[2025-05-31T02:59:24.319+0000] {logging_mixin.py:151} INFO - Train Delays ETL DAG has been defined.
[2025-05-31T02:59:24.326+0000] {processor.py:839} INFO - DAG(s) dict_keys(['train_delays_dag']) retrieved from /opt/airflow/dags/train_delays_dag.py
[2025-05-31T02:59:24.377+0000] {logging_mixin.py:151} INFO - [2025-05-31T02:59:24.377+0000] {dag.py:2915} INFO - Sync 1 DAGs
[2025-05-31T02:59:24.415+0000] {logging_mixin.py:151} INFO - [2025-05-31T02:59:24.415+0000] {dag.py:3696} INFO - Setting next_dagrun for train_delays_dag to 2025-05-25T00:00:00+00:00, run_after=2025-06-01T00:00:00+00:00
[2025-05-31T02:59:24.444+0000] {processor.py:179} INFO - Processing /opt/airflow/dags/train_delays_dag.py took 0.512 seconds
[2025-05-31T04:07:43.300+0000] {processor.py:157} INFO - Started process (PID=29115) to work on /opt/airflow/dags/train_delays_dag.py
[2025-05-31T04:07:43.303+0000] {processor.py:829} INFO - Processing file /opt/airflow/dags/train_delays_dag.py for tasks to queue
[2025-05-31T04:07:43.306+0000] {logging_mixin.py:151} INFO - [2025-05-31T04:07:43.305+0000] {dagbag.py:539} INFO - Filling up the DagBag from /opt/airflow/dags/train_delays_dag.py
[2025-05-31T04:07:43.695+0000] {logging_mixin.py:151} INFO - Train Delays ETL DAG has been defined.
[2025-05-31T04:07:43.700+0000] {processor.py:839} INFO - DAG(s) dict_keys(['train_delays_dag']) retrieved from /opt/airflow/dags/train_delays_dag.py
[2025-05-31T04:07:43.735+0000] {logging_mixin.py:151} INFO - [2025-05-31T04:07:43.735+0000] {dag.py:2915} INFO - Sync 1 DAGs
[2025-05-31T04:07:43.773+0000] {logging_mixin.py:151} INFO - [2025-05-31T04:07:43.772+0000] {dag.py:3696} INFO - Setting next_dagrun for train_delays_dag to 2025-05-25T00:00:00+00:00, run_after=2025-06-01T00:00:00+00:00
[2025-05-31T04:07:43.795+0000] {processor.py:179} INFO - Processing /opt/airflow/dags/train_delays_dag.py took 0.500 seconds
[2025-05-31T04:08:14.309+0000] {processor.py:157} INFO - Started process (PID=29133) to work on /opt/airflow/dags/train_delays_dag.py
[2025-05-31T04:08:14.398+0000] {processor.py:829} INFO - Processing file /opt/airflow/dags/train_delays_dag.py for tasks to queue
[2025-05-31T04:08:14.399+0000] {logging_mixin.py:151} INFO - [2025-05-31T04:08:14.399+0000] {dagbag.py:539} INFO - Filling up the DagBag from /opt/airflow/dags/train_delays_dag.py
[2025-05-31T04:08:14.625+0000] {logging_mixin.py:151} INFO - Train Delays ETL DAG has been defined.
[2025-05-31T04:08:14.628+0000] {processor.py:839} INFO - DAG(s) dict_keys(['train_delays_dag']) retrieved from /opt/airflow/dags/train_delays_dag.py
[2025-05-31T04:08:14.650+0000] {logging_mixin.py:151} INFO - [2025-05-31T04:08:14.650+0000] {dag.py:2915} INFO - Sync 1 DAGs
[2025-05-31T04:08:14.667+0000] {logging_mixin.py:151} INFO - [2025-05-31T04:08:14.667+0000] {dag.py:3696} INFO - Setting next_dagrun for train_delays_dag to 2025-05-25T00:00:00+00:00, run_after=2025-06-01T00:00:00+00:00
[2025-05-31T04:08:14.678+0000] {processor.py:179} INFO - Processing /opt/airflow/dags/train_delays_dag.py took 0.373 seconds
[2025-05-31T05:15:30.205+0000] {processor.py:157} INFO - Started process (PID=29151) to work on /opt/airflow/dags/train_delays_dag.py
[2025-05-31T05:15:30.206+0000] {processor.py:829} INFO - Processing file /opt/airflow/dags/train_delays_dag.py for tasks to queue
[2025-05-31T05:15:30.207+0000] {logging_mixin.py:151} INFO - [2025-05-31T05:15:30.207+0000] {dagbag.py:539} INFO - Filling up the DagBag from /opt/airflow/dags/train_delays_dag.py
[2025-05-31T05:15:30.522+0000] {logging_mixin.py:151} INFO - Train Delays ETL DAG has been defined.
[2025-05-31T05:15:30.527+0000] {processor.py:839} INFO - DAG(s) dict_keys(['train_delays_dag']) retrieved from /opt/airflow/dags/train_delays_dag.py
[2025-05-31T05:15:30.568+0000] {logging_mixin.py:151} INFO - [2025-05-31T05:15:30.567+0000] {dag.py:2915} INFO - Sync 1 DAGs
[2025-05-31T05:15:30.610+0000] {logging_mixin.py:151} INFO - [2025-05-31T05:15:30.609+0000] {dag.py:3696} INFO - Setting next_dagrun for train_delays_dag to 2025-05-25T00:00:00+00:00, run_after=2025-06-01T00:00:00+00:00
[2025-05-31T05:15:30.635+0000] {processor.py:179} INFO - Processing /opt/airflow/dags/train_delays_dag.py took 0.442 seconds
[2025-05-31T05:40:48.124+0000] {processor.py:157} INFO - Started process (PID=29169) to work on /opt/airflow/dags/train_delays_dag.py
[2025-05-31T05:40:48.128+0000] {processor.py:829} INFO - Processing file /opt/airflow/dags/train_delays_dag.py for tasks to queue
[2025-05-31T05:40:48.131+0000] {logging_mixin.py:151} INFO - [2025-05-31T05:40:48.129+0000] {dagbag.py:539} INFO - Filling up the DagBag from /opt/airflow/dags/train_delays_dag.py
[2025-05-31T05:40:48.570+0000] {logging_mixin.py:151} INFO - Train Delays ETL DAG has been defined.
[2025-05-31T05:40:48.577+0000] {processor.py:839} INFO - DAG(s) dict_keys(['train_delays_dag']) retrieved from /opt/airflow/dags/train_delays_dag.py
[2025-05-31T05:40:48.628+0000] {logging_mixin.py:151} INFO - [2025-05-31T05:40:48.627+0000] {dag.py:2915} INFO - Sync 1 DAGs
[2025-05-31T05:40:48.674+0000] {logging_mixin.py:151} INFO - [2025-05-31T05:40:48.674+0000] {dag.py:3696} INFO - Setting next_dagrun for train_delays_dag to 2025-05-25T00:00:00+00:00, run_after=2025-06-01T00:00:00+00:00
[2025-05-31T05:40:48.694+0000] {processor.py:179} INFO - Processing /opt/airflow/dags/train_delays_dag.py took 0.586 seconds
[2025-05-31T06:31:14.465+0000] {processor.py:157} INFO - Started process (PID=29189) to work on /opt/airflow/dags/train_delays_dag.py
[2025-05-31T06:31:14.466+0000] {processor.py:829} INFO - Processing file /opt/airflow/dags/train_delays_dag.py for tasks to queue
[2025-05-31T06:31:14.467+0000] {logging_mixin.py:151} INFO - [2025-05-31T06:31:14.467+0000] {dagbag.py:539} INFO - Filling up the DagBag from /opt/airflow/dags/train_delays_dag.py
[2025-05-31T06:31:14.744+0000] {logging_mixin.py:151} INFO - Train Delays ETL DAG has been defined.
[2025-05-31T06:31:14.750+0000] {processor.py:839} INFO - DAG(s) dict_keys(['train_delays_dag']) retrieved from /opt/airflow/dags/train_delays_dag.py
[2025-05-31T06:31:14.781+0000] {logging_mixin.py:151} INFO - [2025-05-31T06:31:14.780+0000] {dag.py:2915} INFO - Sync 1 DAGs
[2025-05-31T06:31:14.834+0000] {logging_mixin.py:151} INFO - [2025-05-31T06:31:14.833+0000] {dag.py:3696} INFO - Setting next_dagrun for train_delays_dag to 2025-05-25T00:00:00+00:00, run_after=2025-06-01T00:00:00+00:00
[2025-05-31T06:31:14.870+0000] {processor.py:179} INFO - Processing /opt/airflow/dags/train_delays_dag.py took 0.411 seconds
[2025-05-31T06:31:52.564+0000] {processor.py:157} INFO - Started process (PID=29207) to work on /opt/airflow/dags/train_delays_dag.py
[2025-05-31T06:31:52.566+0000] {processor.py:829} INFO - Processing file /opt/airflow/dags/train_delays_dag.py for tasks to queue
[2025-05-31T06:31:52.568+0000] {logging_mixin.py:151} INFO - [2025-05-31T06:31:52.568+0000] {dagbag.py:539} INFO - Filling up the DagBag from /opt/airflow/dags/train_delays_dag.py
[2025-05-31T06:31:52.802+0000] {logging_mixin.py:151} INFO - Train Delays ETL DAG has been defined.
[2025-05-31T06:31:52.805+0000] {processor.py:839} INFO - DAG(s) dict_keys(['train_delays_dag']) retrieved from /opt/airflow/dags/train_delays_dag.py
[2025-05-31T06:31:52.833+0000] {logging_mixin.py:151} INFO - [2025-05-31T06:31:52.832+0000] {dag.py:2915} INFO - Sync 1 DAGs
[2025-05-31T06:31:52.855+0000] {logging_mixin.py:151} INFO - [2025-05-31T06:31:52.855+0000] {dag.py:3696} INFO - Setting next_dagrun for train_delays_dag to 2025-05-25T00:00:00+00:00, run_after=2025-06-01T00:00:00+00:00
[2025-05-31T06:31:52.867+0000] {processor.py:179} INFO - Processing /opt/airflow/dags/train_delays_dag.py took 0.320 seconds
[2025-05-31T07:24:24.114+0000] {processor.py:157} INFO - Started process (PID=29225) to work on /opt/airflow/dags/train_delays_dag.py
[2025-05-31T07:24:24.115+0000] {processor.py:829} INFO - Processing file /opt/airflow/dags/train_delays_dag.py for tasks to queue
[2025-05-31T07:24:24.116+0000] {logging_mixin.py:151} INFO - [2025-05-31T07:24:24.116+0000] {dagbag.py:539} INFO - Filling up the DagBag from /opt/airflow/dags/train_delays_dag.py
[2025-05-31T07:24:24.367+0000] {logging_mixin.py:151} INFO - Train Delays ETL DAG has been defined.
[2025-05-31T07:24:24.373+0000] {processor.py:839} INFO - DAG(s) dict_keys(['train_delays_dag']) retrieved from /opt/airflow/dags/train_delays_dag.py
[2025-05-31T07:24:24.431+0000] {logging_mixin.py:151} INFO - [2025-05-31T07:24:24.430+0000] {dag.py:2915} INFO - Sync 1 DAGs
[2025-05-31T07:24:24.476+0000] {logging_mixin.py:151} INFO - [2025-05-31T07:24:24.476+0000] {dag.py:3696} INFO - Setting next_dagrun for train_delays_dag to 2025-05-25T00:00:00+00:00, run_after=2025-06-01T00:00:00+00:00
[2025-05-31T07:24:24.497+0000] {processor.py:179} INFO - Processing /opt/airflow/dags/train_delays_dag.py took 0.390 seconds
[2025-05-31T07:40:32.233+0000] {processor.py:157} INFO - Started process (PID=29243) to work on /opt/airflow/dags/train_delays_dag.py
[2025-05-31T07:40:32.234+0000] {processor.py:829} INFO - Processing file /opt/airflow/dags/train_delays_dag.py for tasks to queue
[2025-05-31T07:40:32.235+0000] {logging_mixin.py:151} INFO - [2025-05-31T07:40:32.234+0000] {dagbag.py:539} INFO - Filling up the DagBag from /opt/airflow/dags/train_delays_dag.py
[2025-05-31T07:40:32.457+0000] {logging_mixin.py:151} INFO - Train Delays ETL DAG has been defined.
[2025-05-31T07:40:32.460+0000] {processor.py:839} INFO - DAG(s) dict_keys(['train_delays_dag']) retrieved from /opt/airflow/dags/train_delays_dag.py
[2025-05-31T07:40:32.483+0000] {logging_mixin.py:151} INFO - [2025-05-31T07:40:32.483+0000] {dag.py:2915} INFO - Sync 1 DAGs
[2025-05-31T07:40:32.500+0000] {logging_mixin.py:151} INFO - [2025-05-31T07:40:32.500+0000] {dag.py:3696} INFO - Setting next_dagrun for train_delays_dag to 2025-05-25T00:00:00+00:00, run_after=2025-06-01T00:00:00+00:00
[2025-05-31T07:40:32.511+0000] {processor.py:179} INFO - Processing /opt/airflow/dags/train_delays_dag.py took 0.282 seconds
[2025-05-31T08:00:17.206+0000] {processor.py:157} INFO - Started process (PID=29263) to work on /opt/airflow/dags/train_delays_dag.py
[2025-05-31T08:00:17.208+0000] {processor.py:829} INFO - Processing file /opt/airflow/dags/train_delays_dag.py for tasks to queue
[2025-05-31T08:00:17.209+0000] {logging_mixin.py:151} INFO - [2025-05-31T08:00:17.208+0000] {dagbag.py:539} INFO - Filling up the DagBag from /opt/airflow/dags/train_delays_dag.py
[2025-05-31T08:00:17.488+0000] {logging_mixin.py:151} INFO - Train Delays ETL DAG has been defined.
[2025-05-31T08:00:17.491+0000] {processor.py:839} INFO - DAG(s) dict_keys(['train_delays_dag']) retrieved from /opt/airflow/dags/train_delays_dag.py
[2025-05-31T08:00:17.511+0000] {logging_mixin.py:151} INFO - [2025-05-31T08:00:17.511+0000] {dag.py:2915} INFO - Sync 1 DAGs
[2025-05-31T08:00:17.528+0000] {logging_mixin.py:151} INFO - [2025-05-31T08:00:17.527+0000] {dag.py:3696} INFO - Setting next_dagrun for train_delays_dag to 2025-05-25T00:00:00+00:00, run_after=2025-06-01T00:00:00+00:00
[2025-05-31T08:00:17.538+0000] {processor.py:179} INFO - Processing /opt/airflow/dags/train_delays_dag.py took 0.340 seconds
[2025-05-31T08:35:11.310+0000] {processor.py:157} INFO - Started process (PID=29281) to work on /opt/airflow/dags/train_delays_dag.py
[2025-05-31T08:35:11.312+0000] {processor.py:829} INFO - Processing file /opt/airflow/dags/train_delays_dag.py for tasks to queue
[2025-05-31T08:35:11.315+0000] {logging_mixin.py:151} INFO - [2025-05-31T08:35:11.314+0000] {dagbag.py:539} INFO - Filling up the DagBag from /opt/airflow/dags/train_delays_dag.py
[2025-05-31T08:35:11.695+0000] {logging_mixin.py:151} INFO - Train Delays ETL DAG has been defined.
[2025-05-31T08:35:11.700+0000] {processor.py:839} INFO - DAG(s) dict_keys(['train_delays_dag']) retrieved from /opt/airflow/dags/train_delays_dag.py
[2025-05-31T08:35:11.742+0000] {logging_mixin.py:151} INFO - [2025-05-31T08:35:11.741+0000] {dag.py:2915} INFO - Sync 1 DAGs
[2025-05-31T08:35:11.767+0000] {logging_mixin.py:151} INFO - [2025-05-31T08:35:11.767+0000] {dag.py:3696} INFO - Setting next_dagrun for train_delays_dag to 2025-05-25T00:00:00+00:00, run_after=2025-06-01T00:00:00+00:00
[2025-05-31T08:35:11.786+0000] {processor.py:179} INFO - Processing /opt/airflow/dags/train_delays_dag.py took 0.487 seconds
[2025-05-31T08:42:04.227+0000] {processor.py:157} INFO - Started process (PID=29299) to work on /opt/airflow/dags/train_delays_dag.py
[2025-05-31T08:42:04.228+0000] {processor.py:829} INFO - Processing file /opt/airflow/dags/train_delays_dag.py for tasks to queue
[2025-05-31T08:42:04.229+0000] {logging_mixin.py:151} INFO - [2025-05-31T08:42:04.228+0000] {dagbag.py:539} INFO - Filling up the DagBag from /opt/airflow/dags/train_delays_dag.py
[2025-05-31T08:42:04.433+0000] {logging_mixin.py:151} INFO - Train Delays ETL DAG has been defined.
[2025-05-31T08:42:04.436+0000] {processor.py:839} INFO - DAG(s) dict_keys(['train_delays_dag']) retrieved from /opt/airflow/dags/train_delays_dag.py
[2025-05-31T08:42:04.460+0000] {logging_mixin.py:151} INFO - [2025-05-31T08:42:04.460+0000] {dag.py:2915} INFO - Sync 1 DAGs
[2025-05-31T08:42:04.479+0000] {logging_mixin.py:151} INFO - [2025-05-31T08:42:04.478+0000] {dag.py:3696} INFO - Setting next_dagrun for train_delays_dag to 2025-05-25T00:00:00+00:00, run_after=2025-06-01T00:00:00+00:00
[2025-05-31T08:42:04.492+0000] {processor.py:179} INFO - Processing /opt/airflow/dags/train_delays_dag.py took 0.268 seconds
[2025-05-31T09:31:21.975+0000] {processor.py:157} INFO - Started process (PID=29318) to work on /opt/airflow/dags/train_delays_dag.py
[2025-05-31T09:31:21.980+0000] {processor.py:829} INFO - Processing file /opt/airflow/dags/train_delays_dag.py for tasks to queue
[2025-05-31T09:31:21.981+0000] {logging_mixin.py:151} INFO - [2025-05-31T09:31:21.980+0000] {dagbag.py:539} INFO - Filling up the DagBag from /opt/airflow/dags/train_delays_dag.py
[2025-05-31T09:31:22.317+0000] {logging_mixin.py:151} INFO - Train Delays ETL DAG has been defined.
[2025-05-31T09:31:22.328+0000] {processor.py:839} INFO - DAG(s) dict_keys(['train_delays_dag']) retrieved from /opt/airflow/dags/train_delays_dag.py
[2025-05-31T09:31:22.358+0000] {logging_mixin.py:151} INFO - [2025-05-31T09:31:22.358+0000] {dag.py:2915} INFO - Sync 1 DAGs
[2025-05-31T09:31:22.395+0000] {logging_mixin.py:151} INFO - [2025-05-31T09:31:22.394+0000] {dag.py:3696} INFO - Setting next_dagrun for train_delays_dag to 2025-05-25T00:00:00+00:00, run_after=2025-06-01T00:00:00+00:00
[2025-05-31T09:31:22.430+0000] {processor.py:179} INFO - Processing /opt/airflow/dags/train_delays_dag.py took 0.464 seconds
[2025-05-31T09:42:59.856+0000] {processor.py:157} INFO - Started process (PID=29337) to work on /opt/airflow/dags/train_delays_dag.py
[2025-05-31T09:42:59.858+0000] {processor.py:829} INFO - Processing file /opt/airflow/dags/train_delays_dag.py for tasks to queue
[2025-05-31T09:42:59.859+0000] {logging_mixin.py:151} INFO - [2025-05-31T09:42:59.858+0000] {dagbag.py:539} INFO - Filling up the DagBag from /opt/airflow/dags/train_delays_dag.py
[2025-05-31T09:43:00.114+0000] {logging_mixin.py:151} INFO - Train Delays ETL DAG has been defined.
[2025-05-31T09:43:00.120+0000] {processor.py:839} INFO - DAG(s) dict_keys(['train_delays_dag']) retrieved from /opt/airflow/dags/train_delays_dag.py
[2025-05-31T09:43:00.162+0000] {logging_mixin.py:151} INFO - [2025-05-31T09:43:00.162+0000] {dag.py:2915} INFO - Sync 1 DAGs
[2025-05-31T09:43:00.190+0000] {logging_mixin.py:151} INFO - [2025-05-31T09:43:00.190+0000] {dag.py:3696} INFO - Setting next_dagrun for train_delays_dag to 2025-05-25T00:00:00+00:00, run_after=2025-06-01T00:00:00+00:00
[2025-05-31T09:43:00.210+0000] {processor.py:179} INFO - Processing /opt/airflow/dags/train_delays_dag.py took 0.360 seconds
[2025-05-31T10:18:01.137+0000] {processor.py:157} INFO - Started process (PID=29355) to work on /opt/airflow/dags/train_delays_dag.py
[2025-05-31T10:18:01.138+0000] {processor.py:829} INFO - Processing file /opt/airflow/dags/train_delays_dag.py for tasks to queue
[2025-05-31T10:18:01.139+0000] {logging_mixin.py:151} INFO - [2025-05-31T10:18:01.138+0000] {dagbag.py:539} INFO - Filling up the DagBag from /opt/airflow/dags/train_delays_dag.py
[2025-05-31T10:18:01.373+0000] {logging_mixin.py:151} INFO - Train Delays ETL DAG has been defined.
[2025-05-31T10:18:01.376+0000] {processor.py:839} INFO - DAG(s) dict_keys(['train_delays_dag']) retrieved from /opt/airflow/dags/train_delays_dag.py
[2025-05-31T10:18:01.405+0000] {logging_mixin.py:151} INFO - [2025-05-31T10:18:01.405+0000] {dag.py:2915} INFO - Sync 1 DAGs
[2025-05-31T10:18:01.425+0000] {logging_mixin.py:151} INFO - [2025-05-31T10:18:01.425+0000] {dag.py:3696} INFO - Setting next_dagrun for train_delays_dag to 2025-05-25T00:00:00+00:00, run_after=2025-06-01T00:00:00+00:00
[2025-05-31T10:18:01.437+0000] {processor.py:179} INFO - Processing /opt/airflow/dags/train_delays_dag.py took 0.307 seconds
[2025-05-31T10:43:59.251+0000] {processor.py:157} INFO - Started process (PID=29375) to work on /opt/airflow/dags/train_delays_dag.py
[2025-05-31T10:43:59.252+0000] {processor.py:829} INFO - Processing file /opt/airflow/dags/train_delays_dag.py for tasks to queue
[2025-05-31T10:43:59.254+0000] {logging_mixin.py:151} INFO - [2025-05-31T10:43:59.253+0000] {dagbag.py:539} INFO - Filling up the DagBag from /opt/airflow/dags/train_delays_dag.py
[2025-05-31T10:43:59.565+0000] {logging_mixin.py:151} INFO - Train Delays ETL DAG has been defined.
[2025-05-31T10:43:59.570+0000] {processor.py:839} INFO - DAG(s) dict_keys(['train_delays_dag']) retrieved from /opt/airflow/dags/train_delays_dag.py
[2025-05-31T10:43:59.609+0000] {logging_mixin.py:151} INFO - [2025-05-31T10:43:59.608+0000] {dag.py:2915} INFO - Sync 1 DAGs
[2025-05-31T10:43:59.633+0000] {logging_mixin.py:151} INFO - [2025-05-31T10:43:59.633+0000] {dag.py:3696} INFO - Setting next_dagrun for train_delays_dag to 2025-05-25T00:00:00+00:00, run_after=2025-06-01T00:00:00+00:00
[2025-05-31T10:43:59.651+0000] {processor.py:179} INFO - Processing /opt/airflow/dags/train_delays_dag.py took 0.408 seconds
[2025-05-31T11:17:16.408+0000] {processor.py:157} INFO - Started process (PID=29393) to work on /opt/airflow/dags/train_delays_dag.py
[2025-05-31T11:17:16.411+0000] {processor.py:829} INFO - Processing file /opt/airflow/dags/train_delays_dag.py for tasks to queue
[2025-05-31T11:17:16.412+0000] {logging_mixin.py:151} INFO - [2025-05-31T11:17:16.411+0000] {dagbag.py:539} INFO - Filling up the DagBag from /opt/airflow/dags/train_delays_dag.py
[2025-05-31T11:17:16.768+0000] {logging_mixin.py:151} INFO - Train Delays ETL DAG has been defined.
[2025-05-31T11:17:16.776+0000] {processor.py:839} INFO - DAG(s) dict_keys(['train_delays_dag']) retrieved from /opt/airflow/dags/train_delays_dag.py
[2025-05-31T11:17:16.829+0000] {logging_mixin.py:151} INFO - [2025-05-31T11:17:16.828+0000] {dag.py:2915} INFO - Sync 1 DAGs
[2025-05-31T11:17:16.870+0000] {logging_mixin.py:151} INFO - [2025-05-31T11:17:16.870+0000] {dag.py:3696} INFO - Setting next_dagrun for train_delays_dag to 2025-05-25T00:00:00+00:00, run_after=2025-06-01T00:00:00+00:00
[2025-05-31T11:17:16.894+0000] {processor.py:179} INFO - Processing /opt/airflow/dags/train_delays_dag.py took 0.495 seconds
[2025-05-31T11:44:54.093+0000] {processor.py:157} INFO - Started process (PID=29411) to work on /opt/airflow/dags/train_delays_dag.py
[2025-05-31T11:44:54.097+0000] {processor.py:829} INFO - Processing file /opt/airflow/dags/train_delays_dag.py for tasks to queue
[2025-05-31T11:44:54.101+0000] {logging_mixin.py:151} INFO - [2025-05-31T11:44:54.099+0000] {dagbag.py:539} INFO - Filling up the DagBag from /opt/airflow/dags/train_delays_dag.py
[2025-05-31T11:44:54.547+0000] {logging_mixin.py:151} INFO - Train Delays ETL DAG has been defined.
[2025-05-31T11:44:54.551+0000] {processor.py:839} INFO - DAG(s) dict_keys(['train_delays_dag']) retrieved from /opt/airflow/dags/train_delays_dag.py
[2025-05-31T11:44:54.586+0000] {logging_mixin.py:151} INFO - [2025-05-31T11:44:54.585+0000] {dag.py:2915} INFO - Sync 1 DAGs
[2025-05-31T11:44:54.608+0000] {logging_mixin.py:151} INFO - [2025-05-31T11:44:54.608+0000] {dag.py:3696} INFO - Setting next_dagrun for train_delays_dag to 2025-05-25T00:00:00+00:00, run_after=2025-06-01T00:00:00+00:00
[2025-05-31T11:44:54.630+0000] {processor.py:179} INFO - Processing /opt/airflow/dags/train_delays_dag.py took 0.556 seconds
[2025-05-31T12:15:57.454+0000] {processor.py:157} INFO - Started process (PID=29431) to work on /opt/airflow/dags/train_delays_dag.py
[2025-05-31T12:15:57.456+0000] {processor.py:829} INFO - Processing file /opt/airflow/dags/train_delays_dag.py for tasks to queue
[2025-05-31T12:15:57.458+0000] {logging_mixin.py:151} INFO - [2025-05-31T12:15:57.457+0000] {dagbag.py:539} INFO - Filling up the DagBag from /opt/airflow/dags/train_delays_dag.py
[2025-05-31T12:15:57.853+0000] {logging_mixin.py:151} INFO - Train Delays ETL DAG has been defined.
[2025-05-31T12:15:57.866+0000] {processor.py:839} INFO - DAG(s) dict_keys(['train_delays_dag']) retrieved from /opt/airflow/dags/train_delays_dag.py
[2025-05-31T12:15:57.930+0000] {logging_mixin.py:151} INFO - [2025-05-31T12:15:57.929+0000] {dag.py:2915} INFO - Sync 1 DAGs
[2025-05-31T12:15:57.975+0000] {logging_mixin.py:151} INFO - [2025-05-31T12:15:57.975+0000] {dag.py:3696} INFO - Setting next_dagrun for train_delays_dag to 2025-05-25T00:00:00+00:00, run_after=2025-06-01T00:00:00+00:00
[2025-05-31T12:15:58.009+0000] {processor.py:179} INFO - Processing /opt/airflow/dags/train_delays_dag.py took 0.563 seconds
[2025-05-31T12:45:49.371+0000] {processor.py:157} INFO - Started process (PID=29449) to work on /opt/airflow/dags/train_delays_dag.py
[2025-05-31T12:45:49.374+0000] {processor.py:829} INFO - Processing file /opt/airflow/dags/train_delays_dag.py for tasks to queue
[2025-05-31T12:45:49.376+0000] {logging_mixin.py:151} INFO - [2025-05-31T12:45:49.375+0000] {dagbag.py:539} INFO - Filling up the DagBag from /opt/airflow/dags/train_delays_dag.py
[2025-05-31T12:45:49.703+0000] {logging_mixin.py:151} INFO - Train Delays ETL DAG has been defined.
[2025-05-31T12:45:49.710+0000] {processor.py:839} INFO - DAG(s) dict_keys(['train_delays_dag']) retrieved from /opt/airflow/dags/train_delays_dag.py
[2025-05-31T12:45:49.777+0000] {logging_mixin.py:151} INFO - [2025-05-31T12:45:49.777+0000] {dag.py:2915} INFO - Sync 1 DAGs
[2025-05-31T12:45:49.808+0000] {logging_mixin.py:151} INFO - [2025-05-31T12:45:49.808+0000] {dag.py:3696} INFO - Setting next_dagrun for train_delays_dag to 2025-05-25T00:00:00+00:00, run_after=2025-06-01T00:00:00+00:00
[2025-05-31T12:45:49.824+0000] {processor.py:179} INFO - Processing /opt/airflow/dags/train_delays_dag.py took 0.462 seconds
[2025-05-31T13:04:10.136+0000] {processor.py:157} INFO - Started process (PID=29467) to work on /opt/airflow/dags/train_delays_dag.py
[2025-05-31T13:04:10.138+0000] {processor.py:829} INFO - Processing file /opt/airflow/dags/train_delays_dag.py for tasks to queue
[2025-05-31T13:04:10.139+0000] {logging_mixin.py:151} INFO - [2025-05-31T13:04:10.139+0000] {dagbag.py:539} INFO - Filling up the DagBag from /opt/airflow/dags/train_delays_dag.py
[2025-05-31T13:04:10.402+0000] {logging_mixin.py:151} INFO - Train Delays ETL DAG has been defined.
[2025-05-31T13:04:10.405+0000] {processor.py:839} INFO - DAG(s) dict_keys(['train_delays_dag']) retrieved from /opt/airflow/dags/train_delays_dag.py
[2025-05-31T13:04:10.442+0000] {logging_mixin.py:151} INFO - [2025-05-31T13:04:10.442+0000] {dag.py:2915} INFO - Sync 1 DAGs
[2025-05-31T13:04:10.468+0000] {logging_mixin.py:151} INFO - [2025-05-31T13:04:10.468+0000] {dag.py:3696} INFO - Setting next_dagrun for train_delays_dag to 2025-05-25T00:00:00+00:00, run_after=2025-06-01T00:00:00+00:00
[2025-05-31T13:04:10.483+0000] {processor.py:179} INFO - Processing /opt/airflow/dags/train_delays_dag.py took 0.353 seconds
[2025-05-31T13:36:10.895+0000] {processor.py:157} INFO - Started process (PID=29487) to work on /opt/airflow/dags/train_delays_dag.py
[2025-05-31T13:36:10.897+0000] {processor.py:829} INFO - Processing file /opt/airflow/dags/train_delays_dag.py for tasks to queue
[2025-05-31T13:36:10.898+0000] {logging_mixin.py:151} INFO - [2025-05-31T13:36:10.897+0000] {dagbag.py:539} INFO - Filling up the DagBag from /opt/airflow/dags/train_delays_dag.py
[2025-05-31T13:36:11.277+0000] {logging_mixin.py:151} INFO - Train Delays ETL DAG has been defined.
[2025-05-31T13:36:11.285+0000] {processor.py:839} INFO - DAG(s) dict_keys(['train_delays_dag']) retrieved from /opt/airflow/dags/train_delays_dag.py
[2025-05-31T13:36:11.347+0000] {logging_mixin.py:151} INFO - [2025-05-31T13:36:11.346+0000] {dag.py:2915} INFO - Sync 1 DAGs
[2025-05-31T13:36:11.391+0000] {logging_mixin.py:151} INFO - [2025-05-31T13:36:11.390+0000] {dag.py:3696} INFO - Setting next_dagrun for train_delays_dag to 2025-05-25T00:00:00+00:00, run_after=2025-06-01T00:00:00+00:00
[2025-05-31T13:36:11.417+0000] {processor.py:179} INFO - Processing /opt/airflow/dags/train_delays_dag.py took 0.534 seconds
[2025-05-31T13:47:13.698+0000] {processor.py:157} INFO - Started process (PID=29505) to work on /opt/airflow/dags/train_delays_dag.py
[2025-05-31T13:47:13.703+0000] {processor.py:829} INFO - Processing file /opt/airflow/dags/train_delays_dag.py for tasks to queue
[2025-05-31T13:47:13.706+0000] {logging_mixin.py:151} INFO - [2025-05-31T13:47:13.705+0000] {dagbag.py:539} INFO - Filling up the DagBag from /opt/airflow/dags/train_delays_dag.py
[2025-05-31T13:47:14.067+0000] {logging_mixin.py:151} INFO - Train Delays ETL DAG has been defined.
[2025-05-31T13:47:14.073+0000] {processor.py:839} INFO - DAG(s) dict_keys(['train_delays_dag']) retrieved from /opt/airflow/dags/train_delays_dag.py
[2025-05-31T13:47:14.105+0000] {logging_mixin.py:151} INFO - [2025-05-31T13:47:14.105+0000] {dag.py:2915} INFO - Sync 1 DAGs
[2025-05-31T13:47:14.128+0000] {logging_mixin.py:151} INFO - [2025-05-31T13:47:14.128+0000] {dag.py:3696} INFO - Setting next_dagrun for train_delays_dag to 2025-05-25T00:00:00+00:00, run_after=2025-06-01T00:00:00+00:00
[2025-05-31T13:47:14.143+0000] {processor.py:179} INFO - Processing /opt/airflow/dags/train_delays_dag.py took 0.453 seconds
[2025-05-31T14:19:57.811+0000] {processor.py:157} INFO - Started process (PID=29523) to work on /opt/airflow/dags/train_delays_dag.py
[2025-05-31T14:19:57.817+0000] {processor.py:829} INFO - Processing file /opt/airflow/dags/train_delays_dag.py for tasks to queue
[2025-05-31T14:19:57.818+0000] {logging_mixin.py:151} INFO - [2025-05-31T14:19:57.817+0000] {dagbag.py:539} INFO - Filling up the DagBag from /opt/airflow/dags/train_delays_dag.py
[2025-05-31T14:19:58.278+0000] {logging_mixin.py:151} INFO - Train Delays ETL DAG has been defined.
[2025-05-31T14:19:58.288+0000] {processor.py:839} INFO - DAG(s) dict_keys(['train_delays_dag']) retrieved from /opt/airflow/dags/train_delays_dag.py
[2025-05-31T14:19:58.338+0000] {logging_mixin.py:151} INFO - [2025-05-31T14:19:58.338+0000] {dag.py:2915} INFO - Sync 1 DAGs
[2025-05-31T14:19:58.366+0000] {logging_mixin.py:151} INFO - [2025-05-31T14:19:58.366+0000] {dag.py:3696} INFO - Setting next_dagrun for train_delays_dag to 2025-05-25T00:00:00+00:00, run_after=2025-06-01T00:00:00+00:00
[2025-05-31T14:19:58.387+0000] {processor.py:179} INFO - Processing /opt/airflow/dags/train_delays_dag.py took 0.589 seconds
[2025-05-31T14:33:35.893+0000] {processor.py:157} INFO - Started process (PID=29541) to work on /opt/airflow/dags/train_delays_dag.py
[2025-05-31T14:33:35.894+0000] {processor.py:829} INFO - Processing file /opt/airflow/dags/train_delays_dag.py for tasks to queue
[2025-05-31T14:33:35.896+0000] {logging_mixin.py:151} INFO - [2025-05-31T14:33:35.895+0000] {dagbag.py:539} INFO - Filling up the DagBag from /opt/airflow/dags/train_delays_dag.py
[2025-05-31T14:33:36.256+0000] {logging_mixin.py:151} INFO - Train Delays ETL DAG has been defined.
[2025-05-31T14:33:36.262+0000] {processor.py:839} INFO - DAG(s) dict_keys(['train_delays_dag']) retrieved from /opt/airflow/dags/train_delays_dag.py
[2025-05-31T14:33:36.309+0000] {logging_mixin.py:151} INFO - [2025-05-31T14:33:36.308+0000] {dag.py:2915} INFO - Sync 1 DAGs
[2025-05-31T14:33:36.333+0000] {logging_mixin.py:151} INFO - [2025-05-31T14:33:36.333+0000] {dag.py:3696} INFO - Setting next_dagrun for train_delays_dag to 2025-05-25T00:00:00+00:00, run_after=2025-06-01T00:00:00+00:00
[2025-05-31T14:33:36.348+0000] {processor.py:179} INFO - Processing /opt/airflow/dags/train_delays_dag.py took 0.471 seconds
[2025-05-31T14:34:06.828+0000] {processor.py:157} INFO - Started process (PID=29559) to work on /opt/airflow/dags/train_delays_dag.py
[2025-05-31T14:34:06.829+0000] {processor.py:829} INFO - Processing file /opt/airflow/dags/train_delays_dag.py for tasks to queue
[2025-05-31T14:34:06.830+0000] {logging_mixin.py:151} INFO - [2025-05-31T14:34:06.830+0000] {dagbag.py:539} INFO - Filling up the DagBag from /opt/airflow/dags/train_delays_dag.py
[2025-05-31T14:34:06.994+0000] {logging_mixin.py:151} INFO - Train Delays ETL DAG has been defined.
[2025-05-31T14:34:06.996+0000] {processor.py:839} INFO - DAG(s) dict_keys(['train_delays_dag']) retrieved from /opt/airflow/dags/train_delays_dag.py
[2025-05-31T14:34:07.013+0000] {logging_mixin.py:151} INFO - [2025-05-31T14:34:07.012+0000] {dag.py:2915} INFO - Sync 1 DAGs
[2025-05-31T14:34:07.028+0000] {logging_mixin.py:151} INFO - [2025-05-31T14:34:07.027+0000] {dag.py:3696} INFO - Setting next_dagrun for train_delays_dag to 2025-05-25T00:00:00+00:00, run_after=2025-06-01T00:00:00+00:00
[2025-05-31T14:34:07.037+0000] {processor.py:179} INFO - Processing /opt/airflow/dags/train_delays_dag.py took 0.214 seconds
[2025-05-31T14:34:37.552+0000] {processor.py:157} INFO - Started process (PID=29577) to work on /opt/airflow/dags/train_delays_dag.py
[2025-05-31T14:34:37.553+0000] {processor.py:829} INFO - Processing file /opt/airflow/dags/train_delays_dag.py for tasks to queue
[2025-05-31T14:34:37.555+0000] {logging_mixin.py:151} INFO - [2025-05-31T14:34:37.554+0000] {dagbag.py:539} INFO - Filling up the DagBag from /opt/airflow/dags/train_delays_dag.py
[2025-05-31T14:34:37.716+0000] {logging_mixin.py:151} INFO - Train Delays ETL DAG has been defined.
[2025-05-31T14:34:37.718+0000] {processor.py:839} INFO - DAG(s) dict_keys(['train_delays_dag']) retrieved from /opt/airflow/dags/train_delays_dag.py
[2025-05-31T14:34:37.736+0000] {logging_mixin.py:151} INFO - [2025-05-31T14:34:37.735+0000] {dag.py:2915} INFO - Sync 1 DAGs
[2025-05-31T14:34:37.755+0000] {logging_mixin.py:151} INFO - [2025-05-31T14:34:37.755+0000] {dag.py:3696} INFO - Setting next_dagrun for train_delays_dag to 2025-05-25T00:00:00+00:00, run_after=2025-06-01T00:00:00+00:00
[2025-05-31T14:34:37.769+0000] {processor.py:179} INFO - Processing /opt/airflow/dags/train_delays_dag.py took 0.222 seconds
[2025-05-31T14:51:38.563+0000] {processor.py:157} INFO - Started process (PID=29595) to work on /opt/airflow/dags/train_delays_dag.py
[2025-05-31T14:51:38.566+0000] {processor.py:829} INFO - Processing file /opt/airflow/dags/train_delays_dag.py for tasks to queue
[2025-05-31T14:51:38.568+0000] {logging_mixin.py:151} INFO - [2025-05-31T14:51:38.567+0000] {dagbag.py:539} INFO - Filling up the DagBag from /opt/airflow/dags/train_delays_dag.py
[2025-05-31T14:51:39.053+0000] {logging_mixin.py:151} INFO - Train Delays ETL DAG has been defined.
[2025-05-31T14:51:39.064+0000] {processor.py:839} INFO - DAG(s) dict_keys(['train_delays_dag']) retrieved from /opt/airflow/dags/train_delays_dag.py
[2025-05-31T14:51:39.106+0000] {logging_mixin.py:151} INFO - [2025-05-31T14:51:39.106+0000] {dag.py:2915} INFO - Sync 1 DAGs
[2025-05-31T14:51:39.133+0000] {logging_mixin.py:151} INFO - [2025-05-31T14:51:39.133+0000] {dag.py:3696} INFO - Setting next_dagrun for train_delays_dag to 2025-05-25T00:00:00+00:00, run_after=2025-06-01T00:00:00+00:00
[2025-05-31T14:51:39.155+0000] {processor.py:179} INFO - Processing /opt/airflow/dags/train_delays_dag.py took 0.601 seconds
[2025-05-31T14:57:13.542+0000] {processor.py:157} INFO - Started process (PID=29613) to work on /opt/airflow/dags/train_delays_dag.py
[2025-05-31T14:57:13.544+0000] {processor.py:829} INFO - Processing file /opt/airflow/dags/train_delays_dag.py for tasks to queue
[2025-05-31T14:57:13.545+0000] {logging_mixin.py:151} INFO - [2025-05-31T14:57:13.544+0000] {dagbag.py:539} INFO - Filling up the DagBag from /opt/airflow/dags/train_delays_dag.py
[2025-05-31T14:57:13.836+0000] {logging_mixin.py:151} INFO - Train Delays ETL DAG has been defined.
[2025-05-31T14:57:13.839+0000] {processor.py:839} INFO - DAG(s) dict_keys(['train_delays_dag']) retrieved from /opt/airflow/dags/train_delays_dag.py
[2025-05-31T14:57:13.872+0000] {logging_mixin.py:151} INFO - [2025-05-31T14:57:13.871+0000] {dag.py:2915} INFO - Sync 1 DAGs
[2025-05-31T14:57:13.894+0000] {logging_mixin.py:151} INFO - [2025-05-31T14:57:13.894+0000] {dag.py:3696} INFO - Setting next_dagrun for train_delays_dag to 2025-05-25T00:00:00+00:00, run_after=2025-06-01T00:00:00+00:00
[2025-05-31T14:57:13.917+0000] {processor.py:179} INFO - Processing /opt/airflow/dags/train_delays_dag.py took 0.385 seconds
[2025-05-31T14:57:44.278+0000] {processor.py:157} INFO - Started process (PID=29631) to work on /opt/airflow/dags/train_delays_dag.py
[2025-05-31T14:57:44.280+0000] {processor.py:829} INFO - Processing file /opt/airflow/dags/train_delays_dag.py for tasks to queue
[2025-05-31T14:57:44.281+0000] {logging_mixin.py:151} INFO - [2025-05-31T14:57:44.280+0000] {dagbag.py:539} INFO - Filling up the DagBag from /opt/airflow/dags/train_delays_dag.py
[2025-05-31T14:57:44.473+0000] {logging_mixin.py:151} INFO - Train Delays ETL DAG has been defined.
[2025-05-31T14:57:44.476+0000] {processor.py:839} INFO - DAG(s) dict_keys(['train_delays_dag']) retrieved from /opt/airflow/dags/train_delays_dag.py
[2025-05-31T14:57:44.494+0000] {logging_mixin.py:151} INFO - [2025-05-31T14:57:44.494+0000] {dag.py:2915} INFO - Sync 1 DAGs
[2025-05-31T14:57:44.510+0000] {logging_mixin.py:151} INFO - [2025-05-31T14:57:44.509+0000] {dag.py:3696} INFO - Setting next_dagrun for train_delays_dag to 2025-05-25T00:00:00+00:00, run_after=2025-06-01T00:00:00+00:00
[2025-05-31T14:57:44.521+0000] {processor.py:179} INFO - Processing /opt/airflow/dags/train_delays_dag.py took 0.249 seconds
[2025-05-31T14:58:14.958+0000] {processor.py:157} INFO - Started process (PID=29649) to work on /opt/airflow/dags/train_delays_dag.py
[2025-05-31T14:58:14.959+0000] {processor.py:829} INFO - Processing file /opt/airflow/dags/train_delays_dag.py for tasks to queue
[2025-05-31T14:58:14.961+0000] {logging_mixin.py:151} INFO - [2025-05-31T14:58:14.960+0000] {dagbag.py:539} INFO - Filling up the DagBag from /opt/airflow/dags/train_delays_dag.py
[2025-05-31T14:58:15.161+0000] {logging_mixin.py:151} INFO - Train Delays ETL DAG has been defined.
[2025-05-31T14:58:15.166+0000] {processor.py:839} INFO - DAG(s) dict_keys(['train_delays_dag']) retrieved from /opt/airflow/dags/train_delays_dag.py
[2025-05-31T14:58:15.195+0000] {logging_mixin.py:151} INFO - [2025-05-31T14:58:15.194+0000] {dag.py:2915} INFO - Sync 1 DAGs
[2025-05-31T14:58:15.212+0000] {logging_mixin.py:151} INFO - [2025-05-31T14:58:15.212+0000] {dag.py:3696} INFO - Setting next_dagrun for train_delays_dag to 2025-05-25T00:00:00+00:00, run_after=2025-06-01T00:00:00+00:00
[2025-05-31T14:58:15.222+0000] {processor.py:179} INFO - Processing /opt/airflow/dags/train_delays_dag.py took 0.270 seconds
[2025-05-31T15:16:30.523+0000] {processor.py:157} INFO - Started process (PID=29669) to work on /opt/airflow/dags/train_delays_dag.py
[2025-05-31T15:16:30.525+0000] {processor.py:829} INFO - Processing file /opt/airflow/dags/train_delays_dag.py for tasks to queue
[2025-05-31T15:16:30.527+0000] {logging_mixin.py:151} INFO - [2025-05-31T15:16:30.525+0000] {dagbag.py:539} INFO - Filling up the DagBag from /opt/airflow/dags/train_delays_dag.py
[2025-05-31T15:16:30.896+0000] {logging_mixin.py:151} INFO - Train Delays ETL DAG has been defined.
[2025-05-31T15:16:30.900+0000] {processor.py:839} INFO - DAG(s) dict_keys(['train_delays_dag']) retrieved from /opt/airflow/dags/train_delays_dag.py
[2025-05-31T15:16:30.936+0000] {logging_mixin.py:151} INFO - [2025-05-31T15:16:30.935+0000] {dag.py:2915} INFO - Sync 1 DAGs
[2025-05-31T15:16:30.953+0000] {logging_mixin.py:151} INFO - [2025-05-31T15:16:30.953+0000] {dag.py:3696} INFO - Setting next_dagrun for train_delays_dag to 2025-05-25T00:00:00+00:00, run_after=2025-06-01T00:00:00+00:00
[2025-05-31T15:16:30.963+0000] {processor.py:179} INFO - Processing /opt/airflow/dags/train_delays_dag.py took 0.446 seconds
[2025-05-31T15:50:44.900+0000] {processor.py:157} INFO - Started process (PID=29687) to work on /opt/airflow/dags/train_delays_dag.py
[2025-05-31T15:50:44.904+0000] {processor.py:829} INFO - Processing file /opt/airflow/dags/train_delays_dag.py for tasks to queue
[2025-05-31T15:50:44.906+0000] {logging_mixin.py:151} INFO - [2025-05-31T15:50:44.905+0000] {dagbag.py:539} INFO - Filling up the DagBag from /opt/airflow/dags/train_delays_dag.py
[2025-05-31T15:50:45.153+0000] {logging_mixin.py:151} INFO - Train Delays ETL DAG has been defined.
[2025-05-31T15:50:45.160+0000] {processor.py:839} INFO - DAG(s) dict_keys(['train_delays_dag']) retrieved from /opt/airflow/dags/train_delays_dag.py
[2025-05-31T15:50:45.204+0000] {logging_mixin.py:151} INFO - [2025-05-31T15:50:45.203+0000] {dag.py:2915} INFO - Sync 1 DAGs
[2025-05-31T15:50:45.230+0000] {logging_mixin.py:151} INFO - [2025-05-31T15:50:45.230+0000] {dag.py:3696} INFO - Setting next_dagrun for train_delays_dag to 2025-05-25T00:00:00+00:00, run_after=2025-06-01T00:00:00+00:00
[2025-05-31T15:50:45.263+0000] {processor.py:179} INFO - Processing /opt/airflow/dags/train_delays_dag.py took 0.368 seconds
[2025-05-31T16:13:08.975+0000] {processor.py:157} INFO - Started process (PID=29705) to work on /opt/airflow/dags/train_delays_dag.py
[2025-05-31T16:13:08.979+0000] {processor.py:829} INFO - Processing file /opt/airflow/dags/train_delays_dag.py for tasks to queue
[2025-05-31T16:13:08.984+0000] {logging_mixin.py:151} INFO - [2025-05-31T16:13:08.981+0000] {dagbag.py:539} INFO - Filling up the DagBag from /opt/airflow/dags/train_delays_dag.py
[2025-05-31T16:13:09.440+0000] {logging_mixin.py:151} INFO - Train Delays ETL DAG has been defined.
[2025-05-31T16:13:09.446+0000] {processor.py:839} INFO - DAG(s) dict_keys(['train_delays_dag']) retrieved from /opt/airflow/dags/train_delays_dag.py
[2025-05-31T16:13:09.484+0000] {logging_mixin.py:151} INFO - [2025-05-31T16:13:09.484+0000] {dag.py:2915} INFO - Sync 1 DAGs
[2025-05-31T16:13:09.506+0000] {logging_mixin.py:151} INFO - [2025-05-31T16:13:09.505+0000] {dag.py:3696} INFO - Setting next_dagrun for train_delays_dag to 2025-05-25T00:00:00+00:00, run_after=2025-06-01T00:00:00+00:00
[2025-05-31T16:13:09.526+0000] {processor.py:179} INFO - Processing /opt/airflow/dags/train_delays_dag.py took 0.581 seconds
[2025-05-31T16:28:58.030+0000] {processor.py:157} INFO - Started process (PID=29725) to work on /opt/airflow/dags/train_delays_dag.py
[2025-05-31T16:28:58.032+0000] {processor.py:829} INFO - Processing file /opt/airflow/dags/train_delays_dag.py for tasks to queue
[2025-05-31T16:28:58.034+0000] {logging_mixin.py:151} INFO - [2025-05-31T16:28:58.033+0000] {dagbag.py:539} INFO - Filling up the DagBag from /opt/airflow/dags/train_delays_dag.py
[2025-05-31T16:28:58.417+0000] {logging_mixin.py:151} INFO - Train Delays ETL DAG has been defined.
[2025-05-31T16:28:58.423+0000] {processor.py:839} INFO - DAG(s) dict_keys(['train_delays_dag']) retrieved from /opt/airflow/dags/train_delays_dag.py
[2025-05-31T16:28:58.457+0000] {logging_mixin.py:151} INFO - [2025-05-31T16:28:58.457+0000] {dag.py:2915} INFO - Sync 1 DAGs
[2025-05-31T16:28:58.486+0000] {logging_mixin.py:151} INFO - [2025-05-31T16:28:58.486+0000] {dag.py:3696} INFO - Setting next_dagrun for train_delays_dag to 2025-05-25T00:00:00+00:00, run_after=2025-06-01T00:00:00+00:00
[2025-05-31T16:28:58.505+0000] {processor.py:179} INFO - Processing /opt/airflow/dags/train_delays_dag.py took 0.482 seconds
[2025-05-31T16:44:42.282+0000] {processor.py:157} INFO - Started process (PID=29743) to work on /opt/airflow/dags/train_delays_dag.py
[2025-05-31T16:44:42.283+0000] {processor.py:829} INFO - Processing file /opt/airflow/dags/train_delays_dag.py for tasks to queue
[2025-05-31T16:44:42.285+0000] {logging_mixin.py:151} INFO - [2025-05-31T16:44:42.284+0000] {dagbag.py:539} INFO - Filling up the DagBag from /opt/airflow/dags/train_delays_dag.py
[2025-05-31T16:44:42.619+0000] {logging_mixin.py:151} INFO - Train Delays ETL DAG has been defined.
[2025-05-31T16:44:42.625+0000] {processor.py:839} INFO - DAG(s) dict_keys(['train_delays_dag']) retrieved from /opt/airflow/dags/train_delays_dag.py
[2025-05-31T16:44:42.657+0000] {logging_mixin.py:151} INFO - [2025-05-31T16:44:42.656+0000] {dag.py:2915} INFO - Sync 1 DAGs
[2025-05-31T16:44:42.681+0000] {logging_mixin.py:151} INFO - [2025-05-31T16:44:42.681+0000] {dag.py:3696} INFO - Setting next_dagrun for train_delays_dag to 2025-05-25T00:00:00+00:00, run_after=2025-06-01T00:00:00+00:00
[2025-05-31T16:44:42.697+0000] {processor.py:179} INFO - Processing /opt/airflow/dags/train_delays_dag.py took 0.425 seconds
[2025-05-31T17:33:01.307+0000] {processor.py:157} INFO - Started process (PID=29761) to work on /opt/airflow/dags/train_delays_dag.py
[2025-05-31T17:33:01.309+0000] {processor.py:829} INFO - Processing file /opt/airflow/dags/train_delays_dag.py for tasks to queue
[2025-05-31T17:33:01.311+0000] {logging_mixin.py:151} INFO - [2025-05-31T17:33:01.310+0000] {dagbag.py:539} INFO - Filling up the DagBag from /opt/airflow/dags/train_delays_dag.py
[2025-05-31T17:33:01.614+0000] {logging_mixin.py:151} INFO - Train Delays ETL DAG has been defined.
[2025-05-31T17:33:01.618+0000] {processor.py:839} INFO - DAG(s) dict_keys(['train_delays_dag']) retrieved from /opt/airflow/dags/train_delays_dag.py
[2025-05-31T17:33:01.648+0000] {logging_mixin.py:151} INFO - [2025-05-31T17:33:01.648+0000] {dag.py:2915} INFO - Sync 1 DAGs
[2025-05-31T17:33:01.673+0000] {logging_mixin.py:151} INFO - [2025-05-31T17:33:01.673+0000] {dag.py:3696} INFO - Setting next_dagrun for train_delays_dag to 2025-05-25T00:00:00+00:00, run_after=2025-06-01T00:00:00+00:00
[2025-05-31T17:33:01.687+0000] {processor.py:179} INFO - Processing /opt/airflow/dags/train_delays_dag.py took 0.388 seconds
[2025-05-31T17:49:33.174+0000] {processor.py:157} INFO - Started process (PID=29780) to work on /opt/airflow/dags/train_delays_dag.py
[2025-05-31T17:49:33.176+0000] {processor.py:829} INFO - Processing file /opt/airflow/dags/train_delays_dag.py for tasks to queue
[2025-05-31T17:49:33.178+0000] {logging_mixin.py:151} INFO - [2025-05-31T17:49:33.178+0000] {dagbag.py:539} INFO - Filling up the DagBag from /opt/airflow/dags/train_delays_dag.py
[2025-05-31T17:49:33.981+0000] {logging_mixin.py:151} INFO - Train Delays ETL DAG has been defined.
[2025-05-31T17:49:33.986+0000] {processor.py:839} INFO - DAG(s) dict_keys(['train_delays_dag']) retrieved from /opt/airflow/dags/train_delays_dag.py
[2025-05-31T17:49:34.046+0000] {logging_mixin.py:151} INFO - [2025-05-31T17:49:34.046+0000] {dag.py:2915} INFO - Sync 1 DAGs
[2025-05-31T17:49:34.073+0000] {logging_mixin.py:151} INFO - [2025-05-31T17:49:34.073+0000] {dag.py:3696} INFO - Setting next_dagrun for train_delays_dag to 2025-05-25T00:00:00+00:00, run_after=2025-06-01T00:00:00+00:00
[2025-05-31T17:49:34.091+0000] {processor.py:179} INFO - Processing /opt/airflow/dags/train_delays_dag.py took 0.926 seconds
[2025-05-31T18:35:40.771+0000] {processor.py:157} INFO - Started process (PID=29799) to work on /opt/airflow/dags/train_delays_dag.py
[2025-05-31T18:35:40.773+0000] {processor.py:829} INFO - Processing file /opt/airflow/dags/train_delays_dag.py for tasks to queue
[2025-05-31T18:35:40.774+0000] {logging_mixin.py:151} INFO - [2025-05-31T18:35:40.773+0000] {dagbag.py:539} INFO - Filling up the DagBag from /opt/airflow/dags/train_delays_dag.py
[2025-05-31T18:35:41.037+0000] {logging_mixin.py:151} INFO - Train Delays ETL DAG has been defined.
[2025-05-31T18:35:41.041+0000] {processor.py:839} INFO - DAG(s) dict_keys(['train_delays_dag']) retrieved from /opt/airflow/dags/train_delays_dag.py
[2025-05-31T18:35:41.069+0000] {logging_mixin.py:151} INFO - [2025-05-31T18:35:41.069+0000] {dag.py:2915} INFO - Sync 1 DAGs
[2025-05-31T18:35:41.087+0000] {logging_mixin.py:151} INFO - [2025-05-31T18:35:41.087+0000] {dag.py:3696} INFO - Setting next_dagrun for train_delays_dag to 2025-05-25T00:00:00+00:00, run_after=2025-06-01T00:00:00+00:00
[2025-05-31T18:35:41.099+0000] {processor.py:179} INFO - Processing /opt/airflow/dags/train_delays_dag.py took 0.333 seconds
[2025-05-31T18:52:29.867+0000] {processor.py:157} INFO - Started process (PID=29818) to work on /opt/airflow/dags/train_delays_dag.py
[2025-05-31T18:52:29.868+0000] {processor.py:829} INFO - Processing file /opt/airflow/dags/train_delays_dag.py for tasks to queue
[2025-05-31T18:52:29.869+0000] {logging_mixin.py:151} INFO - [2025-05-31T18:52:29.869+0000] {dagbag.py:539} INFO - Filling up the DagBag from /opt/airflow/dags/train_delays_dag.py
[2025-05-31T18:52:30.069+0000] {logging_mixin.py:151} INFO - Train Delays ETL DAG has been defined.
[2025-05-31T18:52:30.072+0000] {processor.py:839} INFO - DAG(s) dict_keys(['train_delays_dag']) retrieved from /opt/airflow/dags/train_delays_dag.py
[2025-05-31T18:52:30.096+0000] {logging_mixin.py:151} INFO - [2025-05-31T18:52:30.095+0000] {dag.py:2915} INFO - Sync 1 DAGs
[2025-05-31T18:52:30.126+0000] {logging_mixin.py:151} INFO - [2025-05-31T18:52:30.126+0000] {dag.py:3696} INFO - Setting next_dagrun for train_delays_dag to 2025-05-25T00:00:00+00:00, run_after=2025-06-01T00:00:00+00:00
[2025-05-31T18:52:30.157+0000] {processor.py:179} INFO - Processing /opt/airflow/dags/train_delays_dag.py took 0.295 seconds
[2025-05-31T19:49:38.395+0000] {processor.py:157} INFO - Started process (PID=29838) to work on /opt/airflow/dags/train_delays_dag.py
[2025-05-31T19:49:38.397+0000] {processor.py:829} INFO - Processing file /opt/airflow/dags/train_delays_dag.py for tasks to queue
[2025-05-31T19:49:38.398+0000] {logging_mixin.py:151} INFO - [2025-05-31T19:49:38.398+0000] {dagbag.py:539} INFO - Filling up the DagBag from /opt/airflow/dags/train_delays_dag.py
[2025-05-31T19:49:38.743+0000] {logging_mixin.py:151} INFO - Train Delays ETL DAG has been defined.
[2025-05-31T19:49:38.749+0000] {processor.py:839} INFO - DAG(s) dict_keys(['train_delays_dag']) retrieved from /opt/airflow/dags/train_delays_dag.py
[2025-05-31T19:49:38.778+0000] {logging_mixin.py:151} INFO - [2025-05-31T19:49:38.777+0000] {dag.py:2915} INFO - Sync 1 DAGs
[2025-05-31T19:49:38.800+0000] {logging_mixin.py:151} INFO - [2025-05-31T19:49:38.800+0000] {dag.py:3696} INFO - Setting next_dagrun for train_delays_dag to 2025-05-25T00:00:00+00:00, run_after=2025-06-01T00:00:00+00:00
[2025-05-31T19:49:38.815+0000] {processor.py:179} INFO - Processing /opt/airflow/dags/train_delays_dag.py took 0.429 seconds
[2025-05-31T20:02:18.765+0000] {processor.py:157} INFO - Started process (PID=29856) to work on /opt/airflow/dags/train_delays_dag.py
[2025-05-31T20:02:18.768+0000] {processor.py:829} INFO - Processing file /opt/airflow/dags/train_delays_dag.py for tasks to queue
[2025-05-31T20:02:18.769+0000] {logging_mixin.py:151} INFO - [2025-05-31T20:02:18.769+0000] {dagbag.py:539} INFO - Filling up the DagBag from /opt/airflow/dags/train_delays_dag.py
[2025-05-31T20:02:19.182+0000] {logging_mixin.py:151} INFO - Train Delays ETL DAG has been defined.
[2025-05-31T20:02:19.190+0000] {processor.py:839} INFO - DAG(s) dict_keys(['train_delays_dag']) retrieved from /opt/airflow/dags/train_delays_dag.py
[2025-05-31T20:02:19.226+0000] {logging_mixin.py:151} INFO - [2025-05-31T20:02:19.226+0000] {dag.py:2915} INFO - Sync 1 DAGs
[2025-05-31T20:02:19.268+0000] {logging_mixin.py:151} INFO - [2025-05-31T20:02:19.268+0000] {dag.py:3696} INFO - Setting next_dagrun for train_delays_dag to 2025-05-25T00:00:00+00:00, run_after=2025-06-01T00:00:00+00:00
[2025-05-31T20:02:19.290+0000] {processor.py:179} INFO - Processing /opt/airflow/dags/train_delays_dag.py took 0.529 seconds
[2025-05-31T20:51:49.696+0000] {processor.py:157} INFO - Started process (PID=29874) to work on /opt/airflow/dags/train_delays_dag.py
[2025-05-31T20:51:49.698+0000] {processor.py:829} INFO - Processing file /opt/airflow/dags/train_delays_dag.py for tasks to queue
[2025-05-31T20:51:49.699+0000] {logging_mixin.py:151} INFO - [2025-05-31T20:51:49.699+0000] {dagbag.py:539} INFO - Filling up the DagBag from /opt/airflow/dags/train_delays_dag.py
[2025-05-31T20:51:49.926+0000] {logging_mixin.py:151} INFO - Train Delays ETL DAG has been defined.
[2025-05-31T20:51:49.930+0000] {processor.py:839} INFO - DAG(s) dict_keys(['train_delays_dag']) retrieved from /opt/airflow/dags/train_delays_dag.py
[2025-05-31T20:51:49.957+0000] {logging_mixin.py:151} INFO - [2025-05-31T20:51:49.957+0000] {dag.py:2915} INFO - Sync 1 DAGs
[2025-05-31T20:51:49.977+0000] {logging_mixin.py:151} INFO - [2025-05-31T20:51:49.977+0000] {dag.py:3696} INFO - Setting next_dagrun for train_delays_dag to 2025-05-25T00:00:00+00:00, run_after=2025-06-01T00:00:00+00:00
[2025-05-31T20:51:49.990+0000] {processor.py:179} INFO - Processing /opt/airflow/dags/train_delays_dag.py took 0.298 seconds
[2025-05-31T21:20:10.419+0000] {processor.py:157} INFO - Started process (PID=29893) to work on /opt/airflow/dags/train_delays_dag.py
[2025-05-31T21:20:10.420+0000] {processor.py:829} INFO - Processing file /opt/airflow/dags/train_delays_dag.py for tasks to queue
[2025-05-31T21:20:10.421+0000] {logging_mixin.py:151} INFO - [2025-05-31T21:20:10.421+0000] {dagbag.py:539} INFO - Filling up the DagBag from /opt/airflow/dags/train_delays_dag.py
[2025-05-31T21:20:10.703+0000] {logging_mixin.py:151} INFO - Train Delays ETL DAG has been defined.
[2025-05-31T21:20:10.707+0000] {processor.py:839} INFO - DAG(s) dict_keys(['train_delays_dag']) retrieved from /opt/airflow/dags/train_delays_dag.py
[2025-05-31T21:20:10.739+0000] {logging_mixin.py:151} INFO - [2025-05-31T21:20:10.739+0000] {dag.py:2915} INFO - Sync 1 DAGs
[2025-05-31T21:20:10.756+0000] {logging_mixin.py:151} INFO - [2025-05-31T21:20:10.756+0000] {dag.py:3696} INFO - Setting next_dagrun for train_delays_dag to 2025-05-25T00:00:00+00:00, run_after=2025-06-01T00:00:00+00:00
[2025-05-31T21:20:10.771+0000] {processor.py:179} INFO - Processing /opt/airflow/dags/train_delays_dag.py took 0.357 seconds
[2025-05-31T22:04:20.907+0000] {processor.py:157} INFO - Started process (PID=29912) to work on /opt/airflow/dags/train_delays_dag.py
[2025-05-31T22:04:20.908+0000] {processor.py:829} INFO - Processing file /opt/airflow/dags/train_delays_dag.py for tasks to queue
[2025-05-31T22:04:20.909+0000] {logging_mixin.py:151} INFO - [2025-05-31T22:04:20.909+0000] {dagbag.py:539} INFO - Filling up the DagBag from /opt/airflow/dags/train_delays_dag.py
[2025-05-31T22:04:21.165+0000] {logging_mixin.py:151} INFO - Train Delays ETL DAG has been defined.
[2025-05-31T22:04:21.173+0000] {processor.py:839} INFO - DAG(s) dict_keys(['train_delays_dag']) retrieved from /opt/airflow/dags/train_delays_dag.py
[2025-05-31T22:04:21.197+0000] {logging_mixin.py:151} INFO - [2025-05-31T22:04:21.197+0000] {dag.py:2915} INFO - Sync 1 DAGs
[2025-05-31T22:04:21.217+0000] {logging_mixin.py:151} INFO - [2025-05-31T22:04:21.217+0000] {dag.py:3696} INFO - Setting next_dagrun for train_delays_dag to 2025-05-25T00:00:00+00:00, run_after=2025-06-01T00:00:00+00:00
[2025-05-31T22:04:21.231+0000] {processor.py:179} INFO - Processing /opt/airflow/dags/train_delays_dag.py took 0.333 seconds
[2025-05-31T22:21:26.067+0000] {processor.py:157} INFO - Started process (PID=29930) to work on /opt/airflow/dags/train_delays_dag.py
[2025-05-31T22:21:26.068+0000] {processor.py:829} INFO - Processing file /opt/airflow/dags/train_delays_dag.py for tasks to queue
[2025-05-31T22:21:26.069+0000] {logging_mixin.py:151} INFO - [2025-05-31T22:21:26.069+0000] {dagbag.py:539} INFO - Filling up the DagBag from /opt/airflow/dags/train_delays_dag.py
[2025-05-31T22:21:26.513+0000] {logging_mixin.py:151} INFO - Train Delays ETL DAG has been defined.
[2025-05-31T22:21:26.516+0000] {processor.py:839} INFO - DAG(s) dict_keys(['train_delays_dag']) retrieved from /opt/airflow/dags/train_delays_dag.py
[2025-05-31T22:21:26.540+0000] {logging_mixin.py:151} INFO - [2025-05-31T22:21:26.540+0000] {dag.py:2915} INFO - Sync 1 DAGs
[2025-05-31T22:21:26.559+0000] {logging_mixin.py:151} INFO - [2025-05-31T22:21:26.559+0000] {dag.py:3696} INFO - Setting next_dagrun for train_delays_dag to 2025-05-25T00:00:00+00:00, run_after=2025-06-01T00:00:00+00:00
[2025-05-31T22:21:26.574+0000] {processor.py:179} INFO - Processing /opt/airflow/dags/train_delays_dag.py took 0.513 seconds
[2025-05-31T23:05:20.374+0000] {processor.py:157} INFO - Started process (PID=29948) to work on /opt/airflow/dags/train_delays_dag.py
[2025-05-31T23:05:20.376+0000] {processor.py:829} INFO - Processing file /opt/airflow/dags/train_delays_dag.py for tasks to queue
[2025-05-31T23:05:20.378+0000] {logging_mixin.py:151} INFO - [2025-05-31T23:05:20.377+0000] {dagbag.py:539} INFO - Filling up the DagBag from /opt/airflow/dags/train_delays_dag.py
[2025-05-31T23:05:20.650+0000] {logging_mixin.py:151} INFO - Train Delays ETL DAG has been defined.
[2025-05-31T23:05:20.657+0000] {processor.py:839} INFO - DAG(s) dict_keys(['train_delays_dag']) retrieved from /opt/airflow/dags/train_delays_dag.py
[2025-05-31T23:05:20.685+0000] {logging_mixin.py:151} INFO - [2025-05-31T23:05:20.685+0000] {dag.py:2915} INFO - Sync 1 DAGs
[2025-05-31T23:05:20.703+0000] {logging_mixin.py:151} INFO - [2025-05-31T23:05:20.703+0000] {dag.py:3696} INFO - Setting next_dagrun for train_delays_dag to 2025-05-25T00:00:00+00:00, run_after=2025-06-01T00:00:00+00:00
[2025-05-31T23:05:20.715+0000] {processor.py:179} INFO - Processing /opt/airflow/dags/train_delays_dag.py took 0.351 seconds
[2025-05-31T23:22:42.039+0000] {processor.py:157} INFO - Started process (PID=29966) to work on /opt/airflow/dags/train_delays_dag.py
[2025-05-31T23:22:42.040+0000] {processor.py:829} INFO - Processing file /opt/airflow/dags/train_delays_dag.py for tasks to queue
[2025-05-31T23:22:42.041+0000] {logging_mixin.py:151} INFO - [2025-05-31T23:22:42.041+0000] {dagbag.py:539} INFO - Filling up the DagBag from /opt/airflow/dags/train_delays_dag.py
[2025-05-31T23:22:42.237+0000] {logging_mixin.py:151} INFO - Train Delays ETL DAG has been defined.
[2025-05-31T23:22:42.240+0000] {processor.py:839} INFO - DAG(s) dict_keys(['train_delays_dag']) retrieved from /opt/airflow/dags/train_delays_dag.py
[2025-05-31T23:22:42.258+0000] {logging_mixin.py:151} INFO - [2025-05-31T23:22:42.257+0000] {dag.py:2915} INFO - Sync 1 DAGs
[2025-05-31T23:22:42.274+0000] {logging_mixin.py:151} INFO - [2025-05-31T23:22:42.274+0000] {dag.py:3696} INFO - Setting next_dagrun for train_delays_dag to 2025-05-25T00:00:00+00:00, run_after=2025-06-01T00:00:00+00:00
[2025-05-31T23:22:42.285+0000] {processor.py:179} INFO - Processing /opt/airflow/dags/train_delays_dag.py took 0.258 seconds
